This is pdfTeX, Version 3.141592653-2.6-1.40.25 (TeX Live 2023) (preloaded format=pdflatex 2023.6.24)  4 OCT 2023 11:47
entering extended mode
 restricted \write18 enabled.
 file:line:error style messages enabled.
 %&-line parsing enabled.
**Rudin.tex
(./Rudin.tex
LaTeX2e <2022-11-01> patch level 1
L3 programming layer <2023-02-22> (/usr/local/texlive/2023/texmf-dist/tex/latex/base/report.cls
Document Class: report 2022/07/02 v1.4n Standard LaTeX document class
(/usr/local/texlive/2023/texmf-dist/tex/latex/base/size10.clo
File: size10.clo 2022/07/02 v1.4n Standard LaTeX file (size option)
)
\c@part=\count185
\c@chapter=\count186
\c@section=\count187
\c@subsection=\count188
\c@subsubsection=\count189
\c@paragraph=\count190
\c@subparagraph=\count191
\c@figure=\count192
\c@table=\count193
\abovecaptionskip=\skip48
\belowcaptionskip=\skip49
\bibindent=\dimen140
) (./preamble.tex (/usr/local/texlive/2023/texmf-dist/tex/latex/base/fontenc.sty
Package: fontenc 2021/04/29 v2.0v Standard LaTeX package
) (/usr/local/texlive/2023/texmf-dist/tex/latex/etoolbox/etoolbox.sty
Package: etoolbox 2020/10/05 v2.5k e-TeX tools for LaTeX (JAW)
\etb@tempcnta=\count194
) (/usr/local/texlive/2023/texmf-dist/tex/latex/pdfpages/pdfpages.sty
Package: pdfpages 2022/12/19 v0.5x Insert pages of external PDF documents (AM)
 (/usr/local/texlive/2023/texmf-dist/tex/latex/base/ifthen.sty
Package: ifthen 2022/04/13 v1.1d Standard LaTeX ifthen package (DPC)
) (/usr/local/texlive/2023/texmf-dist/tex/latex/tools/calc.sty
Package: calc 2017/05/25 v4.3 Infix arithmetic (KKT,FJ)
\calc@Acount=\count195
\calc@Bcount=\count196
\calc@Adimen=\dimen141
\calc@Bdimen=\dimen142
\calc@Askip=\skip50
\calc@Bskip=\skip51
LaTeX Info: Redefining \setlength on input line 80.
LaTeX Info: Redefining \addtolength on input line 81.
\calc@Ccount=\count197
\calc@Cskip=\skip52
) (/usr/local/texlive/2023/texmf-dist/tex/latex/eso-pic/eso-pic.sty
Package: eso-pic 2020/10/14 v3.0a eso-pic (RN)
\ESO@tempdima=\dimen143
\ESO@tempdimb=\dimen144
 (/usr/local/texlive/2023/texmf-dist/tex/latex/graphics/keyval.sty
Package: keyval 2022/05/29 v1.15 key=value parser (DPC)
\KV@toks@=\toks16
) (/usr/local/texlive/2023/texmf-dist/tex/latex/xcolor/xcolor.sty
Package: xcolor 2022/06/12 v2.14 LaTeX color extensions (UK)
 (/usr/local/texlive/2023/texmf-dist/tex/latex/graphics-cfg/color.cfg
File: color.cfg 2016/01/02 v1.6 sample color configuration
)
Package xcolor Info: Driver file: pdftex.def on input line 227.
 (/usr/local/texlive/2023/texmf-dist/tex/latex/graphics-def/pdftex.def
File: pdftex.def 2022/09/22 v1.2b Graphics/color driver for pdftex
) (/usr/local/texlive/2023/texmf-dist/tex/latex/graphics/mathcolor.ltx)
Package xcolor Info: Model `cmy' substituted by `cmy0' on input line 1353.
Package xcolor Info: Model `hsb' substituted by `rgb' on input line 1357.
Package xcolor Info: Model `RGB' extended on input line 1369.
Package xcolor Info: Model `HTML' substituted by `rgb' on input line 1371.
Package xcolor Info: Model `Hsb' substituted by `hsb' on input line 1372.
Package xcolor Info: Model `tHsb' substituted by `hsb' on input line 1373.
Package xcolor Info: Model `HSB' substituted by `hsb' on input line 1374.
Package xcolor Info: Model `Gray' substituted by `gray' on input line 1375.
Package xcolor Info: Model `wave' substituted by `hsb' on input line 1376.
)) (/usr/local/texlive/2023/texmf-dist/tex/latex/graphics/graphicx.sty
Package: graphicx 2021/09/16 v1.2d Enhanced LaTeX Graphics (DPC,SPQR)
 (/usr/local/texlive/2023/texmf-dist/tex/latex/graphics/graphics.sty
Package: graphics 2022/03/10 v1.4e Standard LaTeX Graphics (DPC,SPQR)
 (/usr/local/texlive/2023/texmf-dist/tex/latex/graphics/trig.sty
Package: trig 2021/08/11 v1.11 sin cos tan (DPC)
) (/usr/local/texlive/2023/texmf-dist/tex/latex/graphics-cfg/graphics.cfg
File: graphics.cfg 2016/06/04 v1.11 sample graphics configuration
)
Package graphics Info: Driver file: pdftex.def on input line 107.
)
\Gin@req@height=\dimen145
\Gin@req@width=\dimen146
)
\AM@pagewidth=\dimen147
\AM@pageheight=\dimen148
\AM@fboxrule=\dimen149
 (/usr/local/texlive/2023/texmf-dist/tex/latex/pdfpages/pppdftex.def
File: pppdftex.def 2022/12/19 v0.5x Pdfpages driver for pdfTeX (AM)
)
\pdfpages@includegraphics@status=\count198
\AM@pagebox=\box51
\AM@global@opts=\toks17
\AM@pagecnt=\count199
\AM@toc@title=\toks18
\AM@lof@heading=\toks19
\c@AM@survey=\count266
\AM@templatesizebox=\box52
) (/usr/local/texlive/2023/texmf-dist/tex/latex/transparent/transparent.sty
Package: transparent 2022-10-27 v1.5 Transparency with color stacks
 (/usr/local/texlive/2023/texmf-dist/tex/latex/transparent/transparent-nometadata.sty
Package: transparent-nometadata 2022-10-27 v1.5 Transparency via pdfTeX's color stack (HO)
 (/usr/local/texlive/2023/texmf-dist/tex/generic/iftex/iftex.sty
Package: iftex 2022/02/03 v1.0f TeX engine tests
) (/usr/local/texlive/2023/texmf-dist/tex/latex/auxhook/auxhook.sty
Package: auxhook 2019-12-17 v1.6 Hooks for auxiliary files (HO)
))) (/usr/local/texlive/2023/texmf-dist/tex/latex/base/inputenc.sty
Package: inputenc 2021/02/14 v1.3d Input encoding file
\inpenc@prehook=\toks20
\inpenc@posthook=\toks21
) (/usr/local/texlive/2023/texmf-dist/tex/generic/babel/babel.sty
Package: babel 2023/02/13 3.86 The Babel package
\babel@savecnt=\count267
\U@D=\dimen150
\l@unhyphenated=\language87
 (/usr/local/texlive/2023/texmf-dist/tex/generic/babel/txtbabel.def)
\bbl@readstream=\read2
\bbl@dirlevel=\count268
 (/usr/local/texlive/2023/texmf-dist/tex/generic/babel-english/english.ldf
Language: english 2017/06/06 v3.3r English support from the babel system
Package babel Info: Hyphen rules for 'canadian' set to \l@english
(babel)             (\language0). Reported on input line 102.
Package babel Info: Hyphen rules for 'australian' set to \l@ukenglish
(babel)             (\language21). Reported on input line 105.
Package babel Info: Hyphen rules for 'newzealand' set to \l@ukenglish
(babel)             (\language21). Reported on input line 108.
)) (/usr/local/texlive/2023/texmf-dist/tex/generic/babel/locale/en/babel-english.tex
Package babel Info: Importing font and identification data for english
(babel)             from babel-en.ini. Reported on input line 11.
) (/usr/local/texlive/2023/texmf-dist/tex/latex/geometry/geometry.sty
Package: geometry 2020/01/02 v5.9 Page Geometry
 (/usr/local/texlive/2023/texmf-dist/tex/generic/iftex/ifvtex.sty
Package: ifvtex 2019/10/25 v1.7 ifvtex legacy package. Use iftex instead.
)
\Gm@cnth=\count269
\Gm@cntv=\count270
\c@Gm@tempcnt=\count271
\Gm@bindingoffset=\dimen151
\Gm@wd@mp=\dimen152
\Gm@odd@mp=\dimen153
\Gm@even@mp=\dimen154
\Gm@layoutwidth=\dimen155
\Gm@layoutheight=\dimen156
\Gm@layouthoffset=\dimen157
\Gm@layoutvoffset=\dimen158
\Gm@dimlist=\toks22
)
(/usr/local/texlive/2023/texmf-dist/tex/latex/adjustbox/adjustbox.sty
Package: adjustbox 2022/10/17 v1.3a Adjusting TeX boxes (trim, clip, ...)
 (/usr/local/texlive/2023/texmf-dist/tex/latex/xkeyval/xkeyval.sty
Package: xkeyval 2022/06/16 v2.9 package option processing (HA)
 (/usr/local/texlive/2023/texmf-dist/tex/generic/xkeyval/xkeyval.tex (/usr/local/texlive/2023/texmf-dist/tex/generic/xkeyval/xkvutils.tex
\XKV@toks=\toks23
\XKV@tempa@toks=\toks24
)
\XKV@depth=\count272
File: xkeyval.tex 2014/12/03 v2.7a key=value parser (HA)
)) (/usr/local/texlive/2023/texmf-dist/tex/latex/adjustbox/adjcalc.sty
Package: adjcalc 2012/05/16 v1.1 Provides advanced setlength with multiple back-ends (calc, etex, pgfmath)
) (/usr/local/texlive/2023/texmf-dist/tex/latex/adjustbox/trimclip.sty
Package: trimclip 2020/08/19 v1.2 Trim and clip general TeX material
 (/usr/local/texlive/2023/texmf-dist/tex/latex/collectbox/collectbox.sty
Package: collectbox 2022/10/17 v0.4c Collect macro arguments as boxes
\collectedbox=\box53
)
\tc@llx=\dimen159
\tc@lly=\dimen160
\tc@urx=\dimen161
\tc@ury=\dimen162
Package trimclip Info: Using driver 'tc-pdftex.def'.
 (/usr/local/texlive/2023/texmf-dist/tex/latex/adjustbox/tc-pdftex.def
File: tc-pdftex.def 2019/01/04 v2.2 Clipping driver for pdftex
))
\adjbox@Width=\dimen163
\adjbox@Height=\dimen164
\adjbox@Depth=\dimen165
\adjbox@Totalheight=\dimen166
\adjbox@pwidth=\dimen167
\adjbox@pheight=\dimen168
\adjbox@pdepth=\dimen169
\adjbox@ptotalheight=\dimen170
 (/usr/local/texlive/2023/texmf-dist/tex/latex/ifoddpage/ifoddpage.sty
Package: ifoddpage 2022/10/18 v1.2 Conditionals for odd/even page detection
\c@checkoddpage=\count273
) (/usr/local/texlive/2023/texmf-dist/tex/latex/varwidth/varwidth.sty
Package: varwidth 2009/03/30 ver 0.92;  Variable-width minipages
\@vwid@box=\box54
\sift@deathcycles=\count274
\@vwid@loff=\dimen171
\@vwid@roff=\dimen172
)) (/usr/local/texlive/2023/texmf-dist/tex/latex/amsmath/amsmath.sty
Package: amsmath 2022/04/08 v2.17n AMS math features
\@mathmargin=\skip53

For additional information on amsmath, use the `?' option.
(/usr/local/texlive/2023/texmf-dist/tex/latex/amsmath/amstext.sty
Package: amstext 2021/08/26 v2.01 AMS text
 (/usr/local/texlive/2023/texmf-dist/tex/latex/amsmath/amsgen.sty
File: amsgen.sty 1999/11/30 v2.0 generic functions
\@emptytoks=\toks25
\ex@=\dimen173
)) (/usr/local/texlive/2023/texmf-dist/tex/latex/amsmath/amsbsy.sty
Package: amsbsy 1999/11/29 v1.2d Bold Symbols
\pmbraise@=\dimen174
) (/usr/local/texlive/2023/texmf-dist/tex/latex/amsmath/amsopn.sty
Package: amsopn 2022/04/08 v2.04 operator names
)
\inf@bad=\count275
LaTeX Info: Redefining \frac on input line 234.
\uproot@=\count276
\leftroot@=\count277
LaTeX Info: Redefining \overline on input line 399.
LaTeX Info: Redefining \colon on input line 410.
\classnum@=\count278
\DOTSCASE@=\count279
LaTeX Info: Redefining \ldots on input line 496.
LaTeX Info: Redefining \dots on input line 499.
LaTeX Info: Redefining \cdots on input line 620.
\Mathstrutbox@=\box55
\strutbox@=\box56
LaTeX Info: Redefining \big on input line 722.
LaTeX Info: Redefining \Big on input line 723.
LaTeX Info: Redefining \bigg on input line 724.
LaTeX Info: Redefining \Bigg on input line 725.
\big@size=\dimen175
LaTeX Font Info:    Redeclaring font encoding OML on input line 743.
LaTeX Font Info:    Redeclaring font encoding OMS on input line 744.
\macc@depth=\count280
LaTeX Info: Redefining \bmod on input line 905.
LaTeX Info: Redefining \pmod on input line 910.
LaTeX Info: Redefining \smash on input line 940.
LaTeX Info: Redefining \relbar on input line 970.
LaTeX Info: Redefining \Relbar on input line 971.
\c@MaxMatrixCols=\count281
\dotsspace@=\muskip16
\c@parentequation=\count282
\dspbrk@lvl=\count283
\tag@help=\toks26
\row@=\count284
\column@=\count285
\maxfields@=\count286
\andhelp@=\toks27
\eqnshift@=\dimen176
\alignsep@=\dimen177
\tagshift@=\dimen178
\tagwidth@=\dimen179
\totwidth@=\dimen180
\lineht@=\dimen181
\@envbody=\toks28
\multlinegap=\skip54
\multlinetaggap=\skip55
\mathdisplay@stack=\toks29
LaTeX Info: Redefining \[ on input line 2953.
LaTeX Info: Redefining \] on input line 2954.
) (/usr/local/texlive/2023/texmf-dist/tex/latex/amsfonts/amsfonts.sty
Package: amsfonts 2013/01/14 v3.01 Basic AMSFonts support
\symAMSa=\mathgroup4
\symAMSb=\mathgroup5
LaTeX Font Info:    Redeclaring math symbol \hbar on input line 98.
LaTeX Font Info:    Overwriting math alphabet `\mathfrak' in version `bold'
(Font)                  U/euf/m/n --> U/euf/b/n on input line 106.
) (/usr/local/texlive/2023/texmf-dist/tex/latex/amscls/amsthm.sty
Package: amsthm 2020/05/29 v2.20.6
\thm@style=\toks30
\thm@bodyfont=\toks31
\thm@headfont=\toks32
\thm@notefont=\toks33
\thm@headpunct=\toks34
\thm@preskip=\skip56
\thm@postskip=\skip57
\thm@headsep=\skip58
\dth@everypar=\toks35
) (/usr/local/texlive/2023/texmf-dist/tex/latex/amsfonts/amssymb.sty
Package: amssymb 2013/01/14 v3.01 AMS font symbols
) (/usr/local/texlive/2023/texmf-dist/tex/latex/mathtools/mathtools.sty
Package: mathtools 2022/06/29 v1.29 mathematical typesetting tools
 (/usr/local/texlive/2023/texmf-dist/tex/latex/mathtools/mhsetup.sty
Package: mhsetup 2021/03/18 v1.4 programming setup (MH)
)
\g_MT_multlinerow_int=\count287
\l_MT_multwidth_dim=\dimen182
\origjot=\skip59
\l_MT_shortvdotswithinadjustabove_dim=\dimen183
\l_MT_shortvdotswithinadjustbelow_dim=\dimen184
\l_MT_above_intertext_sep=\dimen185
\l_MT_below_intertext_sep=\dimen186
\l_MT_above_shortintertext_sep=\dimen187
\l_MT_below_shortintertext_sep=\dimen188
\xmathstrut@box=\box57
\xmathstrut@dim=\dimen189
) (/usr/local/texlive/2023/texmf-dist/tex/latex/l3packages/xfrac/xfrac.sty (/usr/local/texlive/2023/texmf-dist/tex/latex/l3kernel/expl3.sty
Package: expl3 2023-02-22 L3 programming layer (loader) 
 (/usr/local/texlive/2023/texmf-dist/tex/latex/l3backend/l3backend-pdftex.def
File: l3backend-pdftex.def 2023-01-16 L3 backend support: PDF output (pdfTeX)
\l__color_backend_stack_int=\count288
\l__pdf_internal_box=\box58
)) (/usr/local/texlive/2023/texmf-dist/tex/latex/l3packages/l3keys2e/l3keys2e.sty
Package: l3keys2e 2023-02-02 LaTeX2e option processing using LaTeX3 keys
) (/usr/local/texlive/2023/texmf-dist/tex/latex/base/textcomp.sty
Package: textcomp 2020/02/02 v2.0n Standard LaTeX package
) (/usr/local/texlive/2023/texmf-dist/tex/latex/l3packages/xparse/xparse.sty
Package: xparse 2023-02-02 L3 Experimental document command parser
) (/usr/local/texlive/2023/texmf-dist/tex/latex/l3packages/xtemplate/xtemplate.sty
Package: xtemplate 2023-02-02 L3 Experimental prototype document functions
\l__xtemplate_tmp_dim=\dimen190
\l__xtemplate_tmp_int=\count289
\l__xtemplate_tmp_muskip=\muskip17
\l__xtemplate_tmp_skip=\skip60
)
Package: xfrac 2023-02-02 L3 Experimental split-level fractions
\l__xfrac_slash_box=\box59
\l__xfrac_tmp_box=\box60
\l__xfrac_denominator_bot_sep_dim=\dimen191
\l__xfrac_numerator_bot_sep_dim=\dimen192
\l__xfrac_numerator_top_sep_dim=\dimen193
\l__xfrac_slash_left_sep_dim=\dimen194
\l__xfrac_slash_right_sep_dim=\dimen195
\l__xfrac_slash_left_muskip=\muskip18
\l__xfrac_slash_right_muskip=\muskip19

Package xtemplate Info: Declaring object type 'xfrac' taking 3 argument(s) on
(xtemplate)             line 80.

) (/usr/local/texlive/2023/texmf-dist/tex/latex/cancel/cancel.sty
Package: cancel 2013/04/12 v2.2 Cancel math terms
) (/usr/local/texlive/2023/texmf-dist/tex/latex/enumitem/enumitem.sty
Package: enumitem 2019/06/20 v3.9 Customized lists
\labelindent=\skip61
\enit@outerparindent=\dimen196
\enit@toks=\toks36
\enit@inbox=\box61
\enit@count@id=\count290
\enitdp@description=\count291
) (/usr/local/texlive/2023/texmf-dist/tex/latex/hyperref/nameref.sty
Package: nameref 2022-05-17 v2.50 Cross-referencing by name of section
 (/usr/local/texlive/2023/texmf-dist/tex/latex/refcount/refcount.sty
Package: refcount 2019/12/15 v3.6 Data extraction from label references (HO)
 (/usr/local/texlive/2023/texmf-dist/tex/generic/ltxcmds/ltxcmds.sty
Package: ltxcmds 2020-05-10 v1.25 LaTeX kernel commands for general use (HO)
) (/usr/local/texlive/2023/texmf-dist/tex/generic/infwarerr/infwarerr.sty
Package: infwarerr 2019/12/03 v1.5 Providing info/warning/error messages (HO)
)) (/usr/local/texlive/2023/texmf-dist/tex/generic/gettitlestring/gettitlestring.sty
Package: gettitlestring 2019/12/15 v1.6 Cleanup title references (HO)
 (/usr/local/texlive/2023/texmf-dist/tex/latex/kvoptions/kvoptions.sty
Package: kvoptions 2022-06-15 v3.15 Key value format for package options (HO)
 (/usr/local/texlive/2023/texmf-dist/tex/latex/kvsetkeys/kvsetkeys.sty
Package: kvsetkeys 2022-10-05 v1.19 Key value parser (HO)
)))
\c@section@level=\count292
) (/usr/local/texlive/2023/texmf-dist/tex/latex/tools/multicol.sty
Package: multicol 2021/11/30 v1.9d multicolumn formatting (FMi)
\c@tracingmulticols=\count293
\mult@box=\box62
\multicol@leftmargin=\dimen197
\c@unbalance=\count294
\c@collectmore=\count295
\doublecol@number=\count296
\multicoltolerance=\count297
\multicolpretolerance=\count298
\full@width=\dimen198
\page@free=\dimen199
\premulticols=\dimen256
\postmulticols=\dimen257
\multicolsep=\skip62
\multicolbaselineskip=\skip63
\partial@page=\box63
\last@line=\box64
\maxbalancingoverflow=\dimen258
\mult@rightbox=\box65
\mult@grightbox=\box66
\mult@firstbox=\box67
\mult@gfirstbox=\box68
\@tempa=\box69
\@tempa=\box70
\@tempa=\box71
\@tempa=\box72
\@tempa=\box73
\@tempa=\box74
\@tempa=\box75
\@tempa=\box76
\@tempa=\box77
\@tempa=\box78
\@tempa=\box79
\@tempa=\box80
\@tempa=\box81
\@tempa=\box82
\@tempa=\box83
\@tempa=\box84
\@tempa=\box85
\@tempa=\box86
\@tempa=\box87
\@tempa=\box88
\@tempa=\box89
\@tempa=\box90
\@tempa=\box91
\@tempa=\box92
\@tempa=\box93
\@tempa=\box94
\@tempa=\box95
\@tempa=\box96
\@tempa=\box97
\@tempa=\box98
\@tempa=\box99
\@tempa=\box100
\@tempa=\box101
\@tempa=\box102
\@tempa=\box103
\@tempa=\box104
\c@minrows=\count299
\c@columnbadness=\count300
\c@finalcolumnbadness=\count301
\last@try=\dimen259
\multicolovershoot=\dimen260
\multicolundershoot=\dimen261
\mult@nat@firstbox=\box105
\colbreak@box=\box106
\mc@col@check@num=\count302
) (/usr/local/texlive/2023/texmf-dist/tex/latex/tools/array.sty
Package: array 2022/09/04 v2.5g Tabular extension package (FMi)
\col@sep=\dimen262
\ar@mcellbox=\box107
\extrarowheight=\dimen263
\NC@list=\toks37
\extratabsurround=\skip64
\backup@length=\skip65
\ar@cellbox=\box108
) (/usr/local/texlive/2023/texmf-dist/tex/latex/tikz-cd/tikz-cd.sty
Package: tikz-cd 2021/05/04 v1.0 Commutative diagrams with TikZ

(/usr/local/texlive/2023/texmf-dist/tex/latex/pgf/frontendlayer/tikz.sty (/usr/local/texlive/2023/texmf-dist/tex/latex/pgf/basiclayer/pgf.sty (/usr/local/texlive/2023/texmf-dist/tex/latex/pgf/utilities/pgfrcs.sty (/usr/local/texlive/2023/texmf-dist/tex/generic/pgf/utilities/pgfutil-common.tex
\pgfutil@everybye=\toks38
\pgfutil@tempdima=\dimen264
\pgfutil@tempdimb=\dimen265
) (/usr/local/texlive/2023/texmf-dist/tex/generic/pgf/utilities/pgfutil-latex.def
\pgfutil@abb=\box109
) (/usr/local/texlive/2023/texmf-dist/tex/generic/pgf/utilities/pgfrcs.code.tex (/usr/local/texlive/2023/texmf-dist/tex/generic/pgf/pgf.revision.tex)
Package: pgfrcs 2023-01-15 v3.1.10 (3.1.10)
))
Package: pgf 2023-01-15 v3.1.10 (3.1.10)
 (/usr/local/texlive/2023/texmf-dist/tex/latex/pgf/basiclayer/pgfcore.sty (/usr/local/texlive/2023/texmf-dist/tex/latex/pgf/systemlayer/pgfsys.sty (/usr/local/texlive/2023/texmf-dist/tex/generic/pgf/systemlayer/pgfsys.code.tex
Package: pgfsys 2023-01-15 v3.1.10 (3.1.10)
 (/usr/local/texlive/2023/texmf-dist/tex/generic/pgf/utilities/pgfkeys.code.tex
\pgfkeys@pathtoks=\toks39
\pgfkeys@temptoks=\toks40
 (/usr/local/texlive/2023/texmf-dist/tex/generic/pgf/utilities/pgfkeyslibraryfiltered.code.tex
\pgfkeys@tmptoks=\toks41
))
\pgf@x=\dimen266
\pgf@y=\dimen267
\pgf@xa=\dimen268
\pgf@ya=\dimen269
\pgf@xb=\dimen270
\pgf@yb=\dimen271
\pgf@xc=\dimen272
\pgf@yc=\dimen273
\pgf@xd=\dimen274
\pgf@yd=\dimen275
\w@pgf@writea=\write3
\r@pgf@reada=\read3
\c@pgf@counta=\count303
\c@pgf@countb=\count304
\c@pgf@countc=\count305
\c@pgf@countd=\count306
\t@pgf@toka=\toks42
\t@pgf@tokb=\toks43
\t@pgf@tokc=\toks44
\pgf@sys@id@count=\count307
 (/usr/local/texlive/2023/texmf-dist/tex/generic/pgf/systemlayer/pgf.cfg
File: pgf.cfg 2023-01-15 v3.1.10 (3.1.10)
)
Driver file for pgf: pgfsys-pdftex.def
 (/usr/local/texlive/2023/texmf-dist/tex/generic/pgf/systemlayer/pgfsys-pdftex.def
File: pgfsys-pdftex.def 2023-01-15 v3.1.10 (3.1.10)
 (/usr/local/texlive/2023/texmf-dist/tex/generic/pgf/systemlayer/pgfsys-common-pdf.def
File: pgfsys-common-pdf.def 2023-01-15 v3.1.10 (3.1.10)
))) (/usr/local/texlive/2023/texmf-dist/tex/generic/pgf/systemlayer/pgfsyssoftpath.code.tex
File: pgfsyssoftpath.code.tex 2023-01-15 v3.1.10 (3.1.10)
\pgfsyssoftpath@smallbuffer@items=\count308
\pgfsyssoftpath@bigbuffer@items=\count309
) (/usr/local/texlive/2023/texmf-dist/tex/generic/pgf/systemlayer/pgfsysprotocol.code.tex
File: pgfsysprotocol.code.tex 2023-01-15 v3.1.10 (3.1.10)
)) (/usr/local/texlive/2023/texmf-dist/tex/generic/pgf/basiclayer/pgfcore.code.tex
Package: pgfcore 2023-01-15 v3.1.10 (3.1.10)
 (/usr/local/texlive/2023/texmf-dist/tex/generic/pgf/math/pgfmath.code.tex (/usr/local/texlive/2023/texmf-dist/tex/generic/pgf/math/pgfmathutil.code.tex) (/usr/local/texlive/2023/texmf-dist/tex/generic/pgf/math/pgfmathparser.code.tex
\pgfmath@dimen=\dimen276
\pgfmath@count=\count310
\pgfmath@box=\box110
\pgfmath@toks=\toks45
\pgfmath@stack@operand=\toks46
\pgfmath@stack@operation=\toks47
) (/usr/local/texlive/2023/texmf-dist/tex/generic/pgf/math/pgfmathfunctions.code.tex) (/usr/local/texlive/2023/texmf-dist/tex/generic/pgf/math/pgfmathfunctions.basic.code.tex) (/usr/local/texlive/2023/texmf-dist/tex/generic/pgf/math/pgfmathfunctions.trigonometric.code.tex)
(/usr/local/texlive/2023/texmf-dist/tex/generic/pgf/math/pgfmathfunctions.random.code.tex) (/usr/local/texlive/2023/texmf-dist/tex/generic/pgf/math/pgfmathfunctions.comparison.code.tex) (/usr/local/texlive/2023/texmf-dist/tex/generic/pgf/math/pgfmathfunctions.base.code.tex) (/usr/local/texlive/2023/texmf-dist/tex/generic/pgf/math/pgfmathfunctions.round.code.tex) (/usr/local/texlive/2023/texmf-dist/tex/generic/pgf/math/pgfmathfunctions.misc.code.tex) (/usr/local/texlive/2023/texmf-dist/tex/generic/pgf/math/pgfmathfunctions.integerarithmetics.code.tex) (/usr/local/texlive/2023/texmf-dist/tex/generic/pgf/math/pgfmathcalc.code.tex) (/usr/local/texlive/2023/texmf-dist/tex/generic/pgf/math/pgfmathfloat.code.tex
\c@pgfmathroundto@lastzeros=\count311
)) (/usr/local/texlive/2023/texmf-dist/tex/generic/pgf/math/pgfint.code.tex) (/usr/local/texlive/2023/texmf-dist/tex/generic/pgf/basiclayer/pgfcorepoints.code.tex
File: pgfcorepoints.code.tex 2023-01-15 v3.1.10 (3.1.10)
\pgf@picminx=\dimen277
\pgf@picmaxx=\dimen278
\pgf@picminy=\dimen279
\pgf@picmaxy=\dimen280
\pgf@pathminx=\dimen281
\pgf@pathmaxx=\dimen282
\pgf@pathminy=\dimen283
\pgf@pathmaxy=\dimen284
\pgf@xx=\dimen285
\pgf@xy=\dimen286
\pgf@yx=\dimen287
\pgf@yy=\dimen288
\pgf@zx=\dimen289
\pgf@zy=\dimen290
) (/usr/local/texlive/2023/texmf-dist/tex/generic/pgf/basiclayer/pgfcorepathconstruct.code.tex
File: pgfcorepathconstruct.code.tex 2023-01-15 v3.1.10 (3.1.10)
\pgf@path@lastx=\dimen291
\pgf@path@lasty=\dimen292
) (/usr/local/texlive/2023/texmf-dist/tex/generic/pgf/basiclayer/pgfcorepathusage.code.tex
File: pgfcorepathusage.code.tex 2023-01-15 v3.1.10 (3.1.10)
\pgf@shorten@end@additional=\dimen293
\pgf@shorten@start@additional=\dimen294
) (/usr/local/texlive/2023/texmf-dist/tex/generic/pgf/basiclayer/pgfcorescopes.code.tex
File: pgfcorescopes.code.tex 2023-01-15 v3.1.10 (3.1.10)
\pgfpic=\box111
\pgf@hbox=\box112
\pgf@layerbox@main=\box113
\pgf@picture@serial@count=\count312
) (/usr/local/texlive/2023/texmf-dist/tex/generic/pgf/basiclayer/pgfcoregraphicstate.code.tex
File: pgfcoregraphicstate.code.tex 2023-01-15 v3.1.10 (3.1.10)
\pgflinewidth=\dimen295
) (/usr/local/texlive/2023/texmf-dist/tex/generic/pgf/basiclayer/pgfcoretransformations.code.tex
File: pgfcoretransformations.code.tex 2023-01-15 v3.1.10 (3.1.10)
\pgf@pt@x=\dimen296
\pgf@pt@y=\dimen297
\pgf@pt@temp=\dimen298
) (/usr/local/texlive/2023/texmf-dist/tex/generic/pgf/basiclayer/pgfcorequick.code.tex
File: pgfcorequick.code.tex 2023-01-15 v3.1.10 (3.1.10)
) (/usr/local/texlive/2023/texmf-dist/tex/generic/pgf/basiclayer/pgfcoreobjects.code.tex
File: pgfcoreobjects.code.tex 2023-01-15 v3.1.10 (3.1.10)
) (/usr/local/texlive/2023/texmf-dist/tex/generic/pgf/basiclayer/pgfcorepathprocessing.code.tex
File: pgfcorepathprocessing.code.tex 2023-01-15 v3.1.10 (3.1.10)
) (/usr/local/texlive/2023/texmf-dist/tex/generic/pgf/basiclayer/pgfcorearrows.code.tex
File: pgfcorearrows.code.tex 2023-01-15 v3.1.10 (3.1.10)
\pgfarrowsep=\dimen299
) (/usr/local/texlive/2023/texmf-dist/tex/generic/pgf/basiclayer/pgfcoreshade.code.tex
File: pgfcoreshade.code.tex 2023-01-15 v3.1.10 (3.1.10)
\pgf@max=\dimen300
\pgf@sys@shading@range@num=\count313
\pgf@shadingcount=\count314
) (/usr/local/texlive/2023/texmf-dist/tex/generic/pgf/basiclayer/pgfcoreimage.code.tex
File: pgfcoreimage.code.tex 2023-01-15 v3.1.10 (3.1.10)
) (/usr/local/texlive/2023/texmf-dist/tex/generic/pgf/basiclayer/pgfcoreexternal.code.tex
File: pgfcoreexternal.code.tex 2023-01-15 v3.1.10 (3.1.10)
\pgfexternal@startupbox=\box114
)
(/usr/local/texlive/2023/texmf-dist/tex/generic/pgf/basiclayer/pgfcorelayers.code.tex
File: pgfcorelayers.code.tex 2023-01-15 v3.1.10 (3.1.10)
) (/usr/local/texlive/2023/texmf-dist/tex/generic/pgf/basiclayer/pgfcoretransparency.code.tex
File: pgfcoretransparency.code.tex 2023-01-15 v3.1.10 (3.1.10)
) (/usr/local/texlive/2023/texmf-dist/tex/generic/pgf/basiclayer/pgfcorepatterns.code.tex
File: pgfcorepatterns.code.tex 2023-01-15 v3.1.10 (3.1.10)
) (/usr/local/texlive/2023/texmf-dist/tex/generic/pgf/basiclayer/pgfcorerdf.code.tex
File: pgfcorerdf.code.tex 2023-01-15 v3.1.10 (3.1.10)
))) (/usr/local/texlive/2023/texmf-dist/tex/generic/pgf/modules/pgfmoduleshapes.code.tex
File: pgfmoduleshapes.code.tex 2023-01-15 v3.1.10 (3.1.10)
\pgfnodeparttextbox=\box115
) (/usr/local/texlive/2023/texmf-dist/tex/generic/pgf/modules/pgfmoduleplot.code.tex
File: pgfmoduleplot.code.tex 2023-01-15 v3.1.10 (3.1.10)
) (/usr/local/texlive/2023/texmf-dist/tex/latex/pgf/compatibility/pgfcomp-version-0-65.sty
Package: pgfcomp-version-0-65 2023-01-15 v3.1.10 (3.1.10)
\pgf@nodesepstart=\dimen301
\pgf@nodesepend=\dimen302
) (/usr/local/texlive/2023/texmf-dist/tex/latex/pgf/compatibility/pgfcomp-version-1-18.sty
Package: pgfcomp-version-1-18 2023-01-15 v3.1.10 (3.1.10)
)) (/usr/local/texlive/2023/texmf-dist/tex/latex/pgf/utilities/pgffor.sty (/usr/local/texlive/2023/texmf-dist/tex/latex/pgf/utilities/pgfkeys.sty (/usr/local/texlive/2023/texmf-dist/tex/generic/pgf/utilities/pgfkeys.code.tex)) (/usr/local/texlive/2023/texmf-dist/tex/latex/pgf/math/pgfmath.sty (/usr/local/texlive/2023/texmf-dist/tex/generic/pgf/math/pgfmath.code.tex)) (/usr/local/texlive/2023/texmf-dist/tex/generic/pgf/utilities/pgffor.code.tex
Package: pgffor 2023-01-15 v3.1.10 (3.1.10)
\pgffor@iter=\dimen303
\pgffor@skip=\dimen304
\pgffor@stack=\toks48
\pgffor@toks=\toks49
)) (/usr/local/texlive/2023/texmf-dist/tex/generic/pgf/frontendlayer/tikz/tikz.code.tex
Package: tikz 2023-01-15 v3.1.10 (3.1.10)
 (/usr/local/texlive/2023/texmf-dist/tex/generic/pgf/libraries/pgflibraryplothandlers.code.tex
File: pgflibraryplothandlers.code.tex 2023-01-15 v3.1.10 (3.1.10)
\pgf@plot@mark@count=\count315
\pgfplotmarksize=\dimen305
)
\tikz@lastx=\dimen306
\tikz@lasty=\dimen307
\tikz@lastxsaved=\dimen308
\tikz@lastysaved=\dimen309
\tikz@lastmovetox=\dimen310
\tikz@lastmovetoy=\dimen311
\tikzleveldistance=\dimen312
\tikzsiblingdistance=\dimen313
\tikz@figbox=\box116
\tikz@figbox@bg=\box117
\tikz@tempbox=\box118
\tikz@tempbox@bg=\box119
\tikztreelevel=\count316
\tikznumberofchildren=\count317
\tikznumberofcurrentchild=\count318
\tikz@fig@count=\count319
 (/usr/local/texlive/2023/texmf-dist/tex/generic/pgf/modules/pgfmodulematrix.code.tex
File: pgfmodulematrix.code.tex 2023-01-15 v3.1.10 (3.1.10)
\pgfmatrixcurrentrow=\count320
\pgfmatrixcurrentcolumn=\count321
\pgf@matrix@numberofcolumns=\count322
)
\tikz@expandcount=\count323
 (/usr/local/texlive/2023/texmf-dist/tex/generic/pgf/frontendlayer/tikz/libraries/tikzlibrarytopaths.code.tex
File: tikzlibrarytopaths.code.tex 2023-01-15 v3.1.10 (3.1.10)
))) (/usr/local/texlive/2023/texmf-dist/tex/generic/tikz-cd/tikzlibrarycd.code.tex (/usr/local/texlive/2023/texmf-dist/tex/generic/pgf/frontendlayer/tikz/libraries/tikzlibrarymatrix.code.tex
File: tikzlibrarymatrix.code.tex 2023-01-15 v3.1.10 (3.1.10)
) (/usr/local/texlive/2023/texmf-dist/tex/generic/pgf/frontendlayer/tikz/libraries/tikzlibraryquotes.code.tex
File: tikzlibraryquotes.code.tex 2023-01-15 v3.1.10 (3.1.10)
) (/usr/local/texlive/2023/texmf-dist/tex/generic/pgf/libraries/pgflibraryarrows.meta.code.tex
File: pgflibraryarrows.meta.code.tex 2023-01-15 v3.1.10 (3.1.10)
\pgfarrowinset=\dimen314
\pgfarrowlength=\dimen315
\pgfarrowwidth=\dimen316
\pgfarrowlinewidth=\dimen317
))) (/usr/local/texlive/2023/texmf-dist/tex/latex/algorithm2e/algorithm2e.sty
Package: algorithm2e 2017/07/18 v5.2 algorithms environments
\c@AlgoLine=\count324
\algocf@hangindent=\skip66

(/usr/local/texlive/2023/texmf-dist/tex/latex/tools/xspace.sty
Package: xspace 2014/10/28 v1.13 Space after command names (DPC,MH)
) (/usr/local/texlive/2023/texmf-dist/tex/latex/relsize/relsize.sty
Package: relsize 2013/03/29 ver 4.1
)
\skiptotal=\skip67
\skiplinenumber=\skip68
\skiprule=\skip69
\skiphlne=\skip70
\skiptext=\skip71
\skiplength=\skip72
\algomargin=\skip73
\skipalgocfslide=\skip74
\algowidth=\dimen318
\inoutsize=\dimen319
\inoutindent=\dimen320
\interspacetitleruled=\dimen321
\interspacealgoruled=\dimen322
\interspacetitleboxruled=\dimen323
\algocf@ruledwidth=\skip75
\algocf@inoutbox=\box120
\algocf@inputbox=\box121
\AlCapSkip=\skip76
\AlCapHSkip=\skip77
\algoskipindent=\skip78
\algocf@nlbox=\box122
\algocf@hangingbox=\box123
\algocf@untilbox=\box124
\algocf@skipuntil=\skip79
\algocf@capbox=\box125
\algocf@lcaptionbox=\skip80
\algoheightruledefault=\skip81
\algoheightrule=\skip82
\algotitleheightruledefault=\skip83
\algotitleheightrule=\skip84
\c@algocfline=\count325
\c@algocfproc=\count326
\c@algocf=\count327
\algocf@algoframe=\box126
\algocf@algobox=\box127
)

./preamble.tex:31: LaTeX Error: Option clash for package xcolor.

See the LaTeX manual or LaTeX Companion for explanation.
Type  H <return>  for immediate help.
 ...                                              
                                                  
l.31 \definecolor
                 {myg}{RGB}{56, 140, 70}
The package xcolor has already been loaded with options:
  []
There has now been an attempt to load it with options
  [dvipsnames]
Adding the global options:
  ,dvipsnames
to your \documentclass declaration may fix this.
Try typing  <return>  to proceed.

(/usr/local/texlive/2023/texmf-dist/tex/latex/bookmark/bookmark.sty
Package: bookmark 2020-11-06 v1.29 PDF bookmarks (HO)
 (/usr/local/texlive/2023/texmf-dist/tex/latex/hyperref/hyperref.sty
Package: hyperref 2023-02-07 v7.00v Hypertext links for LaTeX
 (/usr/local/texlive/2023/texmf-dist/tex/generic/pdftexcmds/pdftexcmds.sty
Package: pdftexcmds 2020-06-27 v0.33 Utility functions of pdfTeX for LuaTeX (HO)
Package pdftexcmds Info: \pdf@primitive is available.
Package pdftexcmds Info: \pdf@ifprimitive is available.
Package pdftexcmds Info: \pdfdraftmode found.
) (/usr/local/texlive/2023/texmf-dist/tex/generic/kvdefinekeys/kvdefinekeys.sty
Package: kvdefinekeys 2019-12-19 v1.6 Define keys (HO)
) (/usr/local/texlive/2023/texmf-dist/tex/generic/pdfescape/pdfescape.sty
Package: pdfescape 2019/12/09 v1.15 Implements pdfTeX's escape features (HO)
) (/usr/local/texlive/2023/texmf-dist/tex/latex/hycolor/hycolor.sty
Package: hycolor 2020-01-27 v1.10 Color options for hyperref/bookmark (HO)
) (/usr/local/texlive/2023/texmf-dist/tex/latex/letltxmacro/letltxmacro.sty
Package: letltxmacro 2019/12/03 v1.6 Let assignment for LaTeX macros (HO)
)
\@linkdim=\dimen324
\Hy@linkcounter=\count328
\Hy@pagecounter=\count329
 (/usr/local/texlive/2023/texmf-dist/tex/latex/hyperref/pd1enc.def
File: pd1enc.def 2023-02-07 v7.00v Hyperref: PDFDocEncoding definition (HO)
Now handling font encoding PD1 ...
... no UTF-8 mapping file for font encoding PD1
) (/usr/local/texlive/2023/texmf-dist/tex/generic/intcalc/intcalc.sty
Package: intcalc 2019/12/15 v1.3 Expandable calculations with integers (HO)
) (/usr/local/texlive/2023/texmf-dist/tex/generic/etexcmds/etexcmds.sty
Package: etexcmds 2019/12/15 v1.7 Avoid name clashes with e-TeX commands (HO)
)
\Hy@SavedSpaceFactor=\count330
 (/usr/local/texlive/2023/texmf-dist/tex/latex/hyperref/puenc.def
File: puenc.def 2023-02-07 v7.00v Hyperref: PDF Unicode definition (HO)
Now handling font encoding PU ...
... no UTF-8 mapping file for font encoding PU
)
Package hyperref Info: Hyper figures OFF on input line 4177.
Package hyperref Info: Link nesting OFF on input line 4182.
Package hyperref Info: Hyper index ON on input line 4185.
Package hyperref Info: Plain pages OFF on input line 4192.
Package hyperref Info: Backreferencing OFF on input line 4197.
Package hyperref Info: Implicit mode ON; LaTeX internals redefined.
Package hyperref Info: Bookmarks ON on input line 4425.
\c@Hy@tempcnt=\count331
 (/usr/local/texlive/2023/texmf-dist/tex/latex/url/url.sty
\Urlmuskip=\muskip20
Package: url 2013/09/16  ver 3.4  Verb mode for urls, etc.
)
LaTeX Info: Redefining \url on input line 4763.
\XeTeXLinkMargin=\dimen325
 (/usr/local/texlive/2023/texmf-dist/tex/generic/bitset/bitset.sty
Package: bitset 2019/12/09 v1.3 Handle bit-vector datatype (HO)
 (/usr/local/texlive/2023/texmf-dist/tex/generic/bigintcalc/bigintcalc.sty
Package: bigintcalc 2019/12/15 v1.5 Expandable calculations on big integers (HO)
))
\Fld@menulength=\count332
\Field@Width=\dimen326
\Fld@charsize=\dimen327
Package hyperref Info: Hyper figures OFF on input line 6042.
Package hyperref Info: Link nesting OFF on input line 6047.
Package hyperref Info: Hyper index ON on input line 6050.
Package hyperref Info: backreferencing OFF on input line 6057.
Package hyperref Info: Link coloring OFF on input line 6062.
Package hyperref Info: Link coloring with OCG OFF on input line 6067.
Package hyperref Info: PDF/A mode OFF on input line 6072.
 (/usr/local/texlive/2023/texmf-dist/tex/latex/base/atbegshi-ltx.sty
Package: atbegshi-ltx 2021/01/10 v1.0c Emulation of the original atbegshi
package with kernel methods
)
\Hy@abspage=\count333
\c@Item=\count334
\c@Hfootnote=\count335
)
Package hyperref Info: Driver (autodetected): hpdftex.
 (/usr/local/texlive/2023/texmf-dist/tex/latex/hyperref/hpdftex.def
File: hpdftex.def 2023-02-07 v7.00v Hyperref driver for pdfTeX
 (/usr/local/texlive/2023/texmf-dist/tex/latex/base/atveryend-ltx.sty
Package: atveryend-ltx 2020/08/19 v1.0a Emulation of the original atveryend package
with kernel methods
)
\Fld@listcount=\count336
\c@bookmark@seq@number=\count337
 (/usr/local/texlive/2023/texmf-dist/tex/latex/rerunfilecheck/rerunfilecheck.sty
Package: rerunfilecheck 2022-07-10 v1.10 Rerun checks for auxiliary files (HO)
 (/usr/local/texlive/2023/texmf-dist/tex/generic/uniquecounter/uniquecounter.sty
Package: uniquecounter 2019/12/15 v1.4 Provide unlimited unique counter (HO)
)
Package uniquecounter Info: New unique counter `rerunfilecheck' on input line 285.
)
\Hy@SectionHShift=\skip85
) (/usr/local/texlive/2023/texmf-dist/tex/latex/bookmark/bkm-pdftex.def
File: bkm-pdftex.def 2020-11-06 v1.29 bookmark driver for pdfTeX (HO)
\BKM@id=\count338
))

./preamble.tex:48: LaTeX Error: Option clash for package hyperref.

See the LaTeX manual or LaTeX Companion for explanation.
Type  H <return>  for immediate help.
 ...                                              
                                                  
l.48 
     
The package hyperref has already been loaded with options:
  []
There has now been an attempt to load it with options
  [colorlinks=true,linkcolor=blue,urlcolor=blue,citecolor=blue,anchorcolor=blue]
Adding the global options:
  ,colorlinks=true,linkcolor=blue,urlcolor=blue,citecolor=blue,anchorcolor=blue
to your \documentclass declaration may fix this.
Try typing  <return>  to proceed.

(/usr/local/texlive/2023/texmf-dist/tex/latex/import/import.sty
Package: import 2020/04/01  v 6.2
) (/usr/local/texlive/2023/texmf-dist/tex/latex/svg/svg.sty
Package: svg 2020/11/26 v2.02k (include SVG pictures)
 (/usr/local/texlive/2023/texmf-dist/tex/latex/koma-script/scrbase.sty
Package: scrbase 2022/10/12 v3.38 KOMA-Script package (KOMA-Script-independent basics and keyval usage)
 (/usr/local/texlive/2023/texmf-dist/tex/latex/koma-script/scrlfile.sty
Package: scrlfile 2022/10/12 v3.38 KOMA-Script package (file load hooks)
 (/usr/local/texlive/2023/texmf-dist/tex/latex/koma-script/scrlfile-hook.sty
Package: scrlfile-hook 2022/10/12 v3.38 KOMA-Script package (using LaTeX hooks)
 (/usr/local/texlive/2023/texmf-dist/tex/latex/koma-script/scrlogo.sty
Package: scrlogo 2022/10/12 v3.38 KOMA-Script package (logo)
)))
Applying: [2021/05/01] Usage of raw or classic option list on input line 252.
Already applied: [0000/00/00] Usage of raw or classic option list on input line 368.
) (/usr/local/texlive/2023/texmf-dist/tex/latex/trimspaces/trimspaces.sty
Package: trimspaces 2009/09/17 v1.1 Trim spaces around a token list
) (/usr/local/texlive/2023/texmf-dist/tex/latex/tools/shellesc.sty
Package: shellesc 2019/11/08 v1.0c unified shell escape interface for LaTeX
Package shellesc Info: Restricted shell escape enabled on input line 77.
)
\c@svg@param@lastpage=\count339
\svg@box=\box128
\c@svg@param@currpage=\count340
) (/usr/local/texlive/2023/texmf-dist/tex/latex/blindtext/blindtext.sty
Package: blindtext 2012/01/06 V2.0 blindtext-Package
\c@blindtext=\count341
\c@Blindtext=\count342
\c@blind@countparstart=\count343
\blind@countxx=\count344
\blindtext@numBlindtext=\count345
\blind@countyy=\count346
\c@blindlist=\count347
\c@blindlistlevel=\count348
\c@blindlist@level=\count349
\blind@listitem=\count350
\c@blind@listcount=\count351
\c@blind@levelcount=\count352
\blind@mathformula=\count353
\blind@Mathformula=\count354
\c@blind@randomcount=\count355
\c@blind@randommax=\count356
\c@blind@pangramcount=\count357
\c@blind@pangrammax=\count358
) (/usr/local/texlive/2023/texmf-dist/tex/latex/fontsize/fontsize.sty
Package: fontsize 2021/08/04 v0.8.5 'fontsize' package. Set main font sizes (Ivan Valbusa)
 (/usr/local/texlive/2023/texmf-dist/tex/latex/l3packages/xfp/xfp.sty
Package: xfp 2023-02-02 L3 Floating point unit
))
\c@theorem=\count359
 (/usr/local/texlive/2023/texmf-dist/tex/latex/tcolorbox/tcolorbox.sty
Package: tcolorbox 2023/02/12 version 6.0.1 text color boxes
 (/usr/local/texlive/2023/texmf-dist/tex/latex/tools/verbatim.sty
Package: verbatim 2022-07-02 v1.5u LaTeX2e package for verbatim enhancements
\every@verbatim=\toks50
\verbatim@line=\toks51
\verbatim@in@stream=\read4
) (/usr/local/texlive/2023/texmf-dist/tex/latex/environ/environ.sty
Package: environ 2014/05/04 v0.3 A new way to define environments
)
\tcb@titlebox=\box129
\tcb@upperbox=\box130
\tcb@lowerbox=\box131
\tcb@phantombox=\box132
\c@tcbbreakpart=\count360
\c@tcblayer=\count361
\c@tcolorbox@number=\count362
\tcb@temp=\box133
\tcb@temp=\box134
\tcb@temp=\box135
\tcb@temp=\box136
 (/usr/local/texlive/2023/texmf-dist/tex/latex/tcolorbox/tcbraster.code.tex
Library (tcolorbox): 'tcbraster.code.tex' version '6.0.1'
\c@tcbrastercolumn=\count363
\c@tcbrasterrow=\count364
\c@tcbrasternum=\count365
\c@tcbraster=\count366
) (/usr/local/texlive/2023/texmf-dist/tex/latex/tcolorbox/tcbskins.code.tex
Library (tcolorbox): 'tcbskins.code.tex' version '6.0.1'
(/usr/local/texlive/2023/texmf-dist/tex/latex/tikzfill/tikzfill.image.sty
Package: tikzfill.image 2022/07/20 v1.0.0 Image filling library for TikZ
 (/usr/local/texlive/2023/texmf-dist/tex/latex/tikzfill/tikzfill-common.sty
Package: tikzfill-common 2022/07/20 v1.0.0 Auxiliary code for tikzfill
) (/usr/local/texlive/2023/texmf-dist/tex/latex/tikzfill/tikzlibraryfill.image.code.tex
File: tikzlibraryfill.image.code.tex 2022/07/20 v1.0.0 Image filling library
\l__tikzfill_img_box=\box137
)) (/usr/local/texlive/2023/texmf-dist/tex/latex/tcolorbox/tcbskinsjigsaw.code.tex
Library (tcolorbox): 'tcbskinsjigsaw.code.tex' version '6.0.1'
)) (/usr/local/texlive/2023/texmf-dist/tex/latex/tcolorbox/tcbbreakable.code.tex
Library (tcolorbox): 'tcbbreakable.code.tex' version '6.0.1'
(/usr/local/texlive/2023/texmf-dist/tex/latex/pdfcol/pdfcol.sty
Package: pdfcol 2022-09-21 v1.7 Handle new color stacks for pdfTeX (HO)
)
Package pdfcol Info: New color stack `tcb@breakable' = 2 on input line 23.
\tcb@testbox=\box138
\tcb@totalupperbox=\box139
\tcb@totallowerbox=\box140
) (/usr/local/texlive/2023/texmf-dist/tex/latex/tcolorbox/tcbhooks.code.tex
Library (tcolorbox): 'tcbhooks.code.tex' version '6.0.1'
) (/usr/local/texlive/2023/texmf-dist/tex/latex/tcolorbox/tcbtheorems.code.tex
Library (tcolorbox): 'tcbtheorems.code.tex' version '6.0.1'
) (/usr/local/texlive/2023/texmf-dist/tex/latex/tcolorbox/tcbfitting.code.tex
Library (tcolorbox): 'tcbfitting.code.tex' version '6.0.1'
\tcbfitdim=\dimen328
\tcb@lowerfitdim=\dimen329
\tcb@upperfitdim=\dimen330
\tcb@cur@hbadness=\count367
) (/usr/local/texlive/2023/texmf-dist/tex/latex/tcolorbox/tcblistingsutf8.code.tex
Library (tcolorbox): 'tcblistingsutf8.code.tex' version '6.0.1'
(/usr/local/texlive/2023/texmf-dist/tex/latex/tcolorbox/tcblistings.code.tex
Library (tcolorbox): 'tcblistings.code.tex' version '6.0.1'
(/usr/local/texlive/2023/texmf-dist/tex/latex/listings/listings.sty
\lst@mode=\count368
\lst@gtempboxa=\box141
\lst@token=\toks52
\lst@length=\count369
\lst@currlwidth=\dimen331
\lst@column=\count370
\lst@pos=\count371
\lst@lostspace=\dimen332
\lst@width=\dimen333
\lst@newlines=\count372
\lst@lineno=\count373
\lst@maxwidth=\dimen334
 (/usr/local/texlive/2023/texmf-dist/tex/latex/listings/lstmisc.sty
File: lstmisc.sty 2023/02/27 1.9 (Carsten Heinz)
\c@lstnumber=\count374
\lst@skipnumbers=\count375
\lst@framebox=\box142
) (/usr/local/texlive/2023/texmf-dist/tex/latex/listings/listings.cfg
File: listings.cfg 2023/02/27 1.9 listings configuration
))
Package: listings 2023/02/27 1.9 (Carsten Heinz)
 (/usr/local/texlive/2023/texmf-dist/tex/latex/tcolorbox/tcblistingscore.code.tex
Library (tcolorbox): 'tcblistingscore.code.tex' version '6.0.1'
(/usr/local/texlive/2023/texmf-dist/tex/latex/tcolorbox/tcbprocessing.code.tex
Library (tcolorbox): 'tcbprocessing.code.tex' version '6.0.1'
)
\c@tcblisting=\count376
)) (/usr/local/texlive/2023/texmf-dist/tex/latex/listingsutf8/listingsutf8.sty
Package: listingsutf8 2019-12-10 v1.5 Allow UTF-8 in listings input (HO)
 (/usr/local/texlive/2023/texmf-dist/tex/generic/stringenc/stringenc.sty
Package: stringenc 2019/11/29 v1.12 Convert strings between diff. encodings (HO)
))) (/usr/local/texlive/2023/texmf-dist/tex/latex/tcolorbox/tcbexternal.code.tex
Library (tcolorbox): 'tcbexternal.code.tex' version '6.0.1'
) (/usr/local/texlive/2023/texmf-dist/tex/latex/tcolorbox/tcbmagazine.code.tex
Library (tcolorbox): 'tcbmagazine.code.tex' version '6.0.1'
) (/usr/local/texlive/2023/texmf-dist/tex/latex/tcolorbox/tcbvignette.code.tex
Library (tcolorbox): 'tcbvignette.code.tex' version '6.0.1'
(/usr/local/texlive/2023/texmf-dist/tex/generic/pgf/frontendlayer/tikz/libraries/tikzlibraryfadings.code.tex
File: tikzlibraryfadings.code.tex 2023-01-15 v3.1.10 (3.1.10)
 (/usr/local/texlive/2023/texmf-dist/tex/generic/pgf/libraries/pgflibraryfadings.code.tex
File: pgflibraryfadings.code.tex 2023-01-15 v3.1.10 (3.1.10)
))) (/usr/local/texlive/2023/texmf-dist/tex/latex/tcolorbox/tcbposter.code.tex
Library (tcolorbox): 'tcbposter.code.tex' version '6.0.1'
))

./preamble.tex:111: Package pgfkeys Error: I do not know the key '/tcb/new/definition' and I am going to ignore it. Perhaps you misspelled it.

See the pgfkeys package documentation for explanation.
Type  H <return>  for immediate help.
 ...                                              
                                                  
l.111 {ex}
          
This error message was generated by an \errmessage
command, so I can't give any explicit help.
Pretend that you're Hercule Poirot: Examine all clues,
and deduce the truth by order and method.

\c@tcb@cnt@Example=\count377

./preamble.tex:111: Package pgfkeys Error: I do not know the key '/tcb/new/definition' and I am going to ignore it. Perhaps you misspelled it.

See the pgfkeys package documentation for explanation.
Type  H <return>  for immediate help.
 ...                                              
                                                  
l.111 {ex}
          
(That was another \errmessage.)

\c@tcb@cnt@question=\count378
\c@tcb@cnt@qstion=\count379
(/usr/local/texlive/2023/texmf-dist/tex/latex/titlesec/titletoc.sty
Package: titletoc 2021/07/05 v2.14 TOC entries
\ttl@leftsep=\dimen335
)) (./macros.tex) (./letterfonts.tex) (./Rudin.aux)
\openout1 = `Rudin.aux'.

LaTeX Font Info:    Checking defaults for OML/cmm/m/it on input line 9.
LaTeX Font Info:    ... okay on input line 9.
LaTeX Font Info:    Checking defaults for OMS/cmsy/m/n on input line 9.
LaTeX Font Info:    ... okay on input line 9.
LaTeX Font Info:    Checking defaults for OT1/cmr/m/n on input line 9.
LaTeX Font Info:    ... okay on input line 9.
LaTeX Font Info:    Checking defaults for T1/cmr/m/n on input line 9.
LaTeX Font Info:    ... okay on input line 9.
LaTeX Font Info:    Checking defaults for TS1/cmr/m/n on input line 9.
LaTeX Font Info:    ... okay on input line 9.
LaTeX Font Info:    Checking defaults for OMX/cmex/m/n on input line 9.
LaTeX Font Info:    ... okay on input line 9.
LaTeX Font Info:    Checking defaults for U/cmr/m/n on input line 9.
LaTeX Font Info:    ... okay on input line 9.
LaTeX Font Info:    Checking defaults for PD1/pdf/m/n on input line 9.
LaTeX Font Info:    ... okay on input line 9.
LaTeX Font Info:    Checking defaults for PU/pdf/m/n on input line 9.
LaTeX Font Info:    ... okay on input line 9.
 (/usr/local/texlive/2023/texmf-dist/tex/context/base/mkii/supp-pdf.mkii
[Loading MPS to PDF converter (version 2006.09.02).]
\scratchcounter=\count380
\scratchdimen=\dimen336
\scratchbox=\box143
\nofMPsegments=\count381
\nofMParguments=\count382
\everyMPshowfont=\toks53
\MPscratchCnt=\count383
\MPscratchDim=\dimen337
\MPnumerator=\count384
\makeMPintoPDFobject=\count385
\everyMPtoPDFconversion=\toks54
) (/usr/local/texlive/2023/texmf-dist/tex/latex/epstopdf-pkg/epstopdf-base.sty
Package: epstopdf-base 2020-01-24 v2.11 Base part for package epstopdf
Package epstopdf-base Info: Redefining graphics rule for `.eps' on input line 485.
 (/usr/local/texlive/2023/texmf-dist/tex/latex/latexconfig/epstopdf-sys.cfg
File: epstopdf-sys.cfg 2010/07/13 v1.3 Configuration of (r)epstopdf for TeX Live
)) (/usr/local/texlive/2023/texmf-dist/tex/latex/pdflscape/pdflscape.sty
Package: pdflscape 2022-10-27 v0.13 Display of landscape pages in PDF
 (/usr/local/texlive/2023/texmf-dist/tex/latex/pdflscape/pdflscape-nometadata.sty
Package: pdflscape-nometadata 2022-10-28 v0.13 Display of landscape pages in PDF (HO)
 (/usr/local/texlive/2023/texmf-dist/tex/latex/graphics/lscape.sty
Package: lscape 2020/05/28 v3.02 Landscape Pages (DPC)
)
Package pdflscape Info: Auto-detected driver: pdftex on input line 81.
))
*geometry* driver: auto-detecting
*geometry* detected driver: pdftex
*geometry* verbose mode - [ preamble ] result:
* driver: pdftex
* paper: letterpaper
* layout: <same size as paper>
* layoutoffset:(h,v)=(0.0pt,0.0pt)
* modes: 
* h-part:(L,W,R)=(36.135pt, 542.02501pt, 36.135pt)
* v-part:(T,H,B)=(56.9055pt, 658.06448pt, 80.0pt)
* \paperwidth=614.295pt
* \paperheight=794.96999pt
* \textwidth=542.02501pt
* \textheight=658.06448pt
* \oddsidemargin=-36.135pt
* \evensidemargin=-36.135pt
* \topmargin=-52.36449pt
* \headheight=12.0pt
* \headsep=25.0pt
* \topskip=10.0pt
* \footskip=14.45377pt
* \marginparwidth=65.0pt
* \marginparsep=11.0pt
* \columnsep=10.0pt
* \skip\footins=10.5pt plus 4.66617pt minus 2.33383pt
* \hoffset=0.0pt
* \voffset=0.0pt
* \mag=1000
* \@twocolumnfalse
* \@twosidefalse
* \@mparswitchfalse
* \@reversemarginfalse
* (1in=72.27pt=25.4mm, 1cm=28.453pt)

Package hyperref Info: Link coloring OFF on input line 9.
\c@lstlisting=\count386

LaTeX Font Warning: Font shape `T1/cmr/m/n' in size <24.19196> not available
(Font)              size <24.88> substituted on input line 11.


LaTeX Font Warning: Font shape `T1/cmr/m/n' in size <34.83209> not available
(Font)              size <35.83> substituted on input line 11.


LaTeX Font Warning: Font shape `T1/cmr/m/n' in size <16.79996> not available
(Font)              size <17.28> substituted on input line 11.

LaTeX Font Info:    Calculating math sizes for size <16.79996> on input line 11.

LaTeX Font Warning: Font shape `OT1/cmr/m/n' in size <16.79996> not available
(Font)              size <17.28> substituted on input line 11.


LaTeX Font Warning: Font shape `OML/cmm/m/it' in size <16.79996> not available
(Font)              size <17.28> substituted on input line 11.


LaTeX Font Warning: Font shape `OMS/cmsy/m/n' in size <16.79996> not available
(Font)              size <17.28> substituted on input line 11.

LaTeX Font Info:    Trying to load font information for U+msa on input line 11.
(/usr/local/texlive/2023/texmf-dist/tex/latex/amsfonts/umsa.fd
File: umsa.fd 2013/01/14 v3.01 AMS symbols A
)
LaTeX Font Info:    Trying to load font information for U+msb on input line 11.
 (/usr/local/texlive/2023/texmf-dist/tex/latex/amsfonts/umsb.fd
File: umsb.fd 2013/01/14 v3.01 AMS symbols B
)

LaTeX Font Warning: Font shape `T1/cmr/m/n' in size <29.03607> not available
(Font)              size <29.86> substituted on input line 11.

[1

{/usr/local/texlive/2023/texmf-var/fonts/map/pdftex/updmap/pdftex.map}{/usr/local/texlive/2023/texmf-dist/fonts/enc/dvips/cm-super/cm-super-t1.enc}]

LaTeX Font Warning: Font shape `T1/cmr/bx/n' in size <34.83209> not available
(Font)              size <35.83> substituted on input line 14.


LaTeX Font Warning: Font shape `T1/cmr/m/sc' in size <34.83209> not available
(Font)              size <35.83> substituted on input line 14.


LaTeX Font Warning: Font shape `T1/cmr/bx/sc' in size <34.83209> not available
(Font)              size <35.83> substituted on input line 14.

Missing character: There is no ; in font nullfont!
Missing character: There is no ; in font nullfont!
(./Rudin.toc

LaTeX Font Warning: Font shape `T1/cmr/m/n' in size <20.16003> not available
(Font)              size <20.74> substituted on input line 2.


LaTeX Font Warning: Font shape `T1/cmr/m/sc' in size <20.16003> not available
(Font)              size <20.74> substituted on input line 2.


LaTeX Font Warning: Font shape `T1/cmr/bx/sc' in size <20.16003> not available
(Font)              size <20.74> substituted on input line 2.

Missing character: There is no ; in font nullfont!

LaTeX Font Warning: Font shape `T1/cmr/m/sc' in size <16.79996> not available
(Font)              size <17.28> substituted on input line 2.


LaTeX Font Warning: Font shape `T1/cmr/bx/sc' in size <16.79996> not available
(Font)              size <17.28> substituted on input line 2.


LaTeX Font Warning: Font shape `T1/cmr/m/n' in size <12.77509> not available
(Font)              size <12> substituted on input line 3.

Missing character: There is no ; in font nullfont!

Overfull \hbox (0.36497pt too wide) detected at line 17
\T1/cmr/m/n/14.4 1.10 
 []


Overfull \hbox (0.36497pt too wide) detected at line 18
\T1/cmr/m/n/14.4 1.11 
 []

Missing character: There is no ; in font nullfont!

pdfTeX warning (ext4): destination with the same identifier (name{page.1}) has been already used, duplicate ignored
<to be read again> 
                   \relax 
l.25 ...umberline {2.6}Exercises}{93}{section.2.6}
                                                  % [1

]
Missing character: There is no ; in font nullfont!
Missing character: There is no ; in font nullfont!
Missing character: There is no ; in font nullfont!
)
\tf@toc=\write4
\openout4 = `Rudin.toc'.

 [2]
Chapter 0.

LaTeX Font Warning: Font shape `T1/cmr/bx/n' in size <29.03607> not available
(Font)              size <29.86> substituted on input line 17.


LaTeX Font Warning: Font shape `T1/cmr/bx/n' in size <20.16003> not available
(Font)              size <20.74> substituted on input line 18.


Underfull \hbox (badness 10000) in paragraph at lines 27--27

 []

LaTeX Font Info:    Calculating math sizes for size <14> on input line 27.

Underfull \hbox (badness 10000) in paragraph at lines 27--27

 []


Underfull \hbox (badness 10000) in paragraph at lines 27--27

 []


Underfull \hbox (badness 10000) in paragraph at lines 43--43

 []

[3

]
Underfull \hbox (badness 10000) in paragraph at lines 58--58

 []


Underfull \hbox (badness 10000) in paragraph at lines 58--58

 []


Underfull \hbox (badness 10000) in paragraph at lines 58--58

 []


Underfull \hbox (badness 10000) in paragraph at lines 84--84

 []


Underfull \hbox (badness 10000) in paragraph at lines 84--84

 []


Underfull \hbox (badness 10000) in paragraph at lines 84--84

 []


Underfull \hbox (badness 10000) in paragraph at lines 84--84

 []

[4]
Underfull \hbox (badness 10000) in paragraph at lines 99--99

 []


Underfull \hbox (badness 10000) in paragraph at lines 99--99

 []


Underfull \hbox (badness 10000) in paragraph at lines 111--111

 []

[5]
Underfull \hbox (badness 10000) in paragraph at lines 125--125

 []


Underfull \hbox (badness 10000) in paragraph at lines 125--125

 []


Underfull \hbox (badness 10000) in paragraph at lines 141--141

 []


Underfull \hbox (badness 10000) in paragraph at lines 141--141

 []


Underfull \hbox (badness 10000) in paragraph at lines 141--141

 []


Underfull \hbox (badness 10000) in paragraph at lines 153--153

 []

[6]
Underfull \hbox (badness 10000) in paragraph at lines 177--177

 []


Underfull \hbox (badness 10000) in paragraph at lines 196--198

 []


Underfull \hbox (badness 10000) in paragraph at lines 205--206

 []


Underfull \hbox (badness 10000) in paragraph at lines 207--208

 []

[7]
Underfull \hbox (badness 10000) in paragraph at lines 212--214

 []


Underfull \hbox (badness 10000) in paragraph at lines 215--216

 []


Underfull \hbox (badness 10000) in paragraph at lines 218--219

 []


Underfull \hbox (badness 10000) in paragraph at lines 220--221

 []


Underfull \hbox (badness 10000) in paragraph at lines 222--223

 []


Underfull \hbox (badness 10000) in paragraph at lines 224--225

 []


Underfull \hbox (badness 10000) in paragraph at lines 226--227

 []


Underfull \hbox (badness 10000) in paragraph at lines 243--243

 []


Underfull \hbox (badness 10000) in paragraph at lines 243--243

 []


Underfull \hbox (badness 10000) in paragraph at lines 243--243

 []


Underfull \hbox (badness 10000) in paragraph at lines 243--243

 []


Underfull \hbox (badness 10000) in paragraph at lines 243--243

 []

[8] [9]
Underfull \hbox (badness 10000) in paragraph at lines 289--289

 []


Underfull \hbox (badness 10000) in paragraph at lines 289--289

 []


Underfull \hbox (badness 10000) in paragraph at lines 289--289

 []

[10]
Underfull \hbox (badness 10000) in paragraph at lines 349--349

 []


Underfull \hbox (badness 10000) in paragraph at lines 349--349

 []


Underfull \hbox (badness 10000) in paragraph at lines 364--364

 []


Underfull \hbox (badness 10000) in paragraph at lines 364--364

 []

[11]
Underfull \hbox (badness 10000) in paragraph at lines 392--392

 []


Underfull \hbox (badness 10000) in paragraph at lines 398--399

 []


Underfull \hbox (badness 10000) in paragraph at lines 403--404

 []


Underfull \hbox (badness 10000) in paragraph at lines 405--406

 []


Underfull \hbox (badness 10000) in paragraph at lines 415--416

 []

[12]
Underfull \hbox (badness 10000) in paragraph at lines 417--418

 []


Underfull \hbox (badness 10000) in paragraph at lines 419--420

 []


Underfull \hbox (badness 10000) in paragraph at lines 421--422

 []


Underfull \hbox (badness 10000) in paragraph at lines 424--425

 []


Underfull \hbox (badness 10000) in paragraph at lines 436--437

 []


Underfull \hbox (badness 10000) in paragraph at lines 438--439

 []


Underfull \hbox (badness 10000) in paragraph at lines 440--441

 []


Underfull \hbox (badness 10000) in paragraph at lines 442--443

 []

[13]
Underfull \hbox (badness 10000) in paragraph at lines 462--463

 []


Underfull \hbox (badness 10000) in paragraph at lines 490--492

 []


Underfull \hbox (badness 10000) in paragraph at lines 499--500

 []


Underfull \hbox (badness 10000) in paragraph at lines 510--510

 []

[14]
Underfull \hbox (badness 10000) in paragraph at lines 516--517

 []


Underfull \hbox (badness 10000) in paragraph at lines 525--526

 []


Underfull \hbox (badness 10000) in paragraph at lines 543--545

 []


Underfull \hbox (badness 10000) in paragraph at lines 546--547

 []


Underfull \hbox (badness 10000) in paragraph at lines 548--549

 []

[15]
Underfull \hbox (badness 10000) in paragraph at lines 559--559

 []

[16]
Underfull \hbox (badness 10000) in paragraph at lines 608--609

 []


Underfull \hbox (badness 10000) in paragraph at lines 610--611

 []


Underfull \hbox (badness 10000) in paragraph at lines 612--613

 []


Underfull \hbox (badness 10000) in paragraph at lines 615--616

 []


Underfull \hbox (badness 10000) in paragraph at lines 624--625

 []


Underfull \hbox (badness 10000) in paragraph at lines 626--627

 []

[17]
Underfull \hbox (badness 1668) in paragraph at lines 634--634
[]\T1/cmr/m/n/14.4 While []Lemma 0.3.7[][] might ap-pear to be a po-tent as-ser-tion, im-ply-ing that the
 []


Underfull \hbox (badness 10000) in paragraph at lines 634--634

 []

[18]
Underfull \hbox (badness 10000) in paragraph at lines 682--683

 []


Underfull \hbox (badness 10000) in paragraph at lines 687--689

 []


Underfull \hbox (badness 10000) in paragraph at lines 693--695

 []


Underfull \hbox (badness 10000) in paragraph at lines 705--707

 []


Underfull \hbox (badness 10000) in paragraph at lines 708--709

 []


Underfull \hbox (badness 10000) in paragraph at lines 713--715

 []


Underfull \hbox (badness 10000) in paragraph at lines 716--717

 []

[19]
Underfull \hbox (badness 10000) in paragraph at lines 718--719

 []


Underfull \hbox (badness 10000) in paragraph at lines 720--721

 []


Underfull \hbox (badness 10000) in paragraph at lines 724--725

 []


Underfull \hbox (badness 10000) in paragraph at lines 726--727

 []

./Rudin.tex:728: Extra }, or forgotten $.
\@textcolor ...otect \leavevmode {\color #1{#2}#3}
                                                  
l.728 ...w f(T)= \min U\cup \set{f(U)}\setminus T}
                                                   $}.\\
I've deleted a group-closing symbol because it seems to be
spurious, as in `$x}$'. But perhaps the } is legitimate and
you forgot something else, as in `\hbox{$x}'. In such cases
the way to recover is to insert both the forgotten and the
deleted material, e.g., by typing `I$}'.


Underfull \hbox (badness 10000) in paragraph at lines 728--729

 []


Underfull \hbox (badness 10000) in paragraph at lines 730--731

 []

[20]
Underfull \hbox (badness 10000) in paragraph at lines 765--766

 []


Underfull \hbox (badness 10000) in paragraph at lines 767--768

 []


Underfull \hbox (badness 10000) in paragraph at lines 769--770

 []


Underfull \hbox (badness 10000) in paragraph at lines 771--772

 []


Underfull \hbox (badness 10000) in paragraph at lines 779--779

 []


Underfull \hbox (badness 10000) in paragraph at lines 798--799

 []


Underfull \hbox (badness 10000) in paragraph at lines 803--805

 []

[21]
Underfull \hbox (badness 10000) in paragraph at lines 806--807

 []


Underfull \hbox (badness 10000) in paragraph at lines 808--809

 []


Underfull \hbox (badness 10000) in paragraph at lines 826--826

 []


Underfull \hbox (badness 10000) in paragraph at lines 826--826

 []


Underfull \hbox (badness 10000) in paragraph at lines 826--826

 []


Underfull \hbox (badness 10000) in paragraph at lines 826--826

 []


Underfull \hbox (badness 10000) in paragraph at lines 826--826

 []


Underfull \hbox (badness 10000) in paragraph at lines 826--826

 []

[22] [23]
Underfull \hbox (badness 10000) in paragraph at lines 857--859

 []


Underfull \hbox (badness 10000) in paragraph at lines 860--861

 []


Underfull \hbox (badness 10000) in paragraph at lines 862--863

 []


Underfull \hbox (badness 10000) in paragraph at lines 864--865

 []


Underfull \hbox (badness 10000) in paragraph at lines 866--867

 []


Underfull \hbox (badness 10000) in paragraph at lines 868--869

 []

[24]
Underfull \hbox (badness 10000) in paragraph at lines 916--917

 []

[25]
Underfull \hbox (badness 10000) in paragraph at lines 932--934

 []


Underfull \hbox (badness 10000) in paragraph at lines 943--945

 []


Underfull \hbox (badness 10000) in paragraph at lines 946--947

 []


Underfull \hbox (badness 10000) in paragraph at lines 948--949

 []

[26]
Underfull \hbox (badness 10000) in paragraph at lines 973--973

 []

[27]
Underfull \hbox (badness 10000) in paragraph at lines 1047--1048

 []

[28]
Underfull \hbox (badness 10000) in paragraph at lines 1060--1060

 []

[29]
Underfull \hbox (badness 10000) in paragraph at lines 1074--1075

 []


Underfull \hbox (badness 10000) in paragraph at lines 1079--1081

 []


Underfull \hbox (badness 10000) in paragraph at lines 1082--1083

 []


Underfull \hbox (badness 10000) in paragraph at lines 1084--1085

 []

[30]
Underfull \hbox (badness 10000) in paragraph at lines 1127--1129

 []

[31]
Chapter 1.

Overfull \hbox (15.03877pt too wide) in paragraph at lines 1149--1150
[]\T1/cmr/m/n/14.4 Assume []there is, and we write $\OML/cmm/m/it/14.4 p$ \T1/cmr/m/n/14.4 in the form $\OML/cmm/m/it/14.4 p \OT1/cmr/m/n/14.4 = []$\T1/cmr/m/n/14.4 , where $\OML/cmm/m/it/14.4 a; b \OMS/cmsy/m/n/14.4 2 \U/msb/m/n/14 Z[]$[]\T1/cmr/m/n/14.4 .
 []

[32

] [33] [34] [35] [36]
Underfull \hbox (badness 10000) in paragraph at lines 1412--1412

 []

[37]
Underfull \hbox (badness 10000) in paragraph at lines 1465--1466

 []


Underfull \hbox (badness 10000) in paragraph at lines 1467--1468

 []

[38]
Underfull \hbox (badness 10000) in paragraph at lines 1483--1484

 []


Underfull \hbox (badness 10000) in paragraph at lines 1485--1486

 []


Underfull \hbox (badness 10000) in paragraph at lines 1487--1488

 []


Underfull \hbox (badness 10000) in paragraph at lines 1489--1490

 []


Underfull \hbox (badness 10000) in paragraph at lines 1491--1492

 []


Underfull \hbox (badness 10000) in paragraph at lines 1500--1501

 []


Underfull \hbox (badness 10000) in paragraph at lines 1502--1503

 []


Underfull \hbox (badness 10000) in paragraph at lines 1504--1505

 []

[39]
Underfull \hbox (badness 10000) in paragraph at lines 1506--1507

 []


Underfull \hbox (badness 10000) in paragraph at lines 1508--1509

 []


Underfull \hbox (badness 10000) in paragraph at lines 1510--1511

 []


Underfull \hbox (badness 10000) in paragraph at lines 1512--1513

 []


Underfull \hbox (badness 10000) in paragraph at lines 1514--1515

 []


Underfull \hbox (badness 10000) in paragraph at lines 1524--1526

 []

[40]
Underfull \hbox (badness 10000) in paragraph at lines 1527--1528

 []


Underfull \hbox (badness 10000) in paragraph at lines 1529--1530

 []


Underfull \hbox (badness 10000) in paragraph at lines 1531--1532

 []


Underfull \hbox (badness 10000) in paragraph at lines 1536--1538

 []


Underfull \hbox (badness 10000) in paragraph at lines 1539--1540

 []

[41]
Underfull \hbox (badness 10000) in paragraph at lines 1562--1562

 []

./Rudin.tex:1581: Undefined control sequence.
\rap #1->\rrap 
               {\text { (#1)}}
l.1581 \end{align}
                  
The control sequence at the end of the top line
of your error message was never \def'ed. If you have
misspelled it (e.g., `\hobx'), type `I' and the correct
spelling (e.g., `I\hbox'). Otherwise just continue,
and I'll forget about whatever was undefined.

./Rudin.tex:1581: Undefined control sequence.
\rap #1->\rrap 
               {\text { (#1)}}
l.1581 \end{align}
                  
The control sequence at the end of the top line
of your error message was never \def'ed. If you have
misspelled it (e.g., `\hobx'), type `I' and the correct
spelling (e.g., `I\hbox'). Otherwise just continue,
and I'll forget about whatever was undefined.

./Rudin.tex:1581: Undefined control sequence.
\rap #1->\rrap 
               {\text { (#1)}}
l.1581 \end{align}
                  
The control sequence at the end of the top line
of your error message was never \def'ed. If you have
misspelled it (e.g., `\hobx'), type `I' and the correct
spelling (e.g., `I\hbox'). Otherwise just continue,
and I'll forget about whatever was undefined.

./Rudin.tex:1581: Undefined control sequence.
\rap #1->\rrap 
               {\text { (#1)}}
l.1581 \end{align}
                  
The control sequence at the end of the top line
of your error message was never \def'ed. If you have
misspelled it (e.g., `\hobx'), type `I' and the correct
spelling (e.g., `I\hbox'). Otherwise just continue,
and I'll forget about whatever was undefined.

./Rudin.tex:1581: Undefined control sequence.
\rap #1->\rrap 
               {\text { (#1)}}
l.1581 \end{align}
                  
The control sequence at the end of the top line
of your error message was never \def'ed. If you have
misspelled it (e.g., `\hobx'), type `I' and the correct
spelling (e.g., `I\hbox'). Otherwise just continue,
and I'll forget about whatever was undefined.

./Rudin.tex:1581: Undefined control sequence.
\rap #1->\rrap 
               {\text { (#1)}}
l.1581 \end{align}
                  
The control sequence at the end of the top line
of your error message was never \def'ed. If you have
misspelled it (e.g., `\hobx'), type `I' and the correct
spelling (e.g., `I\hbox'). Otherwise just continue,
and I'll forget about whatever was undefined.

./Rudin.tex:1581: Undefined control sequence.
\rap #1->\rrap 
               {\text { (#1)}}
l.1581 \end{align}
                  
The control sequence at the end of the top line
of your error message was never \def'ed. If you have
misspelled it (e.g., `\hobx'), type `I' and the correct
spelling (e.g., `I\hbox'). Otherwise just continue,
and I'll forget about whatever was undefined.

./Rudin.tex:1581: Undefined control sequence.
\rap #1->\rrap 
               {\text { (#1)}}
l.1581 \end{align}
                  
The control sequence at the end of the top line
of your error message was never \def'ed. If you have
misspelled it (e.g., `\hobx'), type `I' and the correct
spelling (e.g., `I\hbox'). Otherwise just continue,
and I'll forget about whatever was undefined.

[42]
./Rudin.tex:1605: Undefined control sequence.
\rap #1->\rrap 
               {\text { (#1)}}
l.1605   \end{align}
                    
The control sequence at the end of the top line
of your error message was never \def'ed. If you have
misspelled it (e.g., `\hobx'), type `I' and the correct
spelling (e.g., `I\hbox'). Otherwise just continue,
and I'll forget about whatever was undefined.

./Rudin.tex:1605: Undefined control sequence.
\rap #1->\rrap 
               {\text { (#1)}}
l.1605   \end{align}
                    
The control sequence at the end of the top line
of your error message was never \def'ed. If you have
misspelled it (e.g., `\hobx'), type `I' and the correct
spelling (e.g., `I\hbox'). Otherwise just continue,
and I'll forget about whatever was undefined.

./Rudin.tex:1605: Undefined control sequence.
\rap #1->\rrap 
               {\text { (#1)}}
l.1605   \end{align}
                    
The control sequence at the end of the top line
of your error message was never \def'ed. If you have
misspelled it (e.g., `\hobx'), type `I' and the correct
spelling (e.g., `I\hbox'). Otherwise just continue,
and I'll forget about whatever was undefined.

./Rudin.tex:1605: Undefined control sequence.
\rap #1->\rrap 
               {\text { (#1)}}
l.1605   \end{align}
                    
The control sequence at the end of the top line
of your error message was never \def'ed. If you have
misspelled it (e.g., `\hobx'), type `I' and the correct
spelling (e.g., `I\hbox'). Otherwise just continue,
and I'll forget about whatever was undefined.


Underfull \hbox (badness 10000) in paragraph at lines 1621--1622

 []

[43]
./Rudin.tex:1648: Undefined control sequence.
\rap #1->\rrap 
               {\text { (#1)}}
l.1648 \end{align}
                  
The control sequence at the end of the top line
of your error message was never \def'ed. If you have
misspelled it (e.g., `\hobx'), type `I' and the correct
spelling (e.g., `I\hbox'). Otherwise just continue,
and I'll forget about whatever was undefined.

./Rudin.tex:1648: Undefined control sequence.
\rap #1->\rrap 
               {\text { (#1)}}
l.1648 \end{align}
                  
The control sequence at the end of the top line
of your error message was never \def'ed. If you have
misspelled it (e.g., `\hobx'), type `I' and the correct
spelling (e.g., `I\hbox'). Otherwise just continue,
and I'll forget about whatever was undefined.

./Rudin.tex:1648: Undefined control sequence.
\rap #1->\rrap 
               {\text { (#1)}}
l.1648 \end{align}
                  
The control sequence at the end of the top line
of your error message was never \def'ed. If you have
misspelled it (e.g., `\hobx'), type `I' and the correct
spelling (e.g., `I\hbox'). Otherwise just continue,
and I'll forget about whatever was undefined.

./Rudin.tex:1648: Undefined control sequence.
\rap #1->\rrap 
               {\text { (#1)}}
l.1648 \end{align}
                  
The control sequence at the end of the top line
of your error message was never \def'ed. If you have
misspelled it (e.g., `\hobx'), type `I' and the correct
spelling (e.g., `I\hbox'). Otherwise just continue,
and I'll forget about whatever was undefined.

[44] [45]
Underfull \hbox (badness 10000) in paragraph at lines 1729--1730

 []


Underfull \hbox (badness 10000) in paragraph at lines 1733--1734

 []


Underfull \hbox (badness 10000) in paragraph at lines 1735--1736

 []


Underfull \hbox (badness 10000) in paragraph at lines 1737--1738

 []


Underfull \hbox (badness 10000) in paragraph at lines 1755--1756

 []

[46]
Underfull \hbox (badness 10000) in paragraph at lines 1757--1758

 []


Underfull \hbox (badness 10000) in paragraph at lines 1759--1760

 []


Underfull \hbox (badness 10000) in paragraph at lines 1773--1774

 []

[47]
Underfull \hbox (badness 10000) in paragraph at lines 1801--1802

 []


Underfull \hbox (badness 10000) in paragraph at lines 1815--1816

 []


Underfull \hbox (badness 10000) in paragraph at lines 1817--1818

 []

[48]
Underfull \hbox (badness 10000) in paragraph at lines 1844--1845

 []


Underfull \hbox (badness 10000) in paragraph at lines 1846--1847

 []


Underfull \hbox (badness 10000) in paragraph at lines 1848--1849

 []


Underfull \hbox (badness 10000) in paragraph at lines 1850--1851

 []


Underfull \hbox (badness 10000) in paragraph at lines 1852--1853

 []


Underfull \hbox (badness 10000) in paragraph at lines 1855--1856

 []


Underfull \hbox (badness 10000) in paragraph at lines 1857--1858

 []


Underfull \hbox (badness 10000) in paragraph at lines 1860--1861

 []


Underfull \hbox (badness 10000) in paragraph at lines 1862--1863

 []


Underfull \hbox (badness 10000) in paragraph at lines 1864--1865

 []

[49]
Underfull \hbox (badness 10000) in paragraph at lines 1866--1867

 []


Underfull \hbox (badness 10000) in paragraph at lines 1868--1869

 []


Underfull \hbox (badness 10000) in paragraph at lines 1870--1871

 []


Underfull \hbox (badness 10000) in paragraph at lines 1872--1873

 []


Underfull \hbox (badness 10000) in paragraph at lines 1874--1875

 []


Underfull \hbox (badness 10000) in paragraph at lines 1876--1877

 []

[50]
Underfull \hbox (badness 10000) in paragraph at lines 1919--1921

 []


Underfull \hbox (badness 10000) in paragraph at lines 1924--1925

 []


Underfull \hbox (badness 10000) in paragraph at lines 1928--1929

 []


Underfull \hbox (badness 10000) in paragraph at lines 1931--1932

 []


Underfull \hbox (badness 10000) in paragraph at lines 1933--1934

 []


Underfull \hbox (badness 10000) in paragraph at lines 1937--1938

 []


Underfull \hbox (badness 10000) in paragraph at lines 1939--1940

 []


./Rudin.tex:1944: LaTeX Error: There's no line here to end.

See the LaTeX manual or LaTeX Companion for explanation.
Type  H <return>  for immediate help.
 ...                                              
                                                  
l.1944 
       
Your command was ignored.
Type  I <command> <return>  to replace it with another command,
or  <return>  to continue without it.


Underfull \hbox (badness 10000) in paragraph at lines 1948--1949

 []


Underfull \hbox (badness 10000) in paragraph at lines 1950--1951

 []

[51]
Underfull \hbox (badness 10000) in paragraph at lines 1952--1953

 []


Underfull \hbox (badness 10000) in paragraph at lines 1954--1955

 []


Underfull \hbox (badness 10000) in paragraph at lines 1956--1957

 []


Underfull \hbox (badness 10000) in paragraph at lines 1958--1959

 []


Underfull \hbox (badness 10000) in paragraph at lines 1960--1961

 []


Underfull \hbox (badness 10000) in paragraph at lines 1962--1963

 []


Underfull \hbox (badness 10000) in paragraph at lines 1964--1965

 []


Underfull \hbox (badness 10000) in paragraph at lines 1978--1979

 []

[52]
Underfull \hbox (badness 10000) in paragraph at lines 1994--1994

 []


./Rudin.tex:2022: LaTeX Error: Command \textin unavailable in encoding T1.

See the LaTeX manual or LaTeX Companion for explanation.
Type  H <return>  for immediate help.
 ...                                              
                                                  
l.2022 ...\times\R^n\rightarrow \R$ called \textin
                                                  {Euclidean inner product} ...
Your command was ignored.
Type  I <command> <return>  to replace it with another command,
or  <return>  to continue without it.

[53]
Underfull \hbox (badness 10000) in paragraph at lines 2039--2039

 []


Underfull \hbox (badness 10000) in paragraph at lines 2039--2039

 []


Underfull \hbox (badness 10000) in paragraph at lines 2055--2057

 []

[54]
Underfull \hbox (badness 10000) in paragraph at lines 2071--2072

 []

[55] [56]
Underfull \hbox (badness 10000) in paragraph at lines 2183--2185

 []


Underfull \hbox (badness 10000) in paragraph at lines 2199--2199

 []

[57]
Underfull \hbox (badness 10000) in paragraph at lines 2238--2238

 []


Underfull \hbox (badness 10000) in paragraph at lines 2238--2238

 []


Underfull \hbox (badness 10000) in paragraph at lines 2238--2238

 []

[58]
Underfull \hbox (badness 10000) in paragraph at lines 2276--2278

 []


Underfull \hbox (badness 10000) in paragraph at lines 2296--2296

 []


Underfull \hbox (badness 2401) in paragraph at lines 2296--2296
[]\T1/cmr/m/n/14.4 An amaz-ing fact is that for a normed space $\OML/cmm/m/it/14.4 V$ \T1/cmr/m/n/14.4 over $\U/msb/m/n/14 R$ \T1/cmr/m/n/14.4 or $\U/msb/m/n/14 C$\T1/cmr/m/n/14.4 , if $\OML/cmm/m/it/14.4 V$ \T1/cmr/m/n/14.4 sat-isfy
 []


Underfull \hbox (badness 1881) in paragraph at lines 2296--2296
\T1/cmr/m/n/14.4 Par-al-lel-o-gram Law, then we can de-fine an in-ner prod-uct on $\OML/cmm/m/it/14.4 V$ \T1/cmr/m/n/14.4 by $\OMS/cmsy/m/n/14.4 h[]\OML/cmm/m/it/14.4 ; []\OMS/cmsy/m/n/14.4 i \OT1/cmr/m/n/14.4 :=
 []


Underfull \hbox (badness 2393) in paragraph at lines 2296--2296
[]$ \T1/cmr/m/n/14.4 so that this in-ner prod-uct not only
 []


Underfull \hbox (badness 10000) in paragraph at lines 2296--2296

 []


Underfull \hbox (badness 10000) in paragraph at lines 2296--2296

 []

[59]
Underfull \hbox (badness 10000) in paragraph at lines 2302--2304

 []


Underfull \hbox (badness 10000) in paragraph at lines 2311--2312

 []

[60]
Underfull \hbox (badness 10000) in paragraph at lines 2330--2332

 []


Underfull \hbox (badness 10000) in paragraph at lines 2344--2345

 []


Underfull \hbox (badness 10000) in paragraph at lines 2346--2347

 []

[61] [62]
Underfull \hbox (badness 10000) in paragraph at lines 2409--2410

 []


Underfull \hbox (badness 10000) in paragraph at lines 2411--2412

 []

[63]
Underfull \hbox (badness 10000) in paragraph at lines 2456--2457

 []

[64] [65]
Chapter 2.
LaTeX Font Info:    Trying to load font information for U+euf on input line 2476.
(/usr/local/texlive/2023/texmf-dist/tex/latex/amsfonts/ueuf.fd
File: ueuf.fd 2013/01/14 v3.01 Euler Fraktur
) [66

]
Underfull \hbox (badness 10000) in paragraph at lines 2539--2540

 []


Underfull \hbox (badness 10000) in paragraph at lines 2550--2551

 []

[67]
Underfull \hbox (badness 10000) in paragraph at lines 2555--2557

 []


Underfull \hbox (badness 10000) in paragraph at lines 2561--2563

 []


Underfull \hbox (badness 10000) in paragraph at lines 2564--2565

 []


Underfull \hbox (badness 10000) in paragraph at lines 2566--2567

 []


Underfull \hbox (badness 10000) in paragraph at lines 2570--2571

 []


Underfull \hbox (badness 10000) in paragraph at lines 2575--2577

 []


Underfull \hbox (badness 10000) in paragraph at lines 2579--2580

 []


Underfull \hbox (badness 10000) in paragraph at lines 2585--2587

 []

[68]
Underfull \hbox (badness 10000) in paragraph at lines 2591--2593

 []


Underfull \hbox (badness 10000) in paragraph at lines 2594--2595

 []


Underfull \hbox (badness 10000) in paragraph at lines 2599--2601

 []

[69]
Underfull \hbox (badness 10000) in paragraph at lines 2642--2643

 []


Underfull \hbox (badness 10000) in paragraph at lines 2643--2644

 []


Underfull \hbox (badness 10000) in paragraph at lines 2644--2646

 []


Underfull \hbox (badness 10000) in paragraph at lines 2657--2658

 []

[70]
Underfull \hbox (badness 10000) in paragraph at lines 2696--2696

 []


Underfull \hbox (badness 10000) in paragraph at lines 2747--2748

 []

[71]
Underfull \hbox (badness 10000) in paragraph at lines 2762--2762

 []

[72]
Underfull \hbox (badness 10000) in paragraph at lines 2819--2819

 []


Underfull \hbox (badness 10000) in paragraph at lines 2838--2838

 []


Underfull \hbox (badness 10000) in paragraph at lines 2838--2838

 []

[73]
Underfull \hbox (badness 10000) in paragraph at lines 2858--2858

 []


Underfull \hbox (badness 10000) in paragraph at lines 2881--2882

 []


Underfull \hbox (badness 10000) in paragraph at lines 2883--2884

 []

[74] [75]
Underfull \hbox (badness 10000) in paragraph at lines 2962--2963

 []


Underfull \hbox (badness 10000) in paragraph at lines 2975--2977

 []

[76]
Underfull \hbox (badness 10000) in paragraph at lines 3048--3050

 []


Underfull \hbox (badness 10000) in paragraph at lines 3051--3052

 []

[77]
Underfull \hbox (badness 10000) in paragraph at lines 3056--3058

 []


Underfull \hbox (badness 10000) in paragraph at lines 3072--3072

 []


Underfull \hbox (badness 10000) in paragraph at lines 3072--3072

 []


Underfull \hbox (badness 10000) in paragraph at lines 3072--3072

 []


Underfull \hbox (badness 10000) in paragraph at lines 3072--3072

 []


Underfull \hbox (badness 10000) in paragraph at lines 3088--3089

 []

[78]
Underfull \hbox (badness 10000) in paragraph at lines 3108--3109

 []


Underfull \hbox (badness 10000) in paragraph at lines 3126--3128

 []


Underfull \hbox (badness 10000) in paragraph at lines 3132--3134

 []

[79]
Underfull \hbox (badness 10000) in paragraph at lines 3153--3155

 []

[80]
Underfull \hbox (badness 10000) in paragraph at lines 3215--3215

 []

[81]
Underfull \hbox (badness 10000) in paragraph at lines 3266--3270

 []


Underfull \hbox (badness 10000) in paragraph at lines 3282--3284

 []


Underfull \hbox (badness 10000) in paragraph at lines 3299--3299

 []

[82] [83]
Underfull \hbox (badness 10000) in paragraph at lines 3360--3362

 []


Underfull \hbox (badness 10000) in paragraph at lines 3363--3364

 []


Underfull \hbox (badness 10000) in paragraph at lines 3368--3370

 []


Underfull \hbox (badness 10000) in paragraph at lines 3376--3378

 []

[84]
./Rudin.tex:3393: Undefined control sequence.
l.3393 I_n \subseteq B_r(\secta
                               {x})\subseteq G_{\beta }
The control sequence at the end of the top line
of your error message was never \def'ed. If you have
misspelled it (e.g., `\hobx'), type `I' and the correct
spelling (e.g., `I\hbox'). Otherwise just continue,
and I'll forget about whatever was undefined.


Underfull \hbox (badness 10000) in paragraph at lines 3415--3416

 []


Underfull \hbox (badness 10000) in paragraph at lines 3436--3437

 []


Underfull \hbox (badness 10000) in paragraph at lines 3438--3439

 []

[85]
Underfull \hbox (badness 10000) in paragraph at lines 3440--3441

 []


Underfull \hbox (badness 10000) in paragraph at lines 3442--3443

 []


Underfull \hbox (badness 10000) in paragraph at lines 3475--3476

 []

[86]
Underfull \hbox (badness 10000) in paragraph at lines 3488--3490

 []


Underfull \hbox (badness 10000) in paragraph at lines 3491--3492

 []


Underfull \hbox (badness 10000) in paragraph at lines 3493--3494

 []


Underfull \hbox (badness 10000) in paragraph at lines 3495--3496

 []


Underfull \hbox (badness 10000) in paragraph at lines 3497--3498

 []


Underfull \hbox (badness 10000) in paragraph at lines 3499--3500

 []

[87]
Underfull \hbox (badness 10000) in paragraph at lines 3528--3530

 []


Underfull \hbox (badness 10000) in paragraph at lines 3531--3532

 []


Underfull \hbox (badness 10000) in paragraph at lines 3544--3546

 []

[88]
Underfull \hbox (badness 10000) in paragraph at lines 3558--3560

 []


Underfull \hbox (badness 10000) in paragraph at lines 3561--3562

 []


Underfull \hbox (badness 10000) in paragraph at lines 3563--3564

 []


Underfull \hbox (badness 10000) in paragraph at lines 3565--3566

 []


Underfull \hbox (badness 10000) in paragraph at lines 3582--3584

 []


Underfull \hbox (badness 10000) in paragraph at lines 3585--3586

 []

[89]
Underfull \hbox (badness 10000) in paragraph at lines 3607--3609

 []


Underfull \hbox (badness 10000) in paragraph at lines 3621--3623

 []


Underfull \hbox (badness 10000) in paragraph at lines 3627--3629

 []

[90]
Underfull \hbox (badness 10000) in paragraph at lines 3640--3642

 []


Underfull \hbox (badness 10000) in paragraph at lines 3646--3648

 []


Underfull \hbox (badness 10000) in paragraph at lines 3656--3658

 []


Underfull \hbox (badness 10000) in paragraph at lines 3685--3685

 []

[91]
Underfull \hbox (badness 10000) in paragraph at lines 3694--3695

 []


Underfull \hbox (badness 10000) in paragraph at lines 3696--3697

 []


Underfull \hbox (badness 10000) in paragraph at lines 3705--3707

 []


Underfull \hbox (badness 10000) in paragraph at lines 3711--3713

 []


Underfull \hbox (badness 10000) in paragraph at lines 3714--3715

 []


Underfull \hbox (badness 10000) in paragraph at lines 3716--3717

 []


Underfull \hbox (badness 10000) in paragraph at lines 3718--3719

 []

[92]
Underfull \hbox (badness 10000) in paragraph at lines 3736--3738

 []


Underfull \hbox (badness 10000) in paragraph at lines 3739--3740

 []


Package tcolorbox Warning: Discard zero height first box part due to break problems (possible loss of zero height content) on input line 3769.

[93]

Package tcolorbox Warning: Using nobreak failed. Try to enlarge `lines before break' or set page breaks manually on input line 3769.


Underfull \hbox (badness 10000) in paragraph at lines 3774--3776

 []


Underfull \hbox (badness 10000) in paragraph at lines 3777--3778

 []


Underfull \hbox (badness 10000) in paragraph at lines 3780--3782

 []


Underfull \hbox (badness 10000) in paragraph at lines 3783--3784

 []


Underfull \hbox (badness 10000) in paragraph at lines 3785--3786

 []


Underfull \hbox (badness 10000) in paragraph at lines 3787--3788

 []


Underfull \hbox (badness 10000) in paragraph at lines 3792--3794

 []

[94]
Underfull \hbox (badness 10000) in paragraph at lines 3801--3802

 []


Underfull \hbox (badness 10000) in paragraph at lines 3803--3804

 []


Underfull \hbox (badness 10000) in paragraph at lines 3808--3810

 []

./Rudin.tex:3811: Undefined control sequence.
l.3811 ...k=1}^s \abso{x_k}+\abso{y_k}-\lim_{n\tof
                                                  \infty}\sum_{n=1}^k\abso{x...
The control sequence at the end of the top line
of your error message was never \def'ed. If you have
misspelled it (e.g., `\hobx'), type `I' and the correct
spelling (e.g., `I\hbox'). Otherwise just continue,
and I'll forget about whatever was undefined.


Underfull \hbox (badness 10000) in paragraph at lines 3811--3812

 []

[95]
Chapter 3.
[96

]
Chapter 4.
[97

]
./Rudin.tex:3906: Undefined control sequence.
\rap #1->\rrap 
               {\text { (#1)}}
l.3906 \end{align}
                  
The control sequence at the end of the top line
of your error message was never \def'ed. If you have
misspelled it (e.g., `\hobx'), type `I' and the correct
spelling (e.g., `I\hbox'). Otherwise just continue,
and I'll forget about whatever was undefined.

./Rudin.tex:3906: Undefined control sequence.
\rap #1->\rrap 
               {\text { (#1)}}
l.3906 \end{align}
                  
The control sequence at the end of the top line
of your error message was never \def'ed. If you have
misspelled it (e.g., `\hobx'), type `I' and the correct
spelling (e.g., `I\hbox'). Otherwise just continue,
and I'll forget about whatever was undefined.

./Rudin.tex:3906: Undefined control sequence.
\rap #1->\rrap 
               {\text { (#1)}}
l.3906 \end{align}
                  
The control sequence at the end of the top line
of your error message was never \def'ed. If you have
misspelled it (e.g., `\hobx'), type `I' and the correct
spelling (e.g., `I\hbox'). Otherwise just continue,
and I'll forget about whatever was undefined.

./Rudin.tex:3906: Misplaced alignment tab character &.
<argument>  because $q(p-1)&
                            =p$ 
l.3906 \end{align}
                  
I can't figure out why you would want to use a tab mark
here. If you just want an ampersand, the remedy is
simple: Just type `I\&' now. But if some right brace
up above has ended a previous alignment prematurely,
you're probably due for more error messages, and you
might try typing `S' now just to see what is salvageable.

./Rudin.tex:3906: Misplaced alignment tab character &.
<argument>  because $q(p-1)&
                            =p$ 
l.3906 \end{align}
                  
I can't figure out why you would want to use a tab mark
here. If you just want an ampersand, the remedy is
simple: Just type `I\&' now. But if some right brace
up above has ended a previous alignment prematurely,
you're probably due for more error messages, and you
might try typing `S' now just to see what is salvageable.

./Rudin.tex:3906: Misplaced alignment tab character &.
<argument>  because $q(p-1)&
                            =p$ 
l.3906 \end{align}
                  
I can't figure out why you would want to use a tab mark
here. If you just want an ampersand, the remedy is
simple: Just type `I\&' now. But if some right brace
up above has ended a previous alignment prematurely,
you're probably due for more error messages, and you
might try typing `S' now just to see what is salvageable.

./Rudin.tex:3906: Misplaced alignment tab character &.
<argument>  because $q(p-1)&
                            =p$ 
l.3906 \end{align}
                  
I can't figure out why you would want to use a tab mark
here. If you just want an ampersand, the remedy is
simple: Just type `I\&' now. But if some right brace
up above has ended a previous alignment prematurely,
you're probably due for more error messages, and you
might try typing `S' now just to see what is salvageable.

./Rudin.tex:3906: Undefined control sequence.
\rap #1->\rrap 
               {\text { (#1)}}
l.3906 \end{align}
                  
The control sequence at the end of the top line
of your error message was never \def'ed. If you have
misspelled it (e.g., `\hobx'), type `I' and the correct
spelling (e.g., `I\hbox'). Otherwise just continue,
and I'll forget about whatever was undefined.

./Rudin.tex:3906: Undefined control sequence.
\rap #1->\rrap 
               {\text { (#1)}}
l.3906 \end{align}
                  
The control sequence at the end of the top line
of your error message was never \def'ed. If you have
misspelled it (e.g., `\hobx'), type `I' and the correct
spelling (e.g., `I\hbox'). Otherwise just continue,
and I'll forget about whatever was undefined.

./Rudin.tex:3906: Undefined control sequence.
\rap #1->\rrap 
               {\text { (#1)}}
l.3906 \end{align}
                  
The control sequence at the end of the top line
of your error message was never \def'ed. If you have
misspelled it (e.g., `\hobx'), type `I' and the correct
spelling (e.g., `I\hbox'). Otherwise just continue,
and I'll forget about whatever was undefined.

./Rudin.tex:3906: Misplaced alignment tab character &.
<argument>  because $q(p-1)&
                            =p$ 
l.3906 \end{align}
                  
I can't figure out why you would want to use a tab mark
here. If you just want an ampersand, the remedy is
simple: Just type `I\&' now. But if some right brace
up above has ended a previous alignment prematurely,
you're probably due for more error messages, and you
might try typing `S' now just to see what is salvageable.

./Rudin.tex:3906: Misplaced alignment tab character &.
<argument>  because $q(p-1)&
                            =p$ 
l.3906 \end{align}
                  
I can't figure out why you would want to use a tab mark
here. If you just want an ampersand, the remedy is
simple: Just type `I\&' now. But if some right brace
up above has ended a previous alignment prematurely,
you're probably due for more error messages, and you
might try typing `S' now just to see what is salvageable.

./Rudin.tex:3906: Misplaced alignment tab character &.
<argument>  because $q(p-1)&
                            =p$ 
l.3906 \end{align}
                  
I can't figure out why you would want to use a tab mark
here. If you just want an ampersand, the remedy is
simple: Just type `I\&' now. But if some right brace
up above has ended a previous alignment prematurely,
you're probably due for more error messages, and you
might try typing `S' now just to see what is salvageable.

./Rudin.tex:3906: Misplaced alignment tab character &.
<argument>  because $q(p-1)&
                            =p$ 
l.3906 \end{align}
                  
I can't figure out why you would want to use a tab mark
here. If you just want an ampersand, the remedy is
simple: Just type `I\&' now. But if some right brace
up above has ended a previous alignment prematurely,
you're probably due for more error messages, and you
might try typing `S' now just to see what is salvageable.

[98]
Overfull \hbox (11.35045pt too wide) in paragraph at lines 3937--3938
[][]\T1/cmr/bx/n/14.4 Definition 4.2.3. [](A Gen-eral Def-i-ni-tion of Dif-fer-en-tiable of Func-tion from Normed
 []

[99] [100] [101] [102] [103] [104] [105] [106]
Chapter 5.

Underfull \hbox (badness 10000) in paragraph at lines 4320--4321

 []


Overfull \hbox (19.43384pt too wide) in paragraph at lines 4343--4344
[]$\OMS/cmsy/m/n/14.4 k\OML/cmm/m/it/14.4 A\OMS/cmsy/m/n/14.4 k \OT1/cmr/m/n/14.4 = [] [] = [] []$\T1/cmr/m/n/14.4 . 
 []

[107

]
Underfull \hbox (badness 10000) in paragraph at lines 4349--4350

 []


Underfull \hbox (badness 10000) in paragraph at lines 4351--4352

 []


Underfull \hbox (badness 10000) in paragraph at lines 4353--4354

 []


Underfull \hbox (badness 10000) in paragraph at lines 4355--4357

 []


Underfull \hbox (badness 10000) in paragraph at lines 4358--4359

 []


Underfull \hbox (badness 10000) in paragraph at lines 4360--4361

 []


Underfull \hbox (badness 10000) in paragraph at lines 4362--4363

 []

[108]
Underfull \hbox (badness 10000) in paragraph at lines 4367--4368

 []


Underfull \hbox (badness 10000) in paragraph at lines 4369--4370

 []


Underfull \hbox (badness 10000) in paragraph at lines 4374--4375

 []


Underfull \hbox (badness 10000) in paragraph at lines 4376--4377

 []


Underfull \hbox (badness 10000) in paragraph at lines 4378--4379

 []


Underfull \hbox (badness 10000) in paragraph at lines 4380--4381

 []


Underfull \hbox (badness 10000) in paragraph at lines 4382--4383

 []

[109]
Underfull \hbox (badness 10000) in paragraph at lines 4401--4402

 []


Underfull \hbox (badness 10000) in paragraph at lines 4403--4404

 []


Underfull \hbox (badness 10000) in paragraph at lines 4405--4406

 []


Underfull \hbox (badness 10000) in paragraph at lines 4410--4411

 []

[110] [111]
Underfull \hbox (badness 10000) in paragraph at lines 4445--4446

 []


Underfull \hbox (badness 10000) in paragraph at lines 4467--4468

 []

[112]
Underfull \hbox (badness 10000) in paragraph at lines 4482--4483

 []

[113]
Underfull \hbox (badness 10000) in paragraph at lines 4546--4548

 []

[114]

Package tcolorbox Warning: Using nobreak failed. Try to enlarge `lines before break' or set page breaks manually on input line 4564.


Underfull \hbox (badness 10000) in paragraph at lines 4569--4571

 []


Underfull \hbox (badness 10000) in paragraph at lines 4595--4597

 []

[115]
Underfull \hbox (badness 10000) in paragraph at lines 4620--4622

 []


Underfull \hbox (badness 10000) in paragraph at lines 4623--4624

 []


Underfull \hbox (badness 10000) in paragraph at lines 4629--4631

 []


Underfull \hbox (badness 10000) in paragraph at lines 4636--4638

 []


Underfull \hbox (badness 10000) in paragraph at lines 4644--4645

 []


Underfull \hbox (badness 10000) in paragraph at lines 4649--4651

 []

[116]
Underfull \hbox (badness 10000) in paragraph at lines 4659--4661

 []


Underfull \hbox (badness 10000) in paragraph at lines 4662--4663

 []


Underfull \hbox (badness 10000) in paragraph at lines 4675--4677

 []


Underfull \hbox (badness 10000) in paragraph at lines 4678--4679

 []


Underfull \hbox (badness 10000) in paragraph at lines 4680--4681

 []


Underfull \hbox (badness 10000) in paragraph at lines 4685--4687

 []

[117]
Underfull \hbox (badness 10000) in paragraph at lines 4723--4724

 []


Underfull \hbox (badness 10000) in paragraph at lines 4725--4726

 []

[118] [119] [120] (./Rudin.aux)

LaTeX Font Warning: Size substitutions with differences
(Font)              up to 0.99791pt have occurred.

 ) 
Here is how much of TeX's memory you used:
 37593 strings out of 476025
 751712 string characters out of 5790017
 1884388 words of memory out of 5000000
 56241 multiletter control sequences out of 15000+600000
 542376 words of font info for 103 fonts, out of 8000000 for 9000
 1141 hyphenation exceptions out of 8191
 103i,16n,99p,1504b,1390s stack positions out of 10000i,1000n,20000p,200000b,200000s
</usr/local/texlive/2023/texmf-dist/fonts/type1/public/amsfonts/cm/cmex10.pfb></usr/local/texlive/2023/texmf-dist/fonts/type1/public/amsfonts/cm/cmmi10.pfb></usr/local/texlive/2023/texmf-dist/fonts/type1/public/amsfonts/cm/cmmi12.pfb></usr/local/texlive/2023/texmf-dist/fonts/type1/public/amsfonts/cm/cmmi7.pfb></usr/local/texlive/2023/texmf-dist/fonts/type1/public/amsfonts/cm/cmr10.pfb></usr/local/texlive/2023/texmf-dist/fonts/type1/public/amsfonts/cm/cmr12.pfb></usr/local/texlive/2023/texmf-dist/fonts/type1/public/amsfonts/cm/cmr7.pfb></usr/local/texlive/2023/texmf-dist/fonts/type1/public/amsfonts/cm/cmsy10.pfb></usr/local/texlive/2023/texmf-dist/fonts/type1/public/amsfonts/cm/cmsy7.pfb></usr/local/texlive/2023/texmf-dist/fonts/type1/public/amsfonts/euler/eufm10.pfb></usr/local/texlive/2023/texmf-dist/fonts/type1/public/amsfonts/symbols/msam10.pfb></usr/local/texlive/2023/texmf-dist/fonts/type1/public/amsfonts/symbols/msbm10.pfb></usr/local/texlive/2023/texmf-dist/fonts/type1/public/cm-super/sfbx1000.pfb></usr/local/texlive/2023/texmf-dist/fonts/type1/public/cm-super/sfbx1440.pfb></usr/local/texlive/2023/texmf-dist/fonts/type1/public/cm-super/sfbx2074.pfb></usr/local/texlive/2023/texmf-dist/fonts/type1/public/cm-super/sfbx2986.pfb></usr/local/texlive/2023/texmf-dist/fonts/type1/public/cm-super/sfbx3583.pfb></usr/local/texlive/2023/texmf-dist/fonts/type1/public/cm-super/sfrm1200.pfb></usr/local/texlive/2023/texmf-dist/fonts/type1/public/cm-super/sfrm1440.pfb></usr/local/texlive/2023/texmf-dist/fonts/type1/public/cm-super/sfrm2986.pfb></usr/local/texlive/2023/texmf-dist/fonts/type1/public/cm-super/sfrm3583.pfb></usr/local/texlive/2023/texmf-dist/fonts/type1/public/cm-super/sfti1440.pfb></usr/local/texlive/2023/texmf-dist/fonts/type1/public/cm-super/sfxc1728.pfb></usr/local/texlive/2023/texmf-dist/fonts/type1/public/cm-super/sfxc2074.pfb></usr/local/texlive/2023/texmf-dist/fonts/type1/public/cm-super/sfxc3583.pfb>
Output written on Rudin.pdf (121 pages, 755360 bytes).
PDF statistics:
 2244 PDF objects out of 2487 (max. 8388607)
 1943 compressed objects within 20 object streams
 1127 named destinations out of 1200 (max. 500000)
 445 words of extra memory for PDF output out of 10000 (max. 10000000)

