This is pdfTeX, Version 3.141592653-2.6-1.40.25 (TeX Live 2023) (preloaded format=pdflatex 2023.6.24)  10 MAY 2024 18:00
entering extended mode
 restricted \write18 enabled.
 file:line:error style messages enabled.
 %&-line parsing enabled.
**"Miscellaneous Facts.tex"
(./Miscellaneous Facts.tex
LaTeX2e <2022-11-01> patch level 1
L3 programming layer <2023-02-22> (/usr/local/texlive/2023/texmf-dist/tex/latex/base/report.cls
Document Class: report 2022/07/02 v1.4n Standard LaTeX document class
(/usr/local/texlive/2023/texmf-dist/tex/latex/base/size10.clo
File: size10.clo 2022/07/02 v1.4n Standard LaTeX file (size option)
)
\c@part=\count185
\c@chapter=\count186
\c@section=\count187
\c@subsection=\count188
\c@subsubsection=\count189
\c@paragraph=\count190
\c@subparagraph=\count191
\c@figure=\count192
\c@table=\count193
\abovecaptionskip=\skip48
\belowcaptionskip=\skip49
\bibindent=\dimen140
) (./preamble.tex (/usr/local/texlive/2023/texmf-dist/tex/latex/base/fontenc.sty
Package: fontenc 2021/04/29 v2.0v Standard LaTeX package
) (/usr/local/texlive/2023/texmf-dist/tex/latex/etoolbox/etoolbox.sty
Package: etoolbox 2020/10/05 v2.5k e-TeX tools for LaTeX (JAW)
\etb@tempcnta=\count194
) (/usr/local/texlive/2023/texmf-dist/tex/latex/geometry/geometry.sty
Package: geometry 2020/01/02 v5.9 Page Geometry
 (/usr/local/texlive/2023/texmf-dist/tex/latex/graphics/keyval.sty
Package: keyval 2022/05/29 v1.15 key=value parser (DPC)
\KV@toks@=\toks16
) (/usr/local/texlive/2023/texmf-dist/tex/generic/iftex/ifvtex.sty
Package: ifvtex 2019/10/25 v1.7 ifvtex legacy package. Use iftex instead.
 (/usr/local/texlive/2023/texmf-dist/tex/generic/iftex/iftex.sty
Package: iftex 2022/02/03 v1.0f TeX engine tests
))
\Gm@cnth=\count195
\Gm@cntv=\count196
\c@Gm@tempcnt=\count197
\Gm@bindingoffset=\dimen141
\Gm@wd@mp=\dimen142
\Gm@odd@mp=\dimen143
\Gm@even@mp=\dimen144
\Gm@layoutwidth=\dimen145
\Gm@layoutheight=\dimen146
\Gm@layouthoffset=\dimen147
\Gm@layoutvoffset=\dimen148
\Gm@dimlist=\toks17
) (/usr/local/texlive/2023/texmf-dist/tex/latex/adjustbox/adjustbox.sty
Package: adjustbox 2022/10/17 v1.3a Adjusting TeX boxes (trim, clip, ...)
 (/usr/local/texlive/2023/texmf-dist/tex/latex/xkeyval/xkeyval.sty
Package: xkeyval 2022/06/16 v2.9 package option processing (HA)
 (/usr/local/texlive/2023/texmf-dist/tex/generic/xkeyval/xkeyval.tex (/usr/local/texlive/2023/texmf-dist/tex/generic/xkeyval/xkvutils.tex
\XKV@toks=\toks18
\XKV@tempa@toks=\toks19
)
\XKV@depth=\count198
File: xkeyval.tex 2014/12/03 v2.7a key=value parser (HA)
)) (/usr/local/texlive/2023/texmf-dist/tex/latex/adjustbox/adjcalc.sty
Package: adjcalc 2012/05/16 v1.1 Provides advanced setlength with multiple back-ends (calc, etex, pgfmath)
) (/usr/local/texlive/2023/texmf-dist/tex/latex/adjustbox/trimclip.sty
Package: trimclip 2020/08/19 v1.2 Trim and clip general TeX material
 (/usr/local/texlive/2023/texmf-dist/tex/latex/graphics/graphicx.sty
Package: graphicx 2021/09/16 v1.2d Enhanced LaTeX Graphics (DPC,SPQR)
 (/usr/local/texlive/2023/texmf-dist/tex/latex/graphics/graphics.sty
Package: graphics 2022/03/10 v1.4e Standard LaTeX Graphics (DPC,SPQR)
 (/usr/local/texlive/2023/texmf-dist/tex/latex/graphics/trig.sty
Package: trig 2021/08/11 v1.11 sin cos tan (DPC)
) (/usr/local/texlive/2023/texmf-dist/tex/latex/graphics-cfg/graphics.cfg
File: graphics.cfg 2016/06/04 v1.11 sample graphics configuration
)
Package graphics Info: Driver file: pdftex.def on input line 107.
 (/usr/local/texlive/2023/texmf-dist/tex/latex/graphics-def/pdftex.def
File: pdftex.def 2022/09/22 v1.2b Graphics/color driver for pdftex
))
\Gin@req@height=\dimen149
\Gin@req@width=\dimen150
) (/usr/local/texlive/2023/texmf-dist/tex/latex/collectbox/collectbox.sty
Package: collectbox 2022/10/17 v0.4c Collect macro arguments as boxes
\collectedbox=\box51
)
\tc@llx=\dimen151
\tc@lly=\dimen152
\tc@urx=\dimen153
\tc@ury=\dimen154
Package trimclip Info: Using driver 'tc-pdftex.def'.
 (/usr/local/texlive/2023/texmf-dist/tex/latex/adjustbox/tc-pdftex.def
File: tc-pdftex.def 2019/01/04 v2.2 Clipping driver for pdftex
))
\adjbox@Width=\dimen155
\adjbox@Height=\dimen156
\adjbox@Depth=\dimen157
\adjbox@Totalheight=\dimen158
\adjbox@pwidth=\dimen159
\adjbox@pheight=\dimen160
\adjbox@pdepth=\dimen161
\adjbox@ptotalheight=\dimen162
 (/usr/local/texlive/2023/texmf-dist/tex/latex/ifoddpage/ifoddpage.sty
Package: ifoddpage 2022/10/18 v1.2 Conditionals for odd/even page detection
\c@checkoddpage=\count199
) (/usr/local/texlive/2023/texmf-dist/tex/latex/varwidth/varwidth.sty
Package: varwidth 2009/03/30 ver 0.92;  Variable-width minipages
\@vwid@box=\box52
\sift@deathcycles=\count266
\@vwid@loff=\dimen163
\@vwid@roff=\dimen164
)) (/usr/local/texlive/2023/texmf-dist/tex/latex/pgf/frontendlayer/tikz.sty (/usr/local/texlive/2023/texmf-dist/tex/latex/pgf/basiclayer/pgf.sty (/usr/local/texlive/2023/texmf-dist/tex/latex/pgf/utilities/pgfrcs.sty (/usr/local/texlive/2023/texmf-dist/tex/generic/pgf/utilities/pgfutil-common.tex
\pgfutil@everybye=\toks20
\pgfutil@tempdima=\dimen165
\pgfutil@tempdimb=\dimen166
) (/usr/local/texlive/2023/texmf-dist/tex/generic/pgf/utilities/pgfutil-latex.def
\pgfutil@abb=\box53
) (/usr/local/texlive/2023/texmf-dist/tex/generic/pgf/utilities/pgfrcs.code.tex
(/usr/local/texlive/2023/texmf-dist/tex/generic/pgf/pgf.revision.tex)
Package: pgfrcs 2023-01-15 v3.1.10 (3.1.10)
))
Package: pgf 2023-01-15 v3.1.10 (3.1.10)
 (/usr/local/texlive/2023/texmf-dist/tex/latex/pgf/basiclayer/pgfcore.sty (/usr/local/texlive/2023/texmf-dist/tex/latex/pgf/systemlayer/pgfsys.sty (/usr/local/texlive/2023/texmf-dist/tex/generic/pgf/systemlayer/pgfsys.code.tex
Package: pgfsys 2023-01-15 v3.1.10 (3.1.10)
 (/usr/local/texlive/2023/texmf-dist/tex/generic/pgf/utilities/pgfkeys.code.tex
\pgfkeys@pathtoks=\toks21
\pgfkeys@temptoks=\toks22
 (/usr/local/texlive/2023/texmf-dist/tex/generic/pgf/utilities/pgfkeyslibraryfiltered.code.tex
\pgfkeys@tmptoks=\toks23
))
\pgf@x=\dimen167
\pgf@y=\dimen168
\pgf@xa=\dimen169
\pgf@ya=\dimen170
\pgf@xb=\dimen171
\pgf@yb=\dimen172
\pgf@xc=\dimen173
\pgf@yc=\dimen174
\pgf@xd=\dimen175
\pgf@yd=\dimen176
\w@pgf@writea=\write3
\r@pgf@reada=\read2
\c@pgf@counta=\count267
\c@pgf@countb=\count268
\c@pgf@countc=\count269
\c@pgf@countd=\count270
\t@pgf@toka=\toks24
\t@pgf@tokb=\toks25
\t@pgf@tokc=\toks26
\pgf@sys@id@count=\count271
 (/usr/local/texlive/2023/texmf-dist/tex/generic/pgf/systemlayer/pgf.cfg
File: pgf.cfg 2023-01-15 v3.1.10 (3.1.10)
)
Driver file for pgf: pgfsys-pdftex.def
 (/usr/local/texlive/2023/texmf-dist/tex/generic/pgf/systemlayer/pgfsys-pdftex.def
File: pgfsys-pdftex.def 2023-01-15 v3.1.10 (3.1.10)
 (/usr/local/texlive/2023/texmf-dist/tex/generic/pgf/systemlayer/pgfsys-common-pdf.def
File: pgfsys-common-pdf.def 2023-01-15 v3.1.10 (3.1.10)
))) (/usr/local/texlive/2023/texmf-dist/tex/generic/pgf/systemlayer/pgfsyssoftpath.code.tex
File: pgfsyssoftpath.code.tex 2023-01-15 v3.1.10 (3.1.10)
\pgfsyssoftpath@smallbuffer@items=\count272
\pgfsyssoftpath@bigbuffer@items=\count273
) (/usr/local/texlive/2023/texmf-dist/tex/generic/pgf/systemlayer/pgfsysprotocol.code.tex
File: pgfsysprotocol.code.tex 2023-01-15 v3.1.10 (3.1.10)
)) (/usr/local/texlive/2023/texmf-dist/tex/latex/xcolor/xcolor.sty
Package: xcolor 2022/06/12 v2.14 LaTeX color extensions (UK)
 (/usr/local/texlive/2023/texmf-dist/tex/latex/graphics-cfg/color.cfg
File: color.cfg 2016/01/02 v1.6 sample color configuration
)
Package xcolor Info: Driver file: pdftex.def on input line 227.
 (/usr/local/texlive/2023/texmf-dist/tex/latex/graphics/mathcolor.ltx)
Package xcolor Info: Model `cmy' substituted by `cmy0' on input line 1353.
Package xcolor Info: Model `hsb' substituted by `rgb' on input line 1357.
Package xcolor Info: Model `RGB' extended on input line 1369.
Package xcolor Info: Model `HTML' substituted by `rgb' on input line 1371.
Package xcolor Info: Model `Hsb' substituted by `hsb' on input line 1372.
Package xcolor Info: Model `tHsb' substituted by `hsb' on input line 1373.
Package xcolor Info: Model `HSB' substituted by `hsb' on input line 1374.
Package xcolor Info: Model `Gray' substituted by `gray' on input line 1375.
Package xcolor Info: Model `wave' substituted by `hsb' on input line 1376.
) (/usr/local/texlive/2023/texmf-dist/tex/generic/pgf/basiclayer/pgfcore.code.tex
Package: pgfcore 2023-01-15 v3.1.10 (3.1.10)
 (/usr/local/texlive/2023/texmf-dist/tex/generic/pgf/math/pgfmath.code.tex (/usr/local/texlive/2023/texmf-dist/tex/generic/pgf/math/pgfmathutil.code.tex) (/usr/local/texlive/2023/texmf-dist/tex/generic/pgf/math/pgfmathparser.code.tex
\pgfmath@dimen=\dimen177
\pgfmath@count=\count274
\pgfmath@box=\box54
\pgfmath@toks=\toks27
\pgfmath@stack@operand=\toks28
\pgfmath@stack@operation=\toks29
) (/usr/local/texlive/2023/texmf-dist/tex/generic/pgf/math/pgfmathfunctions.code.tex) (/usr/local/texlive/2023/texmf-dist/tex/generic/pgf/math/pgfmathfunctions.basic.code.tex) (/usr/local/texlive/2023/texmf-dist/tex/generic/pgf/math/pgfmathfunctions.trigonometric.code.tex) (/usr/local/texlive/2023/texmf-dist/tex/generic/pgf/math/pgfmathfunctions.random.code.tex) (/usr/local/texlive/2023/texmf-dist/tex/generic/pgf/math/pgfmathfunctions.comparison.code.tex) (/usr/local/texlive/2023/texmf-dist/tex/generic/pgf/math/pgfmathfunctions.base.code.tex)
(/usr/local/texlive/2023/texmf-dist/tex/generic/pgf/math/pgfmathfunctions.round.code.tex) (/usr/local/texlive/2023/texmf-dist/tex/generic/pgf/math/pgfmathfunctions.misc.code.tex) (/usr/local/texlive/2023/texmf-dist/tex/generic/pgf/math/pgfmathfunctions.integerarithmetics.code.tex) (/usr/local/texlive/2023/texmf-dist/tex/generic/pgf/math/pgfmathcalc.code.tex) (/usr/local/texlive/2023/texmf-dist/tex/generic/pgf/math/pgfmathfloat.code.tex
\c@pgfmathroundto@lastzeros=\count275
)) (/usr/local/texlive/2023/texmf-dist/tex/generic/pgf/math/pgfint.code.tex) (/usr/local/texlive/2023/texmf-dist/tex/generic/pgf/basiclayer/pgfcorepoints.code.tex
File: pgfcorepoints.code.tex 2023-01-15 v3.1.10 (3.1.10)
\pgf@picminx=\dimen178
\pgf@picmaxx=\dimen179
\pgf@picminy=\dimen180
\pgf@picmaxy=\dimen181
\pgf@pathminx=\dimen182
\pgf@pathmaxx=\dimen183
\pgf@pathminy=\dimen184
\pgf@pathmaxy=\dimen185
\pgf@xx=\dimen186
\pgf@xy=\dimen187
\pgf@yx=\dimen188
\pgf@yy=\dimen189
\pgf@zx=\dimen190
\pgf@zy=\dimen191
) (/usr/local/texlive/2023/texmf-dist/tex/generic/pgf/basiclayer/pgfcorepathconstruct.code.tex
File: pgfcorepathconstruct.code.tex 2023-01-15 v3.1.10 (3.1.10)
\pgf@path@lastx=\dimen192
\pgf@path@lasty=\dimen193
) (/usr/local/texlive/2023/texmf-dist/tex/generic/pgf/basiclayer/pgfcorepathusage.code.tex
File: pgfcorepathusage.code.tex 2023-01-15 v3.1.10 (3.1.10)
\pgf@shorten@end@additional=\dimen194
\pgf@shorten@start@additional=\dimen195
) (/usr/local/texlive/2023/texmf-dist/tex/generic/pgf/basiclayer/pgfcorescopes.code.tex
File: pgfcorescopes.code.tex 2023-01-15 v3.1.10 (3.1.10)
\pgfpic=\box55
\pgf@hbox=\box56
\pgf@layerbox@main=\box57
\pgf@picture@serial@count=\count276
) (/usr/local/texlive/2023/texmf-dist/tex/generic/pgf/basiclayer/pgfcoregraphicstate.code.tex
File: pgfcoregraphicstate.code.tex 2023-01-15 v3.1.10 (3.1.10)
\pgflinewidth=\dimen196
) (/usr/local/texlive/2023/texmf-dist/tex/generic/pgf/basiclayer/pgfcoretransformations.code.tex
File: pgfcoretransformations.code.tex 2023-01-15 v3.1.10 (3.1.10)
\pgf@pt@x=\dimen197
\pgf@pt@y=\dimen198
\pgf@pt@temp=\dimen199
) (/usr/local/texlive/2023/texmf-dist/tex/generic/pgf/basiclayer/pgfcorequick.code.tex
File: pgfcorequick.code.tex 2023-01-15 v3.1.10 (3.1.10)
) (/usr/local/texlive/2023/texmf-dist/tex/generic/pgf/basiclayer/pgfcoreobjects.code.tex
File: pgfcoreobjects.code.tex 2023-01-15 v3.1.10 (3.1.10)
) (/usr/local/texlive/2023/texmf-dist/tex/generic/pgf/basiclayer/pgfcorepathprocessing.code.tex
File: pgfcorepathprocessing.code.tex 2023-01-15 v3.1.10 (3.1.10)
) (/usr/local/texlive/2023/texmf-dist/tex/generic/pgf/basiclayer/pgfcorearrows.code.tex
File: pgfcorearrows.code.tex 2023-01-15 v3.1.10 (3.1.10)
\pgfarrowsep=\dimen256
) (/usr/local/texlive/2023/texmf-dist/tex/generic/pgf/basiclayer/pgfcoreshade.code.tex
File: pgfcoreshade.code.tex 2023-01-15 v3.1.10 (3.1.10)
\pgf@max=\dimen257
\pgf@sys@shading@range@num=\count277
\pgf@shadingcount=\count278
) (/usr/local/texlive/2023/texmf-dist/tex/generic/pgf/basiclayer/pgfcoreimage.code.tex
File: pgfcoreimage.code.tex 2023-01-15 v3.1.10 (3.1.10)
) (/usr/local/texlive/2023/texmf-dist/tex/generic/pgf/basiclayer/pgfcoreexternal.code.tex
File: pgfcoreexternal.code.tex 2023-01-15 v3.1.10 (3.1.10)
\pgfexternal@startupbox=\box58
) (/usr/local/texlive/2023/texmf-dist/tex/generic/pgf/basiclayer/pgfcorelayers.code.tex
File: pgfcorelayers.code.tex 2023-01-15 v3.1.10 (3.1.10)
) (/usr/local/texlive/2023/texmf-dist/tex/generic/pgf/basiclayer/pgfcoretransparency.code.tex
File: pgfcoretransparency.code.tex 2023-01-15 v3.1.10 (3.1.10)
) (/usr/local/texlive/2023/texmf-dist/tex/generic/pgf/basiclayer/pgfcorepatterns.code.tex
File: pgfcorepatterns.code.tex 2023-01-15 v3.1.10 (3.1.10)
)
(/usr/local/texlive/2023/texmf-dist/tex/generic/pgf/basiclayer/pgfcorerdf.code.tex
File: pgfcorerdf.code.tex 2023-01-15 v3.1.10 (3.1.10)
))) (/usr/local/texlive/2023/texmf-dist/tex/generic/pgf/modules/pgfmoduleshapes.code.tex
File: pgfmoduleshapes.code.tex 2023-01-15 v3.1.10 (3.1.10)
\pgfnodeparttextbox=\box59
) (/usr/local/texlive/2023/texmf-dist/tex/generic/pgf/modules/pgfmoduleplot.code.tex
File: pgfmoduleplot.code.tex 2023-01-15 v3.1.10 (3.1.10)
) (/usr/local/texlive/2023/texmf-dist/tex/latex/pgf/compatibility/pgfcomp-version-0-65.sty
Package: pgfcomp-version-0-65 2023-01-15 v3.1.10 (3.1.10)
\pgf@nodesepstart=\dimen258
\pgf@nodesepend=\dimen259
) (/usr/local/texlive/2023/texmf-dist/tex/latex/pgf/compatibility/pgfcomp-version-1-18.sty
Package: pgfcomp-version-1-18 2023-01-15 v3.1.10 (3.1.10)
)) (/usr/local/texlive/2023/texmf-dist/tex/latex/pgf/utilities/pgffor.sty (/usr/local/texlive/2023/texmf-dist/tex/latex/pgf/utilities/pgfkeys.sty (/usr/local/texlive/2023/texmf-dist/tex/generic/pgf/utilities/pgfkeys.code.tex)) (/usr/local/texlive/2023/texmf-dist/tex/latex/pgf/math/pgfmath.sty (/usr/local/texlive/2023/texmf-dist/tex/generic/pgf/math/pgfmath.code.tex)) (/usr/local/texlive/2023/texmf-dist/tex/generic/pgf/utilities/pgffor.code.tex
Package: pgffor 2023-01-15 v3.1.10 (3.1.10)
\pgffor@iter=\dimen260
\pgffor@skip=\dimen261
\pgffor@stack=\toks30
\pgffor@toks=\toks31
)) (/usr/local/texlive/2023/texmf-dist/tex/generic/pgf/frontendlayer/tikz/tikz.code.tex
Package: tikz 2023-01-15 v3.1.10 (3.1.10)
 (/usr/local/texlive/2023/texmf-dist/tex/generic/pgf/libraries/pgflibraryplothandlers.code.tex
File: pgflibraryplothandlers.code.tex 2023-01-15 v3.1.10 (3.1.10)
\pgf@plot@mark@count=\count279
\pgfplotmarksize=\dimen262
)
\tikz@lastx=\dimen263
\tikz@lasty=\dimen264
\tikz@lastxsaved=\dimen265
\tikz@lastysaved=\dimen266
\tikz@lastmovetox=\dimen267
\tikz@lastmovetoy=\dimen268
\tikzleveldistance=\dimen269
\tikzsiblingdistance=\dimen270
\tikz@figbox=\box60
\tikz@figbox@bg=\box61
\tikz@tempbox=\box62
\tikz@tempbox@bg=\box63
\tikztreelevel=\count280
\tikznumberofchildren=\count281
\tikznumberofcurrentchild=\count282
\tikz@fig@count=\count283
 (/usr/local/texlive/2023/texmf-dist/tex/generic/pgf/modules/pgfmodulematrix.code.tex
File: pgfmodulematrix.code.tex 2023-01-15 v3.1.10 (3.1.10)
\pgfmatrixcurrentrow=\count284
\pgfmatrixcurrentcolumn=\count285
\pgf@matrix@numberofcolumns=\count286
)
\tikz@expandcount=\count287
 (/usr/local/texlive/2023/texmf-dist/tex/generic/pgf/frontendlayer/tikz/libraries/tikzlibrarytopaths.code.tex
File: tikzlibrarytopaths.code.tex 2023-01-15 v3.1.10 (3.1.10)
))) (/usr/local/texlive/2023/texmf-dist/tex/latex/jknapltx/mathrsfs.sty
Package: mathrsfs 1996/01/01 Math RSFS package v1.0 (jk)
\symrsfs=\mathgroup4
) (/usr/local/texlive/2023/texmf-dist/tex/latex/mdframed/mdframed.sty
Package: mdframed 2013/07/01 1.9b: mdframed
 (/usr/local/texlive/2023/texmf-dist/tex/latex/kvoptions/kvoptions.sty
Package: kvoptions 2022-06-15 v3.15 Key value format for package options (HO)
 (/usr/local/texlive/2023/texmf-dist/tex/generic/ltxcmds/ltxcmds.sty
Package: ltxcmds 2020-05-10 v1.25 LaTeX kernel commands for general use (HO)
) (/usr/local/texlive/2023/texmf-dist/tex/latex/kvsetkeys/kvsetkeys.sty
Package: kvsetkeys 2022-10-05 v1.19 Key value parser (HO)
)) (/usr/local/texlive/2023/texmf-dist/tex/latex/l3packages/xparse/xparse.sty (/usr/local/texlive/2023/texmf-dist/tex/latex/l3kernel/expl3.sty
Package: expl3 2023-02-22 L3 programming layer (loader) 
 (/usr/local/texlive/2023/texmf-dist/tex/latex/l3backend/l3backend-pdftex.def
File: l3backend-pdftex.def 2023-01-16 L3 backend support: PDF output (pdfTeX)
\l__color_backend_stack_int=\count288
\l__pdf_internal_box=\box64
))
Package: xparse 2023-02-02 L3 Experimental document command parser
) (/usr/local/texlive/2023/texmf-dist/tex/latex/zref/zref-abspage.sty
Package: zref-abspage 2022-04-07 v2.34 Module abspage for zref (HO)
 (/usr/local/texlive/2023/texmf-dist/tex/latex/zref/zref-base.sty
Package: zref-base 2022-04-07 v2.34 Module base for zref (HO)

(/usr/local/texlive/2023/texmf-dist/tex/generic/infwarerr/infwarerr.sty
Package: infwarerr 2019/12/03 v1.5 Providing info/warning/error messages (HO)
) (/usr/local/texlive/2023/texmf-dist/tex/generic/kvdefinekeys/kvdefinekeys.sty
Package: kvdefinekeys 2019-12-19 v1.6 Define keys (HO)
) (/usr/local/texlive/2023/texmf-dist/tex/generic/pdftexcmds/pdftexcmds.sty
Package: pdftexcmds 2020-06-27 v0.33 Utility functions of pdfTeX for LuaTeX (HO)
Package pdftexcmds Info: \pdf@primitive is available.
Package pdftexcmds Info: \pdf@ifprimitive is available.
Package pdftexcmds Info: \pdfdraftmode found.
) (/usr/local/texlive/2023/texmf-dist/tex/generic/etexcmds/etexcmds.sty
Package: etexcmds 2019/12/15 v1.7 Avoid name clashes with e-TeX commands (HO)
) (/usr/local/texlive/2023/texmf-dist/tex/latex/auxhook/auxhook.sty
Package: auxhook 2019-12-17 v1.6 Hooks for auxiliary files (HO)
)
Package zref Info: New property list: main on input line 767.
Package zref Info: New property: default on input line 768.
Package zref Info: New property: page on input line 769.
) (/usr/local/texlive/2023/texmf-dist/tex/latex/base/atbegshi-ltx.sty
Package: atbegshi-ltx 2021/01/10 v1.0c Emulation of the original atbegshi
package with kernel methods
)
\c@abspage=\count289
Package zref Info: New property: abspage on input line 65.
) (/usr/local/texlive/2023/texmf-dist/tex/latex/needspace/needspace.sty
Package: needspace 2010/09/12 v1.3d reserve vertical space
)
\mdf@templength=\skip50
\c@mdf@globalstyle@cnt=\count290
\mdf@skipabove@length=\skip51
\mdf@skipbelow@length=\skip52
\mdf@leftmargin@length=\skip53
\mdf@rightmargin@length=\skip54
\mdf@innerleftmargin@length=\skip55
\mdf@innerrightmargin@length=\skip56
\mdf@innertopmargin@length=\skip57
\mdf@innerbottommargin@length=\skip58
\mdf@splittopskip@length=\skip59
\mdf@splitbottomskip@length=\skip60
\mdf@outermargin@length=\skip61
\mdf@innermargin@length=\skip62
\mdf@linewidth@length=\skip63
\mdf@innerlinewidth@length=\skip64
\mdf@middlelinewidth@length=\skip65
\mdf@outerlinewidth@length=\skip66
\mdf@roundcorner@length=\skip67
\mdf@footenotedistance@length=\skip68
\mdf@userdefinedwidth@length=\skip69
\mdf@needspace@length=\skip70
\mdf@frametitleaboveskip@length=\skip71
\mdf@frametitlebelowskip@length=\skip72
\mdf@frametitlerulewidth@length=\skip73
\mdf@frametitleleftmargin@length=\skip74
\mdf@frametitlerightmargin@length=\skip75
\mdf@shadowsize@length=\skip76
\mdf@extratopheight@length=\skip77
\mdf@subtitleabovelinewidth@length=\skip78
\mdf@subtitlebelowlinewidth@length=\skip79
\mdf@subtitleaboveskip@length=\skip80
\mdf@subtitlebelowskip@length=\skip81
\mdf@subtitleinneraboveskip@length=\skip82
\mdf@subtitleinnerbelowskip@length=\skip83
\mdf@subsubtitleabovelinewidth@length=\skip84
\mdf@subsubtitlebelowlinewidth@length=\skip85
\mdf@subsubtitleaboveskip@length=\skip86
\mdf@subsubtitlebelowskip@length=\skip87
\mdf@subsubtitleinneraboveskip@length=\skip88
\mdf@subsubtitleinnerbelowskip@length=\skip89
 (/usr/local/texlive/2023/texmf-dist/tex/latex/mdframed/md-frame-0.mdf
File: md-frame-0.mdf 2013/07/01\ 1.9b: md-frame-0
)
\mdf@frametitlebox=\box65
\mdf@footnotebox=\box66
\mdf@splitbox@one=\box67
\mdf@splitbox@two=\box68
\mdf@splitbox@save=\box69
\mdfsplitboxwidth=\skip90
\mdfsplitboxtotalwidth=\skip91
\mdfsplitboxheight=\skip92
\mdfsplitboxdepth=\skip93
\mdfsplitboxtotalheight=\skip94
\mdfframetitleboxwidth=\skip95
\mdfframetitleboxtotalwidth=\skip96
\mdfframetitleboxheight=\skip97
\mdfframetitleboxdepth=\skip98
\mdfframetitleboxtotalheight=\skip99
\mdffootnoteboxwidth=\skip100
\mdffootnoteboxtotalwidth=\skip101
\mdffootnoteboxheight=\skip102
\mdffootnoteboxdepth=\skip103
\mdffootnoteboxtotalheight=\skip104
\mdftotallinewidth=\skip105
\mdfboundingboxwidth=\skip106
\mdfboundingboxtotalwidth=\skip107
\mdfboundingboxheight=\skip108
\mdfboundingboxdepth=\skip109
\mdfboundingboxtotalheight=\skip110
\mdf@freevspace@length=\skip111
\mdf@horizontalwidthofbox@length=\skip112
\mdf@verticalmarginwhole@length=\skip113
\mdf@horizontalspaceofbox=\skip114
\mdfsubtitleheight=\skip115
\mdfsubsubtitleheight=\skip116
\c@mdfcountframes=\count291

****** mdframed patching \endmdf@trivlist

****** -- success******

\mdf@envdepth=\count292
\c@mdf@env@i=\count293
\c@mdf@env@ii=\count294
\c@mdf@zref@counter=\count295
Package zref Info: New property: mdf@pagevalue on input line 895.
) (/usr/local/texlive/2023/texmf-dist/tex/latex/import/import.sty
Package: import 2020/04/01  v 6.2
) (/usr/local/texlive/2023/texmf-dist/tex/latex/xifthen/xifthen.sty
Package: xifthen 2015/11/05 v1.4.0 Extended ifthen features
 (/usr/local/texlive/2023/texmf-dist/tex/latex/tools/calc.sty
Package: calc 2017/05/25 v4.3 Infix arithmetic (KKT,FJ)
\calc@Acount=\count296
\calc@Bcount=\count297
\calc@Adimen=\dimen271
\calc@Bdimen=\dimen272
\calc@Askip=\skip117
\calc@Bskip=\skip118
LaTeX Info: Redefining \setlength on input line 80.
LaTeX Info: Redefining \addtolength on input line 81.
\calc@Ccount=\count298
\calc@Cskip=\skip119
) (/usr/local/texlive/2023/texmf-dist/tex/latex/base/ifthen.sty
Package: ifthen 2022/04/13 v1.1d Standard LaTeX ifthen package (DPC)
) (/usr/local/texlive/2023/texmf-dist/tex/latex/ifmtarg/ifmtarg.sty
Package: ifmtarg 2018/04/16 v1.2b check for an empty argument
)) (/usr/local/texlive/2023/texmf-dist/tex/latex/pdfpages/pdfpages.sty
Package: pdfpages 2022/12/19 v0.5x Insert pages of external PDF documents (AM)
 (/usr/local/texlive/2023/texmf-dist/tex/latex/eso-pic/eso-pic.sty
Package: eso-pic 2020/10/14 v3.0a eso-pic (RN)
\ESO@tempdima=\dimen273
\ESO@tempdimb=\dimen274
)
\AM@pagewidth=\dimen275
\AM@pageheight=\dimen276
\AM@fboxrule=\dimen277
 (/usr/local/texlive/2023/texmf-dist/tex/latex/pdfpages/pppdftex.def
File: pppdftex.def 2022/12/19 v0.5x Pdfpages driver for pdfTeX (AM)
)
\pdfpages@includegraphics@status=\count299
\AM@pagebox=\box70
\AM@global@opts=\toks32
\AM@pagecnt=\count300
\AM@toc@title=\toks33
\AM@lof@heading=\toks34
\c@AM@survey=\count301
\AM@templatesizebox=\box71
) (/usr/local/texlive/2023/texmf-dist/tex/latex/transparent/transparent.sty
Package: transparent 2022-10-27 v1.5 Transparency with color stacks
 (/usr/local/texlive/2023/texmf-dist/tex/latex/transparent/transparent-nometadata.sty
Package: transparent-nometadata 2022-10-27 v1.5 Transparency via pdfTeX's color stack (HO)
)) (/usr/local/texlive/2023/texmf-dist/tex/latex/amsmath/amsmath.sty
Package: amsmath 2022/04/08 v2.17n AMS math features
\@mathmargin=\skip120

For additional information on amsmath, use the `?' option.
(/usr/local/texlive/2023/texmf-dist/tex/latex/amsmath/amstext.sty
Package: amstext 2021/08/26 v2.01 AMS text
 (/usr/local/texlive/2023/texmf-dist/tex/latex/amsmath/amsgen.sty
File: amsgen.sty 1999/11/30 v2.0 generic functions
\@emptytoks=\toks35
\ex@=\dimen278
)) (/usr/local/texlive/2023/texmf-dist/tex/latex/amsmath/amsbsy.sty
Package: amsbsy 1999/11/29 v1.2d Bold Symbols
\pmbraise@=\dimen279
) (/usr/local/texlive/2023/texmf-dist/tex/latex/amsmath/amsopn.sty
Package: amsopn 2022/04/08 v2.04 operator names
)
\inf@bad=\count302
LaTeX Info: Redefining \frac on input line 234.
\uproot@=\count303
\leftroot@=\count304
LaTeX Info: Redefining \overline on input line 399.
LaTeX Info: Redefining \colon on input line 410.
\classnum@=\count305
\DOTSCASE@=\count306
LaTeX Info: Redefining \ldots on input line 496.
LaTeX Info: Redefining \dots on input line 499.
LaTeX Info: Redefining \cdots on input line 620.
\Mathstrutbox@=\box72
\strutbox@=\box73
LaTeX Info: Redefining \big on input line 722.
LaTeX Info: Redefining \Big on input line 723.
LaTeX Info: Redefining \bigg on input line 724.
LaTeX Info: Redefining \Bigg on input line 725.
\big@size=\dimen280
LaTeX Font Info:    Redeclaring font encoding OML on input line 743.
LaTeX Font Info:    Redeclaring font encoding OMS on input line 744.
\macc@depth=\count307
LaTeX Info: Redefining \bmod on input line 905.
LaTeX Info: Redefining \pmod on input line 910.
LaTeX Info: Redefining \smash on input line 940.
LaTeX Info: Redefining \relbar on input line 970.
LaTeX Info: Redefining \Relbar on input line 971.
\c@MaxMatrixCols=\count308
\dotsspace@=\muskip16
\c@parentequation=\count309
\dspbrk@lvl=\count310
\tag@help=\toks36
\row@=\count311
\column@=\count312
\maxfields@=\count313
\andhelp@=\toks37
\eqnshift@=\dimen281
\alignsep@=\dimen282
\tagshift@=\dimen283
\tagwidth@=\dimen284
\totwidth@=\dimen285
\lineht@=\dimen286
\@envbody=\toks38
\multlinegap=\skip121
\multlinetaggap=\skip122
\mathdisplay@stack=\toks39
LaTeX Info: Redefining \[ on input line 2953.
LaTeX Info: Redefining \] on input line 2954.
) (/usr/local/texlive/2023/texmf-dist/tex/latex/amsfonts/amsfonts.sty
Package: amsfonts 2013/01/14 v3.01 Basic AMSFonts support
\symAMSa=\mathgroup5
\symAMSb=\mathgroup6
LaTeX Font Info:    Redeclaring math symbol \hbar on input line 98.
LaTeX Font Info:    Overwriting math alphabet `\mathfrak' in version `bold'
(Font)                  U/euf/m/n --> U/euf/b/n on input line 106.
) (/usr/local/texlive/2023/texmf-dist/tex/latex/amscls/amsthm.sty
Package: amsthm 2020/05/29 v2.20.6
\thm@style=\toks40
\thm@bodyfont=\toks41
\thm@headfont=\toks42
\thm@notefont=\toks43
\thm@headpunct=\toks44
\thm@preskip=\skip123
\thm@postskip=\skip124
\thm@headsep=\skip125
\dth@everypar=\toks45
) (/usr/local/texlive/2023/texmf-dist/tex/latex/amsfonts/amssymb.sty
Package: amssymb 2013/01/14 v3.01 AMS font symbols
) (/usr/local/texlive/2023/texmf-dist/tex/latex/mathtools/mathtools.sty
Package: mathtools 2022/06/29 v1.29 mathematical typesetting tools
 (/usr/local/texlive/2023/texmf-dist/tex/latex/mathtools/mhsetup.sty
Package: mhsetup 2021/03/18 v1.4 programming setup (MH)
)
\g_MT_multlinerow_int=\count314
\l_MT_multwidth_dim=\dimen287
\origjot=\skip126
\l_MT_shortvdotswithinadjustabove_dim=\dimen288
\l_MT_shortvdotswithinadjustbelow_dim=\dimen289
\l_MT_above_intertext_sep=\dimen290
\l_MT_below_intertext_sep=\dimen291
\l_MT_above_shortintertext_sep=\dimen292
\l_MT_below_shortintertext_sep=\dimen293
\xmathstrut@box=\box74
\xmathstrut@dim=\dimen294
) (/usr/local/texlive/2023/texmf-dist/tex/latex/l3packages/xfrac/xfrac.sty (/usr/local/texlive/2023/texmf-dist/tex/latex/l3packages/l3keys2e/l3keys2e.sty
Package: l3keys2e 2023-02-02 LaTeX2e option processing using LaTeX3 keys
) (/usr/local/texlive/2023/texmf-dist/tex/latex/base/textcomp.sty
Package: textcomp 2020/02/02 v2.0n Standard LaTeX package
) (/usr/local/texlive/2023/texmf-dist/tex/latex/l3packages/xtemplate/xtemplate.sty
Package: xtemplate 2023-02-02 L3 Experimental prototype document functions
\l__xtemplate_tmp_dim=\dimen295
\l__xtemplate_tmp_int=\count315
\l__xtemplate_tmp_muskip=\muskip17
\l__xtemplate_tmp_skip=\skip127
)
Package: xfrac 2023-02-02 L3 Experimental split-level fractions
\l__xfrac_slash_box=\box75
\l__xfrac_tmp_box=\box76
\l__xfrac_denominator_bot_sep_dim=\dimen296
\l__xfrac_numerator_bot_sep_dim=\dimen297
\l__xfrac_numerator_top_sep_dim=\dimen298
\l__xfrac_slash_left_sep_dim=\dimen299
\l__xfrac_slash_right_sep_dim=\dimen300
\l__xfrac_slash_left_muskip=\muskip18
\l__xfrac_slash_right_muskip=\muskip19

Package xtemplate Info: Declaring object type 'xfrac' taking 3 argument(s) on
(xtemplate)             line 80.

) (/usr/local/texlive/2023/texmf-dist/tex/latex/cancel/cancel.sty
Package: cancel 2013/04/12 v2.2 Cancel math terms
) (/usr/local/texlive/2023/texmf-dist/tex/latex/enumitem/enumitem.sty
Package: enumitem 2019/06/20 v3.9 Customized lists
\labelindent=\skip128
\enit@outerparindent=\dimen301
\enit@toks=\toks46
\enit@inbox=\box77
\enit@count@id=\count316
\enitdp@description=\count317
) (/usr/local/texlive/2023/texmf-dist/tex/latex/hyperref/nameref.sty
Package: nameref 2022-05-17 v2.50 Cross-referencing by name of section
 (/usr/local/texlive/2023/texmf-dist/tex/latex/refcount/refcount.sty
Package: refcount 2019/12/15 v3.6 Data extraction from label references (HO)
) (/usr/local/texlive/2023/texmf-dist/tex/generic/gettitlestring/gettitlestring.sty
Package: gettitlestring 2019/12/15 v1.6 Cleanup title references (HO)
)
\c@section@level=\count318
) (/usr/local/texlive/2023/texmf-dist/tex/latex/tools/multicol.sty
Package: multicol 2021/11/30 v1.9d multicolumn formatting (FMi)
\c@tracingmulticols=\count319
\mult@box=\box78
\multicol@leftmargin=\dimen302
\c@unbalance=\count320
\c@collectmore=\count321
\doublecol@number=\count322
\multicoltolerance=\count323
\multicolpretolerance=\count324
\full@width=\dimen303
\page@free=\dimen304
\premulticols=\dimen305
\postmulticols=\dimen306
\multicolsep=\skip129
\multicolbaselineskip=\skip130
\partial@page=\box79
\last@line=\box80
\maxbalancingoverflow=\dimen307
\mult@rightbox=\box81
\mult@grightbox=\box82
\mult@firstbox=\box83
\mult@gfirstbox=\box84
\@tempa=\box85
\@tempa=\box86
\@tempa=\box87
\@tempa=\box88
\@tempa=\box89
\@tempa=\box90
\@tempa=\box91
\@tempa=\box92
\@tempa=\box93
\@tempa=\box94
\@tempa=\box95
\@tempa=\box96
\@tempa=\box97
\@tempa=\box98
\@tempa=\box99
\@tempa=\box100
\@tempa=\box101
\@tempa=\box102
\@tempa=\box103
\@tempa=\box104
\@tempa=\box105
\@tempa=\box106
\@tempa=\box107
\@tempa=\box108
\@tempa=\box109
\@tempa=\box110
\@tempa=\box111
\@tempa=\box112
\@tempa=\box113
\@tempa=\box114
\@tempa=\box115
\@tempa=\box116
\@tempa=\box117
\@tempa=\box118
\@tempa=\box119
\@tempa=\box120
\c@minrows=\count325
\c@columnbadness=\count326
\c@finalcolumnbadness=\count327
\last@try=\dimen308
\multicolovershoot=\dimen309
\multicolundershoot=\dimen310
\mult@nat@firstbox=\box121
\colbreak@box=\box122
\mc@col@check@num=\count328
) (/usr/local/texlive/2023/texmf-dist/tex/latex/tools/array.sty
Package: array 2022/09/04 v2.5g Tabular extension package (FMi)
\col@sep=\dimen311
\ar@mcellbox=\box123
\extrarowheight=\dimen312
\NC@list=\toks47
\extratabsurround=\skip131
\backup@length=\skip132
\ar@cellbox=\box124
) (/usr/local/texlive/2023/texmf-dist/tex/latex/tikz-cd/tikz-cd.sty
Package: tikz-cd 2021/05/04 v1.0 Commutative diagrams with TikZ
 (/usr/local/texlive/2023/texmf-dist/tex/generic/tikz-cd/tikzlibrarycd.code.tex (/usr/local/texlive/2023/texmf-dist/tex/generic/pgf/frontendlayer/tikz/libraries/tikzlibrarymatrix.code.tex
File: tikzlibrarymatrix.code.tex 2023-01-15 v3.1.10 (3.1.10)
) (/usr/local/texlive/2023/texmf-dist/tex/generic/pgf/frontendlayer/tikz/libraries/tikzlibraryquotes.code.tex
File: tikzlibraryquotes.code.tex 2023-01-15 v3.1.10 (3.1.10)
) (/usr/local/texlive/2023/texmf-dist/tex/generic/pgf/libraries/pgflibraryarrows.meta.code.tex
File: pgflibraryarrows.meta.code.tex 2023-01-15 v3.1.10 (3.1.10)
\pgfarrowinset=\dimen313
\pgfarrowlength=\dimen314
\pgfarrowwidth=\dimen315
\pgfarrowlinewidth=\dimen316
)))

./preamble.tex:48: LaTeX Error: Option clash for package xcolor.

See the LaTeX manual or LaTeX Companion for explanation.
Type  H <return>  for immediate help.
 ...                                              
                                                  
l.48 \definecolor
                 {myg}{RGB}{56, 140, 70}
The package xcolor has already been loaded with options:
  []
There has now been an attempt to load it with options
  [dvipsnames]
Adding the global options:
  ,dvipsnames
to your \documentclass declaration may fix this.
Try typing  <return>  to proceed.

(/usr/local/texlive/2023/texmf-dist/tex/latex/bookmark/bookmark.sty
Package: bookmark 2020-11-06 v1.29 PDF bookmarks (HO)
 (/usr/local/texlive/2023/texmf-dist/tex/latex/hyperref/hyperref.sty
Package: hyperref 2023-02-07 v7.00v Hypertext links for LaTeX
 (/usr/local/texlive/2023/texmf-dist/tex/generic/pdfescape/pdfescape.sty
Package: pdfescape 2019/12/09 v1.15 Implements pdfTeX's escape features (HO)
) (/usr/local/texlive/2023/texmf-dist/tex/latex/hycolor/hycolor.sty
Package: hycolor 2020-01-27 v1.10 Color options for hyperref/bookmark (HO)
) (/usr/local/texlive/2023/texmf-dist/tex/latex/letltxmacro/letltxmacro.sty
Package: letltxmacro 2019/12/03 v1.6 Let assignment for LaTeX macros (HO)
)
\@linkdim=\dimen317
\Hy@linkcounter=\count329
\Hy@pagecounter=\count330
 (/usr/local/texlive/2023/texmf-dist/tex/latex/hyperref/pd1enc.def
File: pd1enc.def 2023-02-07 v7.00v Hyperref: PDFDocEncoding definition (HO)
Now handling font encoding PD1 ...
... no UTF-8 mapping file for font encoding PD1
) (/usr/local/texlive/2023/texmf-dist/tex/generic/intcalc/intcalc.sty
Package: intcalc 2019/12/15 v1.3 Expandable calculations with integers (HO)
)
\Hy@SavedSpaceFactor=\count331
 (/usr/local/texlive/2023/texmf-dist/tex/latex/hyperref/puenc.def
File: puenc.def 2023-02-07 v7.00v Hyperref: PDF Unicode definition (HO)
Now handling font encoding PU ...
... no UTF-8 mapping file for font encoding PU
)
Package hyperref Info: Hyper figures OFF on input line 4177.
Package hyperref Info: Link nesting OFF on input line 4182.
Package hyperref Info: Hyper index ON on input line 4185.
Package hyperref Info: Plain pages OFF on input line 4192.
Package hyperref Info: Backreferencing OFF on input line 4197.
Package hyperref Info: Implicit mode ON; LaTeX internals redefined.
Package hyperref Info: Bookmarks ON on input line 4425.
\c@Hy@tempcnt=\count332
 (/usr/local/texlive/2023/texmf-dist/tex/latex/url/url.sty
\Urlmuskip=\muskip20
Package: url 2013/09/16  ver 3.4  Verb mode for urls, etc.
)
LaTeX Info: Redefining \url on input line 4763.
\XeTeXLinkMargin=\dimen318
 (/usr/local/texlive/2023/texmf-dist/tex/generic/bitset/bitset.sty
Package: bitset 2019/12/09 v1.3 Handle bit-vector datatype (HO)
 (/usr/local/texlive/2023/texmf-dist/tex/generic/bigintcalc/bigintcalc.sty
Package: bigintcalc 2019/12/15 v1.5 Expandable calculations on big integers (HO)
))
\Fld@menulength=\count333
\Field@Width=\dimen319
\Fld@charsize=\dimen320
Package hyperref Info: Hyper figures OFF on input line 6042.
Package hyperref Info: Link nesting OFF on input line 6047.
Package hyperref Info: Hyper index ON on input line 6050.
Package hyperref Info: backreferencing OFF on input line 6057.
Package hyperref Info: Link coloring OFF on input line 6062.
Package hyperref Info: Link coloring with OCG OFF on input line 6067.
Package hyperref Info: PDF/A mode OFF on input line 6072.
\Hy@abspage=\count334
\c@Item=\count335
\c@Hfootnote=\count336
)
Package hyperref Info: Driver (autodetected): hpdftex.
 (/usr/local/texlive/2023/texmf-dist/tex/latex/hyperref/hpdftex.def
File: hpdftex.def 2023-02-07 v7.00v Hyperref driver for pdfTeX
 (/usr/local/texlive/2023/texmf-dist/tex/latex/base/atveryend-ltx.sty
Package: atveryend-ltx 2020/08/19 v1.0a Emulation of the original atveryend package
with kernel methods
)
\HyAnn@Count=\count337
\Fld@listcount=\count338
\c@bookmark@seq@number=\count339
 (/usr/local/texlive/2023/texmf-dist/tex/latex/rerunfilecheck/rerunfilecheck.sty
Package: rerunfilecheck 2022-07-10 v1.10 Rerun checks for auxiliary files (HO)
 (/usr/local/texlive/2023/texmf-dist/tex/generic/uniquecounter/uniquecounter.sty
Package: uniquecounter 2019/12/15 v1.4 Provide unlimited unique counter (HO)
)
Package uniquecounter Info: New unique counter `rerunfilecheck' on input line 285.
)
\Hy@SectionHShift=\skip133
) (/usr/local/texlive/2023/texmf-dist/tex/latex/bookmark/bkm-pdftex.def
File: bkm-pdftex.def 2020-11-06 v1.29 bookmark driver for pdfTeX (HO)
\BKM@id=\count340
))

./preamble.tex:58: LaTeX Error: Option clash for package hyperref.

See the LaTeX manual or LaTeX Companion for explanation.
Type  H <return>  for immediate help.
 ...                                              
                                                  
l.58 
     
The package hyperref has already been loaded with options:
  []
There has now been an attempt to load it with options
  [colorlinks=true,linkcolor=blue,urlcolor=blue,citecolor=blue,anchorcolor=blue]
Adding the global options:
  ,colorlinks=true,linkcolor=blue,urlcolor=blue,citecolor=blue,anchorcolor=blue
to your \documentclass declaration may fix this.
Try typing  <return>  to proceed.

(/usr/local/texlive/2023/texmf-dist/tex/latex/blindtext/blindtext.sty
Package: blindtext 2012/01/06 V2.0 blindtext-Package
 (/usr/local/texlive/2023/texmf-dist/tex/latex/tools/xspace.sty
Package: xspace 2014/10/28 v1.13 Space after command names (DPC,MH)
)
\c@blindtext=\count341
\c@Blindtext=\count342
\c@blind@countparstart=\count343
\blind@countxx=\count344
\blindtext@numBlindtext=\count345
\blind@countyy=\count346
\c@blindlist=\count347
\c@blindlistlevel=\count348
\c@blindlist@level=\count349
\blind@listitem=\count350
\c@blind@listcount=\count351
\c@blind@levelcount=\count352
\blind@mathformula=\count353
\blind@Mathformula=\count354
\c@blind@randomcount=\count355
\c@blind@randommax=\count356
\c@blind@pangramcount=\count357
\c@blind@pangrammax=\count358
) (/usr/local/texlive/2023/texmf-dist/tex/latex/fontsize/fontsize.sty
Package: fontsize 2021/08/04 v0.8.5 'fontsize' package. Set main font sizes (Ivan Valbusa)
 (/usr/local/texlive/2023/texmf-dist/tex/latex/l3packages/xfp/xfp.sty
Package: xfp 2023-02-02 L3 Floating point unit
))
\c@theorem=\count359
 (/usr/local/texlive/2023/texmf-dist/tex/latex/tcolorbox/tcolorbox.sty
Package: tcolorbox 2023/02/12 version 6.0.1 text color boxes
 (/usr/local/texlive/2023/texmf-dist/tex/latex/tools/verbatim.sty
Package: verbatim 2022-07-02 v1.5u LaTeX2e package for verbatim enhancements
\every@verbatim=\toks48
\verbatim@line=\toks49
\verbatim@in@stream=\read3
) (/usr/local/texlive/2023/texmf-dist/tex/latex/environ/environ.sty
Package: environ 2014/05/04 v0.3 A new way to define environments
 (/usr/local/texlive/2023/texmf-dist/tex/latex/trimspaces/trimspaces.sty
Package: trimspaces 2009/09/17 v1.1 Trim spaces around a token list
))
\tcb@titlebox=\box125
\tcb@upperbox=\box126
\tcb@lowerbox=\box127
\tcb@phantombox=\box128
\c@tcbbreakpart=\count360
\c@tcblayer=\count361
\c@tcolorbox@number=\count362
\tcb@temp=\box129
\tcb@temp=\box130
\tcb@temp=\box131
\tcb@temp=\box132
 (/usr/local/texlive/2023/texmf-dist/tex/latex/tcolorbox/tcbraster.code.tex
Library (tcolorbox): 'tcbraster.code.tex' version '6.0.1'
\c@tcbrastercolumn=\count363
\c@tcbrasterrow=\count364
\c@tcbrasternum=\count365
\c@tcbraster=\count366
) (/usr/local/texlive/2023/texmf-dist/tex/latex/tcolorbox/tcbskins.code.tex
Library (tcolorbox): 'tcbskins.code.tex' version '6.0.1'
(/usr/local/texlive/2023/texmf-dist/tex/latex/tikzfill/tikzfill.image.sty
Package: tikzfill.image 2022/07/20 v1.0.0 Image filling library for TikZ
 (/usr/local/texlive/2023/texmf-dist/tex/latex/tikzfill/tikzfill-common.sty
Package: tikzfill-common 2022/07/20 v1.0.0 Auxiliary code for tikzfill
) (/usr/local/texlive/2023/texmf-dist/tex/latex/tikzfill/tikzlibraryfill.image.code.tex
File: tikzlibraryfill.image.code.tex 2022/07/20 v1.0.0 Image filling library
\l__tikzfill_img_box=\box133
)) (/usr/local/texlive/2023/texmf-dist/tex/latex/tcolorbox/tcbskinsjigsaw.code.tex
Library (tcolorbox): 'tcbskinsjigsaw.code.tex' version '6.0.1'
)) (/usr/local/texlive/2023/texmf-dist/tex/latex/tcolorbox/tcbbreakable.code.tex
Library (tcolorbox): 'tcbbreakable.code.tex' version '6.0.1'
(/usr/local/texlive/2023/texmf-dist/tex/latex/pdfcol/pdfcol.sty
Package: pdfcol 2022-09-21 v1.7 Handle new color stacks for pdfTeX (HO)
)
Package pdfcol Info: New color stack `tcb@breakable' = 2 on input line 23.
\tcb@testbox=\box134
\tcb@totalupperbox=\box135
\tcb@totallowerbox=\box136
) (/usr/local/texlive/2023/texmf-dist/tex/latex/tcolorbox/tcbhooks.code.tex
Library (tcolorbox): 'tcbhooks.code.tex' version '6.0.1'
) (/usr/local/texlive/2023/texmf-dist/tex/latex/tcolorbox/tcbtheorems.code.tex
Library (tcolorbox): 'tcbtheorems.code.tex' version '6.0.1'
) (/usr/local/texlive/2023/texmf-dist/tex/latex/tcolorbox/tcbfitting.code.tex
Library (tcolorbox): 'tcbfitting.code.tex' version '6.0.1'
\tcbfitdim=\dimen321
\tcb@lowerfitdim=\dimen322
\tcb@upperfitdim=\dimen323
\tcb@cur@hbadness=\count367
) (/usr/local/texlive/2023/texmf-dist/tex/latex/tcolorbox/tcblistingsutf8.code.tex
Library (tcolorbox): 'tcblistingsutf8.code.tex' version '6.0.1'
(/usr/local/texlive/2023/texmf-dist/tex/latex/tcolorbox/tcblistings.code.tex
Library (tcolorbox): 'tcblistings.code.tex' version '6.0.1'
(/usr/local/texlive/2023/texmf-dist/tex/latex/listings/listings.sty
\lst@mode=\count368
\lst@gtempboxa=\box137
\lst@token=\toks50
\lst@length=\count369
\lst@currlwidth=\dimen324
\lst@column=\count370
\lst@pos=\count371
\lst@lostspace=\dimen325
\lst@width=\dimen326
\lst@newlines=\count372
\lst@lineno=\count373
\lst@maxwidth=\dimen327
 (/usr/local/texlive/2023/texmf-dist/tex/latex/listings/lstmisc.sty
File: lstmisc.sty 2023/02/27 1.9 (Carsten Heinz)
\c@lstnumber=\count374
\lst@skipnumbers=\count375
\lst@framebox=\box138
) (/usr/local/texlive/2023/texmf-dist/tex/latex/listings/listings.cfg
File: listings.cfg 2023/02/27 1.9 listings configuration
))
Package: listings 2023/02/27 1.9 (Carsten Heinz)
 (/usr/local/texlive/2023/texmf-dist/tex/latex/tcolorbox/tcblistingscore.code.tex
Library (tcolorbox): 'tcblistingscore.code.tex' version '6.0.1'
(/usr/local/texlive/2023/texmf-dist/tex/latex/tcolorbox/tcbprocessing.code.tex
Library (tcolorbox): 'tcbprocessing.code.tex' version '6.0.1'
(/usr/local/texlive/2023/texmf-dist/tex/latex/tools/shellesc.sty
Package: shellesc 2019/11/08 v1.0c unified shell escape interface for LaTeX
Package shellesc Info: Restricted shell escape enabled on input line 77.
))
\c@tcblisting=\count376
)) (/usr/local/texlive/2023/texmf-dist/tex/latex/listingsutf8/listingsutf8.sty
Package: listingsutf8 2019-12-10 v1.5 Allow UTF-8 in listings input (HO)
 (/usr/local/texlive/2023/texmf-dist/tex/generic/stringenc/stringenc.sty
Package: stringenc 2019/11/29 v1.12 Convert strings between diff. encodings (HO)
))) (/usr/local/texlive/2023/texmf-dist/tex/latex/tcolorbox/tcbexternal.code.tex
Library (tcolorbox): 'tcbexternal.code.tex' version '6.0.1'
) (/usr/local/texlive/2023/texmf-dist/tex/latex/tcolorbox/tcbmagazine.code.tex
Library (tcolorbox): 'tcbmagazine.code.tex' version '6.0.1'
) (/usr/local/texlive/2023/texmf-dist/tex/latex/tcolorbox/tcbvignette.code.tex
Library (tcolorbox): 'tcbvignette.code.tex' version '6.0.1'
(/usr/local/texlive/2023/texmf-dist/tex/generic/pgf/frontendlayer/tikz/libraries/tikzlibraryfadings.code.tex
File: tikzlibraryfadings.code.tex 2023-01-15 v3.1.10 (3.1.10)
 (/usr/local/texlive/2023/texmf-dist/tex/generic/pgf/libraries/pgflibraryfadings.code.tex
File: pgflibraryfadings.code.tex 2023-01-15 v3.1.10 (3.1.10)
))) (/usr/local/texlive/2023/texmf-dist/tex/latex/tcolorbox/tcbposter.code.tex
Library (tcolorbox): 'tcbposter.code.tex' version '6.0.1'
))
\c@tcb@cnt@Example=\count377
\c@tcb@cnt@question=\count378
\c@tcb@cnt@qstion=\count379
 (/usr/local/texlive/2023/texmf-dist/tex/latex/titlesec/titletoc.sty
Package: titletoc 2021/07/05 v2.14 TOC entries
\ttl@leftsep=\dimen328
)) (./macros.tex) (./letterfonts.tex) (./Miscellaneous Facts.aux)
\openout1 = `"Miscellaneous Facts.aux"'.

LaTeX Font Info:    Checking defaults for OML/cmm/m/it on input line 10.
LaTeX Font Info:    ... okay on input line 10.
LaTeX Font Info:    Checking defaults for OMS/cmsy/m/n on input line 10.
LaTeX Font Info:    ... okay on input line 10.
LaTeX Font Info:    Checking defaults for OT1/cmr/m/n on input line 10.
LaTeX Font Info:    ... okay on input line 10.
LaTeX Font Info:    Checking defaults for T1/cmr/m/n on input line 10.
LaTeX Font Info:    ... okay on input line 10.
LaTeX Font Info:    Checking defaults for TS1/cmr/m/n on input line 10.
LaTeX Font Info:    ... okay on input line 10.
LaTeX Font Info:    Checking defaults for OMX/cmex/m/n on input line 10.
LaTeX Font Info:    ... okay on input line 10.
LaTeX Font Info:    Checking defaults for U/cmr/m/n on input line 10.
LaTeX Font Info:    ... okay on input line 10.
LaTeX Font Info:    Checking defaults for PD1/pdf/m/n on input line 10.
LaTeX Font Info:    ... okay on input line 10.
LaTeX Font Info:    Checking defaults for PU/pdf/m/n on input line 10.
LaTeX Font Info:    ... okay on input line 10.

*geometry* driver: auto-detecting
*geometry* detected driver: pdftex
*geometry* verbose mode - [ preamble ] result:
* driver: pdftex
* paper: letterpaper
* layout: <same size as paper>
* layoutoffset:(h,v)=(0.0pt,0.0pt)
* modes: 
* h-part:(L,W,R)=(36.135pt, 542.02501pt, 36.135pt)
* v-part:(T,H,B)=(56.9055pt, 658.06448pt, 80.0pt)
* \paperwidth=614.295pt
* \paperheight=794.96999pt
* \textwidth=542.02501pt
* \textheight=658.06448pt
* \oddsidemargin=-36.135pt
* \evensidemargin=-36.135pt
* \topmargin=-52.36449pt
* \headheight=12.0pt
* \headsep=25.0pt
* \topskip=10.0pt
* \footskip=14.45377pt
* \marginparwidth=65.0pt
* \marginparsep=11.0pt
* \columnsep=10.0pt
* \skip\footins=10.5pt plus 4.66617pt minus 2.33383pt
* \hoffset=0.0pt
* \voffset=0.0pt
* \mag=1000
* \@twocolumnfalse
* \@twosidefalse
* \@mparswitchfalse
* \@reversemarginfalse
* (1in=72.27pt=25.4mm, 1cm=28.453pt)

(/usr/local/texlive/2023/texmf-dist/tex/context/base/mkii/supp-pdf.mkii
[Loading MPS to PDF converter (version 2006.09.02).]
\scratchcounter=\count380
\scratchdimen=\dimen329
\scratchbox=\box139
\nofMPsegments=\count381
\nofMParguments=\count382
\everyMPshowfont=\toks51
\MPscratchCnt=\count383
\MPscratchDim=\dimen330
\MPnumerator=\count384
\makeMPintoPDFobject=\count385
\everyMPtoPDFconversion=\toks52
) (/usr/local/texlive/2023/texmf-dist/tex/latex/epstopdf-pkg/epstopdf-base.sty
Package: epstopdf-base 2020-01-24 v2.11 Base part for package epstopdf
Package epstopdf-base Info: Redefining graphics rule for `.eps' on input line 485.
 (/usr/local/texlive/2023/texmf-dist/tex/latex/latexconfig/epstopdf-sys.cfg
File: epstopdf-sys.cfg 2010/07/13 v1.3 Configuration of (r)epstopdf for TeX Live
)) (/usr/local/texlive/2023/texmf-dist/tex/latex/pdflscape/pdflscape.sty
Package: pdflscape 2022-10-27 v0.13 Display of landscape pages in PDF
 (/usr/local/texlive/2023/texmf-dist/tex/latex/pdflscape/pdflscape-nometadata.sty
Package: pdflscape-nometadata 2022-10-28 v0.13 Display of landscape pages in PDF (HO)
 (/usr/local/texlive/2023/texmf-dist/tex/latex/graphics/lscape.sty
Package: lscape 2020/05/28 v3.02 Landscape Pages (DPC)
)
Package pdflscape Info: Auto-detected driver: pdftex on input line 81.
))
Package hyperref Info: Link coloring OFF on input line 10.
\c@lstlisting=\count386
 (/usr/local/texlive/2023/texmf-dist/tex/latex/base/inputenc.sty
Package: inputenc 2021/02/14 v1.3d Input encoding file
\inpenc@prehook=\toks53
\inpenc@posthook=\toks54
)

LaTeX Font Warning: Font shape `T1/cmr/m/n' in size <24.19196> not available
(Font)              size <24.88> substituted on input line 12.


LaTeX Font Warning: Font shape `T1/cmr/m/n' in size <34.83209> not available
(Font)              size <35.83> substituted on input line 12.


LaTeX Font Warning: Font shape `T1/cmr/m/n' in size <16.79996> not available
(Font)              size <17.28> substituted on input line 12.

LaTeX Font Info:    Calculating math sizes for size <16.79996> on input line 12.

LaTeX Font Warning: Font shape `OT1/cmr/m/n' in size <16.79996> not available
(Font)              size <17.28> substituted on input line 12.


LaTeX Font Warning: Font shape `OML/cmm/m/it' in size <16.79996> not available
(Font)              size <17.28> substituted on input line 12.


LaTeX Font Warning: Font shape `OMS/cmsy/m/n' in size <16.79996> not available
(Font)              size <17.28> substituted on input line 12.

LaTeX Font Info:    Trying to load font information for U+rsfs on input line 12.
(/usr/local/texlive/2023/texmf-dist/tex/latex/jknapltx/ursfs.fd
File: ursfs.fd 1998/03/24 rsfs font definition file (jk)
)

LaTeX Font Warning: Font shape `U/rsfs/m/n' in size <16.79996> not available
(Font)              size <17.28> substituted on input line 12.

LaTeX Font Info:    Trying to load font information for U+msa on input line 12.
(/usr/local/texlive/2023/texmf-dist/tex/latex/amsfonts/umsa.fd
File: umsa.fd 2013/01/14 v3.01 AMS symbols A
)
LaTeX Font Info:    Trying to load font information for U+msb on input line 12.
 (/usr/local/texlive/2023/texmf-dist/tex/latex/amsfonts/umsb.fd
File: umsb.fd 2013/01/14 v3.01 AMS symbols B
)

LaTeX Font Warning: Font shape `T1/cmr/m/n' in size <29.03607> not available
(Font)              size <29.86> substituted on input line 12.

[1

{/usr/local/texlive/2023/texmf-var/fonts/map/pdftex/updmap/pdftex.map}{/usr/local/texlive/2023/texmf-dist/fonts/enc/dvips/cm-super/cm-super-t1.enc}]

LaTeX Font Warning: Font shape `T1/cmr/bx/n' in size <34.83209> not available
(Font)              size <35.83> substituted on input line 15.


LaTeX Font Warning: Font shape `T1/cmr/m/sc' in size <34.83209> not available
(Font)              size <35.83> substituted on input line 15.


LaTeX Font Warning: Font shape `T1/cmr/bx/sc' in size <34.83209> not available
(Font)              size <35.83> substituted on input line 15.

Missing character: There is no ; in font nullfont!
Missing character: There is no ; in font nullfont!
(./Miscellaneous Facts.toc

LaTeX Font Warning: Font shape `T1/cmr/m/n' in size <20.16003> not available
(Font)              size <20.74> substituted on input line 1.


LaTeX Font Warning: Font shape `T1/cmr/m/sc' in size <20.16003> not available
(Font)              size <20.74> substituted on input line 1.


LaTeX Font Warning: Font shape `T1/cmr/bx/sc' in size <20.16003> not available
(Font)              size <20.74> substituted on input line 1.

Missing character: There is no ; in font nullfont!

LaTeX Font Warning: Font shape `T1/cmr/m/sc' in size <16.79996> not available
(Font)              size <17.28> substituted on input line 1.


LaTeX Font Warning: Font shape `T1/cmr/bx/sc' in size <16.79996> not available
(Font)              size <17.28> substituted on input line 1.


LaTeX Font Warning: Font shape `T1/cmr/m/n' in size <12.77509> not available
(Font)              size <12> substituted on input line 2.

Missing character: There is no ; in font nullfont!
Missing character: There is no ; in font nullfont!
Missing character: There is no ; in font nullfont!
Missing character: There is no ; in font nullfont!

pdfTeX warning (ext4): destination with the same identifier (name{page.1}) has been already used, duplicate ignored
<to be read again> 
                   \relax 
l.21 ...rline {5.8}Operator Norm}{91}{section.5.8}
                                                  % [1

]
Missing character: There is no ; in font nullfont!
Missing character: There is no ; in font nullfont!
)
\tf@toc=\write4
\openout4 = `"Miscellaneous Facts.toc"'.

 [2]
Chapter 1.

LaTeX Font Warning: Font shape `T1/cmr/bx/n' in size <29.03607> not available
(Font)              size <29.86> substituted on input line 18.


LaTeX Font Warning: Font shape `T1/cmr/bx/n' in size <20.16003> not available
(Font)              size <20.74> substituted on input line 19.

LaTeX Font Info:    Calculating math sizes for size <14> on input line 22.
[3

]
Underfull \hbox (badness 10000) in paragraph at lines 78--80

 []

[4]
Package mdframed Info: mdframed detected package amsthm 
 changed the theorem header of amsthm
(mdframed)              on input line 144.


Package mdframed Warning: You got a bad break
(mdframed)                because the last box will be empty
(mdframed)                you have to change it manually
(mdframed)                by changing the text, the space
(mdframed)                or something else on input line 148.

Package mdframed Info: You first box width is to small
 mdframed fixed it
(mdframed)              on input line 148.
[5]

Package mdframed Warning: You got a bad break
(mdframed)                because the last split box is empty
(mdframed)                You have to change the settings on input line 148.

Package mdframed Info: mdframed detected package amsthm 
 changed the theorem header of amsthm
(mdframed)              on input line 188.

Overfull \hbox (35.32019pt too wide) detected at line 225
[]
 []


Underfull \hbox (badness 10000) in paragraph at lines 225--227

 []


Underfull \hbox (badness 10000) in paragraph at lines 250--251

 []

<drawing.pdf, id=183, 597.50786pt x 845.04686pt>
File: drawing.pdf Graphic file (type pdf)
<use drawing.pdf>
Package pdftex.def Info: drawing.pdf  used on input line 254.
(pdftex.def)             Requested size: 284.53032pt x 284.52695pt.
[6] [7] [8 <./drawing.pdf>] [9]
Runaway argument?
 
./Miscellaneous Facts.tex:296: Paragraph ended before \align* was complete.
<to be read again> 
                   \par 
l.296 
      
I suspect you've forgotten a `}', causing me to apply this
control sequence to too much text. How can we recover?
My plan is to forget the whole thing and hope for the best.

./Miscellaneous Facts.tex:296: Missing $ inserted.
<inserted text> 
                $
l.296 
      
I've inserted a begin-math/end-math symbol since I think
you left one out. Proceed, with fingers crossed.

./Miscellaneous Facts.tex:296: Missing } inserted.
<inserted text> 
                }
l.296 
      
I've inserted something that you may have forgotten.
(See the <inserted text> above.)
With luck, this will get me unwedged. But if you
really didn't forget anything, try typing `2' now; then
my insertion and my current dilemma will both disappear.

./Miscellaneous Facts.tex:296: Missing \endgroup inserted.
<inserted text> 
                \endgroup 
l.296 
      
I've inserted something that you may have forgotten.
(See the <inserted text> above.)
With luck, this will get me unwedged. But if you
really didn't forget anything, try typing `2' now; then
my insertion and my current dilemma will both disappear.

./Miscellaneous Facts.tex:296: Display math should end with $$.
<to be read again> 
                   \tex_par:D 
l.296 
      
The `$' that I just saw supposedly matches a previous `$$'.
So I shall assume that you typed `$$' both times.

./Miscellaneous Facts.tex:296: Extra }, or forgotten \endgroup.
\par ...m \@noitemerr {\@@par }\fi \else {\@@par }
                                                  \fi 
l.296 
      
I've deleted a group-closing symbol because it seems to be
spurious, as in `$x}$'. But perhaps the } is legitimate and
you forgot something else, as in `\hbox{$x}'. In such cases
the way to recover is to insert both the forgotten and the
deleted material, e.g., by typing `I$}'.

./Miscellaneous Facts.tex:297: Misplaced \cr.
\math@cr@@@ ->\cr 
                  
l.297 \end{align*}
                  
I can't figure out why you would want to use a tab mark
or \cr or \span just now. If something like a right brace
up above has ended a previous alignment prematurely,
you're probably due for more error messages, and you
might try typing `S' now just to see what is salvageable.

./Miscellaneous Facts.tex:297: Misplaced \noalign.
\math@cr@@ ... \iffalse }\fi \math@cr@@@ \noalign 
                                                  {\vskip #1\relax }
l.297 \end{align*}
                  
I expect to see \noalign only after the \cr of
an alignment. Proceed, and I'll ignore this case.

./Miscellaneous Facts.tex:297: Misplaced \noalign.
\black@ #1->\noalign 
                     {\ifdim #1>\displaywidth \dimen@ \prevdepth \nointerlin...
l.297 \end{align*}
                  
I expect to see \noalign only after the \cr of
an alignment. Proceed, and I'll ignore this case.


Overfull \hbox (308.26184pt too wide) detected at line 297
[]
 []

./Miscellaneous Facts.tex:297: Extra }, or forgotten \endgroup.
\endalign ->\math@cr \black@ \totwidth@ \egroup 
                                                \ifingather@ \restorealignst...
l.297 \end{align*}
                  
I've deleted a group-closing symbol because it seems to be
spurious, as in `$x}$'. But perhaps the } is legitimate and
you forgot something else, as in `\hbox{$x}'. In such cases
the way to recover is to insert both the forgotten and the
deleted material, e.g., by typing `I$}'.

./Miscellaneous Facts.tex:297: Missing $ inserted.
<inserted text> 
                $
l.297 \end{align*}
                  
I've inserted something that you may have forgotten.
(See the <inserted text> above.)
With luck, this will get me unwedged. But if you
really didn't forget anything, try typing `2' now; then
my insertion and my current dilemma will both disappear.

./Miscellaneous Facts.tex:297: Display math should end with $$.
<to be read again> 
                   \endgroup 
l.297 \end{align*}
                  
The `$' that I just saw supposedly matches a previous `$$'.
So I shall assume that you typed `$$' both times.

[10

]
Chapter 2.
[11

]
Chapter 3.
[12

] [13

] [14]
Underfull \hbox (badness 10000) in paragraph at lines 486--488

 []

[15

] [16]
Package mdframed Info: mdframed detected package amsthm 
 changed the theorem header of amsthm
(mdframed)              on input line 510.
 [17

]
Chapter 4.
[18

]
Chapter 5.
<HW1.7.png, id=311, 959.585pt x 292.09125pt>
File: HW1.7.png Graphic file (type png)
<use HW1.7.png>
Package pdftex.def Info: HW1.7.png  used on input line 528.
(pdftex.def)             Requested size: 512.1503pt x 142.26576pt.

Overfull \hbox (1.42323pt too wide) in paragraph at lines 528--529
[][] 
 []

[19

 <./HW1.7.png>]
<HW1.6.png, id=319, 967.615pt x 232.87pt>
File: HW1.6.png Graphic file (type png)
<use HW1.6.png>
Package pdftex.def Info: HW1.6.png  used on input line 553.
(pdftex.def)             Requested size: 512.16911pt x 142.26723pt.

Overfull \hbox (1.44205pt too wide) in paragraph at lines 553--554
[][] 
 []


Underfull \hbox (badness 10000) in paragraph at lines 578--581

 []

[20 <./HW1.6.png>]
<HW1.5.png, id=326, 957.5775pt x 206.7725pt>
File: HW1.5.png Graphic file (type png)
<use HW1.5.png>
Package pdftex.def Info: HW1.5.png  used on input line 597.
(pdftex.def)             Requested size: 512.1455pt x 142.26616pt.

Overfull \hbox (1.41843pt too wide) in paragraph at lines 597--598
[][] 
 []


Underfull \hbox (badness 10000) in paragraph at lines 603--605

 []


Underfull \hbox (badness 10000) in paragraph at lines 617--619

 []

<HW1.4.png, id=327, 969.6225pt x 182.6825pt>
File: HW1.4.png Graphic file (type png)
<use HW1.4.png>
Package pdftex.def Info: HW1.4.png  used on input line 623.
(pdftex.def)             Requested size: 512.16644pt x 142.27155pt.

Overfull \hbox (1.43938pt too wide) in paragraph at lines 623--624
[][] 
 []

[21 <./HW1.5.png>] [22 <./HW1.4.png>]
<HW1.3.png, id=341, 967.615pt x 239.89626pt>
File: HW1.3.png Graphic file (type png)
<use HW1.3.png>
Package pdftex.def Info: HW1.3.png  used on input line 682.
(pdftex.def)             Requested size: 512.16911pt x 142.26599pt.

Overfull \hbox (1.44205pt too wide) in paragraph at lines 682--683
[][] 
 []


Package tcolorbox Warning: Discard zero height first box part due to break problems (possible loss of zero height content) on input line 683.

[23]
Underfull \hbox (badness 10000) in paragraph at lines 700--702

 []

<HW1.2.png, id=350, 965.6075pt x 111.41624pt>
File: HW1.2.png Graphic file (type png)
<use HW1.2.png>
Package pdftex.def Info: HW1.2.png  used on input line 709.
(pdftex.def)             Requested size: 512.16736pt x 85.35895pt.

Overfull \hbox (1.44029pt too wide) in paragraph at lines 709--710
[][] 
 []

[24 <./HW1.3.png>]
<HW1.1.png, id=359, 960.58875pt x 91.34125pt>
File: HW1.1.png Graphic file (type png)
<use HW1.1.png>
Package pdftex.def Info: HW1.1.png  used on input line 717.
(pdftex.def)             Requested size: 512.15834pt x 85.36182pt.

Overfull \hbox (1.43127pt too wide) in paragraph at lines 717--718
[][] 
 []


Underfull \hbox (badness 10000) in paragraph at lines 731--733

 []

[25 <./HW1.2.png> <./HW1.1.png>]
<HW1.8.png, id=369, 963.6pt x 448.67625pt>
File: HW1.8.png Graphic file (type png)
<use HW1.8.png>
Package pdftex.def Info: HW1.8.png  used on input line 756.
(pdftex.def)             Requested size: 512.16121pt x 256.08359pt.

Overfull \hbox (1.43414pt too wide) in paragraph at lines 756--757
[][] 
 []


Underfull \hbox (badness 10000) in paragraph at lines 778--780

 []

[26 <./HW1.8.png>] [27]
Package mdframed Info: mdframed detected package amsthm 
 changed the theorem header of amsthm
(mdframed)              on input line 805.


LaTeX Warning: Hyper reference `27CaB' on page 28 undefined on input line 805.


LaTeX Warning: Reference `27CaB' on page 28 undefined on input line 805.


Underfull \hbox (badness 10000) in paragraph at lines 816--817

 []


Underfull \hbox (badness 10000) in paragraph at lines 822--823

 []


LaTeX Warning: Hyper reference `27CaB' on page 28 undefined on input line 825.


LaTeX Warning: Reference `27CaB' on page 28 undefined on input line 825.

[28

] [29]
Package mdframed Info: mdframed detected package amsthm 
 changed the theorem header of amsthm
(mdframed)              on input line 907.

Underfull \hbox (badness 10000) in paragraph at lines 917--918

 []


LaTeX Warning: Hyper reference `27CaB' on page 30 undefined on input line 923.


LaTeX Warning: Reference `27CaB' on page 30 undefined on input line 923.

Package mdframed Info: Box was splittet wrong
 starting loop to iterate the splitting point
(mdframed)              on input line 932.
[30]
Underfull \hbox (badness 10000) in paragraph at lines 941--942

 []


Underfull \hbox (badness 10000) in paragraph at lines 976--978

 []

[31]
Underfull \hbox (badness 10000) in paragraph at lines 1012--1014

 []


Underfull \hbox (badness 10000) in paragraph at lines 1033--1034

 []


Underfull \hbox (badness 10000) in paragraph at lines 1035--1036

 []

[32]
Underfull \hbox (badness 10000) in paragraph at lines 1037--1038

 []

Package mdframed Info: mdframed detected package amsthm 
 changed the theorem header of amsthm
(mdframed)              on input line 1042.

Underfull \hbox (badness 10000) in paragraph at lines 1042--1043

 []

./Miscellaneous Facts.tex:1062: Undefined control sequence.
<argument>  \bset 
                  {\sum _{k=1}^n f_k}_{n\inn }\text { is uniformly Cauchy }
l.1062 \end{align*}
                   
The control sequence at the end of the top line
of your error message was never \def'ed. If you have
misspelled it (e.g., `\hobx'), type `I' and the correct
spelling (e.g., `I\hbox'). Otherwise just continue,
and I'll forget about whatever was undefined.

./Miscellaneous Facts.tex:1062: Undefined control sequence.
<argument>  \bset 
                  {\sum _{k=1}^n f_k}_{n\inn }\text { is uniformly Cauchy }
l.1062 \end{align*}
                   
The control sequence at the end of the top line
of your error message was never \def'ed. If you have
misspelled it (e.g., `\hobx'), type `I' and the correct
spelling (e.g., `I\hbox'). Otherwise just continue,
and I'll forget about whatever was undefined.

[33] [34] [35]
Package mdframed Info: mdframed detected package amsthm 
 changed the theorem header of amsthm
(mdframed)              on input line 1130.

./Miscellaneous Facts.tex:1155: Undefined control sequence.
<argument>  \label {282e1} \bset 
                                 {f_n(x_k)}_{k\inn }\to \bset {f(x_k)}_{k\in...
l.1155 \end{align}
                  
The control sequence at the end of the top line
of your error message was never \def'ed. If you have
misspelled it (e.g., `\hobx'), type `I' and the correct
spelling (e.g., `I\hbox'). Otherwise just continue,
and I'll forget about whatever was undefined.

./Miscellaneous Facts.tex:1155: Undefined control sequence.
<argument> ... \bset {f_n(x_k)}_{k\inn }\to \bset 
                                                  {f(x_k)}_{k\inn }\text { u...
l.1155 \end{align}
                  
The control sequence at the end of the top line
of your error message was never \def'ed. If you have
misspelled it (e.g., `\hobx'), type `I' and the correct
spelling (e.g., `I\hbox'). Otherwise just continue,
and I'll forget about whatever was undefined.

./Miscellaneous Facts.tex:1155: Undefined control sequence.
<argument>  \label {282e1} \bset 
                                 {f_n(x_k)}_{k\inn }\to \bset {f(x_k)}_{k\in...
l.1155 \end{align}
                  
The control sequence at the end of the top line
of your error message was never \def'ed. If you have
misspelled it (e.g., `\hobx'), type `I' and the correct
spelling (e.g., `I\hbox'). Otherwise just continue,
and I'll forget about whatever was undefined.

./Miscellaneous Facts.tex:1155: Undefined control sequence.
<argument> ... \bset {f_n(x_k)}_{k\inn }\to \bset 
                                                  {f(x_k)}_{k\inn }\text { u...
l.1155 \end{align}
                  
The control sequence at the end of the top line
of your error message was never \def'ed. If you have
misspelled it (e.g., `\hobx'), type `I' and the correct
spelling (e.g., `I\hbox'). Otherwise just continue,
and I'll forget about whatever was undefined.

Package mdframed Info: mdframed detected package amsthm 
 changed the theorem header of amsthm
(mdframed)              on input line 1172.

LaTeX Warning: Hyper reference `' on page 36 undefined on input line 1172.


LaTeX Warning: Reference `' on page 36 undefined on input line 1172.

[36

]
Overfull \hbox (4.78252pt too wide) detected at line 1240
[]
 []

[37]
Package mdframed Info: mdframed detected package amsthm 
 changed the theorem header of amsthm
(mdframed)              on input line 1243.
 [38]
<ahw23.png, id=510, 954.56625pt x 150.5625pt>
File: ahw23.png Graphic file (type png)
<use ahw23.png>
Package pdftex.def Info: ahw23.png  used on input line 1252.
(pdftex.def)             Requested size: 512.13718pt x 85.36203pt.

Overfull \hbox (1.41011pt too wide) in paragraph at lines 1252--1253
[][] 
 []

[39

 <./ahw23.png>]
<ahw22.png, id=517, 949.5475pt x 451.6875pt>
File: ahw22.png Graphic file (type png)
<use ahw22.png>
Package pdftex.def Info: ahw22.png  used on input line 1302.
(pdftex.def)             Requested size: 512.16846pt x 256.0861pt.

Overfull \hbox (1.44139pt too wide) in paragraph at lines 1302--1303
[][] 
 []


Package tcolorbox Warning: Discard zero height first box part due to break problems (possible loss of zero height content) on input line 1303.

[40]
Underfull \hbox (badness 10000) in paragraph at lines 1305--1306

 []


Underfull \hbox (badness 10000) in paragraph at lines 1317--1319

 []

[41

pdfTeX warning: pdflatex: pop empty color page stack 0
 <./ahw22.png>]
Underfull \hbox (badness 10000) in paragraph at lines 1335--1337

 []


Underfull \hbox (badness 10000) in paragraph at lines 1358--1360

 []

[42] [43]
Underfull \hbox (badness 10000) in paragraph at lines 1404--1406

 []

[44]
<ahw29.png, id=541, 976.64874pt x 208.78pt>
File: ahw29.png Graphic file (type png)
<use ahw29.png>
Package pdftex.def Info: ahw29.png  used on input line 1419.
(pdftex.def)             Requested size: 512.15218pt x 113.8131pt.

Overfull \hbox (1.42511pt too wide) in paragraph at lines 1419--1420
[][] 
 []

[45 <./ahw29.png>]
<ahw28.png, id=548, 973.6375pt x 477.785pt>
File: ahw28.png Graphic file (type png)
<use ahw28.png>
Package pdftex.def Info: ahw28.png  used on input line 1473.
(pdftex.def)             Requested size: 512.14787pt x 284.52254pt.
<ahw27.png, id=549, 940.51375pt x 206.7725pt>
File: ahw27.png Graphic file (type png)
<use ahw27.png>
Package pdftex.def Info: ahw27.png  used on input line 1474.
(pdftex.def)             Requested size: 512.14648pt x 113.81355pt.

Overfull \hbox (1.4208pt too wide) in paragraph at lines 1473--1475
[][]
 []


Overfull \hbox (1.41942pt too wide) in paragraph at lines 1473--1475
[] 
 []


Package tcolorbox Warning: Discard zero height first box part due to break problems (possible loss of zero height content) on input line 1475.

[46] [47

pdfTeX warning: pdflatex: pop empty color page stack 0
 <./ahw28.png> <./ahw27.png>]
Underfull \hbox (badness 10000) in paragraph at lines 1488--1490

 []


Underfull \hbox (badness 10000) in paragraph at lines 1498--1500

 []

[48]
Underfull \hbox (badness 10000) in paragraph at lines 1518--1520

 []


Underfull \hbox (badness 10000) in paragraph at lines 1526--1528

 []

[49]
Underfull \hbox (badness 10000) in paragraph at lines 1543--1545

 []

[50]
<ahw26.png, id=575, 958.58125pt x 241.90375pt>
File: ahw26.png Graphic file (type png)
<use ahw26.png>
Package pdftex.def Info: ahw26.png  used on input line 1573.
(pdftex.def)             Requested size: 512.15576pt x 142.26796pt.

Overfull \hbox (1.4287pt too wide) in paragraph at lines 1573--1574
[][] 
 []


Package tcolorbox Warning: Discard zero height first box part due to break problems (possible loss of zero height content) on input line 1574.

[51] [52

pdfTeX warning: pdflatex: pop empty color page stack 0
 <./ahw26.png>]
<ahw25.png, id=594, 970.62625pt x 228.855pt>
File: ahw25.png Graphic file (type png)
<use ahw25.png>
Package pdftex.def Info: ahw25.png  used on input line 1630.
(pdftex.def)             Requested size: 512.17827pt x 227.6322pt.

Overfull \hbox (1.4512pt too wide) in paragraph at lines 1630--1631
[][] 
 []


Package tcolorbox Warning: Discard zero height first box part due to break problems (possible loss of zero height content) on input line 1631.

[53]
Underfull \hbox (badness 10000) in paragraph at lines 1633--1635

 []

<ahw24.png, id=600, 960.58875pt x 91.34125pt>
File: ahw24.png Graphic file (type png)
<use ahw24.png>
Package pdftex.def Info: ahw24.png  used on input line 1640.
(pdftex.def)             Requested size: 512.15834pt x 85.36182pt.

Overfull \hbox (1.43127pt too wide) in paragraph at lines 1640--1641
[][] 
 []

[54

pdfTeX warning: pdflatex: pop empty color page stack 0
 <./ahw25.png> <./ahw24.png>]
<ahw21.png, id=611, 959.585pt x 129.48375pt>
File: ahw21.png Graphic file (type png)
<use ahw21.png>
Package pdftex.def Info: ahw21.png  used on input line 1656.
(pdftex.def)             Requested size: 512.1503pt x 85.3627pt.

Overfull \hbox (1.42323pt too wide) in paragraph at lines 1656--1657
[][] 
 []


Underfull \hbox (badness 10000) in paragraph at lines 1668--1670

 []

[55 <./ahw21.png>] [56

]
Package mdframed Info: mdframed detected package amsthm 
 changed the theorem header of amsthm
(mdframed)              on input line 1744.
 [57] [58]

LaTeX Warning: Hyper reference `MVT' on page 59 undefined on input line 1817.


LaTeX Warning: Reference `MVT' on page 59 undefined on input line 1817.

[59]

LaTeX Warning: Hyper reference `MVT' on page 60 undefined on input line 1876.


LaTeX Warning: Reference `MVT' on page 60 undefined on input line 1876.

[60]
Overfull \hbox (37.30482pt too wide) in paragraph at lines 1899--1901
\T1/cmr/m/n/14.4 Then (No-tice that the sec-ond equal-ity be-low hold true be-cause we have known $[][] [][] \OML/cmm/m/it/14.4 ^^^[]\OT1/cmr/m/n/14.4 (\OML/cmm/m/it/14.4 t\OT1/cmr/m/n/14.4 )$
 []

Package mdframed Info: mdframed detected package amsthm 
 changed the theorem header of amsthm
(mdframed)              on input line 1913.
[61]
Underfull \hbox (badness 10000) in paragraph at lines 1935--1937

 []

[62] [63]
<hw3q1.png, id=687, 1208.515pt x 339.2675pt>
File: hw3q1.png Graphic file (type png)
<use hw3q1.png>
Package pdftex.def Info: hw3q1.png  used on input line 1978.
(pdftex.def)             Requested size: 512.14607pt x 170.71527pt.

Overfull \hbox (1.419pt too wide) in paragraph at lines 1978--1979
[][] 
 []

[64

 <./hw3q1.png>] [65]
<hw3q2.png, id=701, 1127.21124pt x 137.51375pt>
File: hw3q2.png Graphic file (type png)
<use hw3q2.png>
Package pdftex.def Info: hw3q2.png  used on input line 2053.
(pdftex.def)             Requested size: 512.14233pt x 85.36046pt.

Overfull \hbox (1.41527pt too wide) in paragraph at lines 2053--2054
[][] 
 []

<hw3q3.png, id=703, 1114.1625pt x 143.53625pt>
File: hw3q3.png Graphic file (type png)
<use hw3q3.png>
Package pdftex.def Info: hw3q3.png  used on input line 2083.
(pdftex.def)             Requested size: 512.16396pt x 85.36021pt.

Overfull \hbox (1.43689pt too wide) in paragraph at lines 2083--2084
[][] 
 []

[66 <./hw3q2.png>]
<hw3q4.png, id=711, 1126.2075pt x 276.03125pt>
File: hw3q4.png Graphic file (type png)
<use hw3q4.png>
Package pdftex.def Info: hw3q4.png  used on input line 2101.
(pdftex.def)             Requested size: 512.15027pt x 142.26929pt.

Overfull \hbox (1.4232pt too wide) in paragraph at lines 2101--2102
[][] 
 []

[67 <./hw3q3.png> <./hw3q4.png>] [68] [69] [70] [71]
<hw3q5.png, id=748, 1133.23375pt x 149.55875pt>
File: hw3q5.png Graphic file (type png)
<use hw3q5.png>
Package pdftex.def Info: hw3q5.png  used on input line 2267.
(pdftex.def)             Requested size: 512.16382pt x 85.3589pt.

Overfull \hbox (1.43675pt too wide) in paragraph at lines 2267--2268
[][] 
 []

[72 <./hw3q5.png>]
Underfull \hbox (badness 10000) in paragraph at lines 2285--2287

 []

[73]
Underfull \hbox (badness 10000) in paragraph at lines 2317--2318

 []


Underfull \hbox (badness 10000) in paragraph at lines 2319--2320

 []

<hw3q6.png, id=763, 1121.18875pt x 142.5325pt>
File: hw3q6.png Graphic file (type png)
<use hw3q6.png>
Package pdftex.def Info: hw3q6.png  used on input line 2331.
(pdftex.def)             Requested size: 512.16042pt x 85.35703pt.

Overfull \hbox (1.43335pt too wide) in paragraph at lines 2331--2332
[][] 
 []

[74 <./hw3q6.png>]
Underfull \hbox (badness 10000) in paragraph at lines 2344--2346

 []

<hw3q7.png, id=780, 1132.23pt x 170.6375pt>
File: hw3q7.png Graphic file (type png)
<use hw3q7.png>
Package pdftex.def Info: hw3q7.png  used on input line 2360.
(pdftex.def)             Requested size: 512.15936pt x 85.36018pt.

Overfull \hbox (1.4323pt too wide) in paragraph at lines 2360--2361
[][] 
 []

[75 <./hw3q7.png>]
<hw3q8.png, id=787, 1097.09875pt x 60.225pt>
File: hw3q8.png Graphic file (type png)
<use hw3q8.png>
Package pdftex.def Info: hw3q8.png  used on input line 2376.
(pdftex.def)             Requested size: 512.1545pt x 56.9074pt.

Overfull \hbox (1.42743pt too wide) in paragraph at lines 2376--2377
[][] 
 []

[76 <./hw3q8.png>] [77]
<ahw4q1.png, id=798, 949.5475pt x 89.33376pt>
File: ahw4q1.png Graphic file (type png)
<use ahw4q1.png>
Package pdftex.def Info: ahw4q1.png  used on input line 2418.
(pdftex.def)             Requested size: 512.16846pt x 85.36275pt.

Overfull \hbox (1.44139pt too wide) in paragraph at lines 2418--2419
[][] 
 []


Underfull \hbox (badness 10000) in paragraph at lines 2444--2446

 []

[78

 <./ahw4q1.png>] [79]
Overfull \hbox (25.35577pt too wide) detected at line 2518
[]
 []

<ahw4q2.png, id=811, 957.5775pt x 75.28125pt>
File: ahw4q2.png Graphic file (type png)
<use ahw4q2.png>
Package pdftex.def Info: ahw4q2.png  used on input line 2526.
(pdftex.def)             Requested size: 512.1455pt x 85.36661pt.

Overfull \hbox (1.41843pt too wide) in paragraph at lines 2526--2527
[][] 
 []

<ahw4q3.png, id=813, 956.57375pt x 376.40625pt>
File: ahw4q3.png Graphic file (type png)
<use ahw4q3.png>
Package pdftex.def Info: ahw4q3.png  used on input line 2532.
(pdftex.def)             Requested size: 512.1487pt x 227.62596pt.

Overfull \hbox (1.42163pt too wide) in paragraph at lines 2532--2533
[][] 
 []

[80 <./ahw4q2.png>]
Underfull \hbox (badness 10000) in paragraph at lines 2535--2536

 []

[81 <./ahw4q3.png>] [82]
<ahw4q4.png, id=831, 962.59625pt x 184.69pt>
File: ahw4q4.png Graphic file (type png)
<use ahw4q4.png>
Package pdftex.def Info: ahw4q4.png  used on input line 2606.
(pdftex.def)             Requested size: 512.15646pt x 142.26526pt.

Overfull \hbox (1.4294pt too wide) in paragraph at lines 2606--2607
[][] 
 []


Underfull \hbox (badness 10000) in paragraph at lines 2609--2610

 []


Underfull \hbox (badness 10000) in paragraph at lines 2624--2626

 []

[83 <./ahw4q4.png>]
<ahw4q5.png, id=838, 934.49126pt x 195.73125pt>
File: ahw4q5.png Graphic file (type png)
<use ahw4q5.png>
Package pdftex.def Info: ahw4q5.png  used on input line 2681.
(pdftex.def)             Requested size: 512.17513pt x 142.27036pt.

Overfull \hbox (1.44806pt too wide) in paragraph at lines 2681--2682
[][] 
 []

[84] [85 <./ahw4q5.png>]
<ahw4q6.png, id=851, 946.53625pt x 49.18375pt>
File: ahw4q6.png Graphic file (type png)
<use ahw4q6.png>
Package pdftex.def Info: ahw4q6.png  used on input line 2732.
(pdftex.def)             Requested size: 512.16187pt x 56.90532pt.

Overfull \hbox (1.4348pt too wide) in paragraph at lines 2732--2733
[][] 
 []


Underfull \hbox (badness 10000) in paragraph at lines 2772--2774

 []

[86 <./ahw4q6.png>]
Underfull \hbox (badness 10000) in paragraph at lines 2816--2818

 []

<ahw4q7.png, id=858, 956.57375pt x 85.31876pt>
File: ahw4q7.png Graphic file (type png)
<use ahw4q7.png>
Package pdftex.def Info: ahw4q7.png  used on input line 2822.
(pdftex.def)             Requested size: 512.1487pt x 85.36409pt.

Overfull \hbox (1.42163pt too wide) in paragraph at lines 2822--2823
[][] 
 []

[87]
Underfull \hbox (badness 10000) in paragraph at lines 2828--2830

 []

[88 <./ahw4q7.png>] [89]
<ahw4q8.png, id=875, 963.6pt x 159.59625pt>
File: ahw4q8.png Graphic file (type png)
<use ahw4q8.png>
Package pdftex.def Info: ahw4q8.png  used on input line 2899.
(pdftex.def)             Requested size: 512.16121pt x 170.71758pt.

Overfull \hbox (1.43414pt too wide) in paragraph at lines 2899--2900
[][] 
 []

[90 <./ahw4q8.png>]
Package mdframed Info: mdframed detected package amsthm 
 changed the theorem header of amsthm
(mdframed)              on input line 2906.

Underfull \hbox (badness 10000) in paragraph at lines 2906--2907

 []


Underfull \hbox (badness 10000) in paragraph at lines 2915--2917

 []


Underfull \hbox (badness 10000) in paragraph at lines 2936--2938

 []

./Miscellaneous Facts.tex:2950: Undefined control sequence.
<argument> ...\frac {\norm {x}}{\epsilon } \bnorm 
                                                  {T \frac {\epsilon x}{\nor...
l.2950 \end{align*}
                   
The control sequence at the end of the top line
of your error message was never \def'ed. If you have
misspelled it (e.g., `\hobx'), type `I' and the correct
spelling (e.g., `I\hbox'). Otherwise just continue,
and I'll forget about whatever was undefined.

./Miscellaneous Facts.tex:2950: Undefined control sequence.
<argument> ...\frac {\norm {x}}{\epsilon } \bnorm 
                                                  {T \frac {\epsilon x}{\nor...
l.2950 \end{align*}
                   
The control sequence at the end of the top line
of your error message was never \def'ed. If you have
misspelled it (e.g., `\hobx'), type `I' and the correct
spelling (e.g., `I\hbox'). Otherwise just continue,
and I'll forget about whatever was undefined.

[91

]
Package mdframed Info: mdframed detected package amsthm 
 changed the theorem header of amsthm
(mdframed)              on input line 2953.

Underfull \hbox (badness 10000) in paragraph at lines 2960--2962

 []

[92]
./Miscellaneous Facts.tex:2996: Undefined control sequence.
<argument>  \norm {x}= \bnorm 
                              {\sum \alpha _ie_i} \leq \sum \abso {\alpha _i...
l.2996 \end{align*}
                   
The control sequence at the end of the top line
of your error message was never \def'ed. If you have
misspelled it (e.g., `\hobx'), type `I' and the correct
spelling (e.g., `I\hbox'). Otherwise just continue,
and I'll forget about whatever was undefined.

./Miscellaneous Facts.tex:2996: Undefined control sequence.
<argument>  \norm {x}= \bnorm 
                              {\sum \alpha _ie_i} \leq \sum \abso {\alpha _i...
l.2996 \end{align*}
                   
The control sequence at the end of the top line
of your error message was never \def'ed. If you have
misspelled it (e.g., `\hobx'), type `I' and the correct
spelling (e.g., `I\hbox'). Otherwise just continue,
and I'll forget about whatever was undefined.


Underfull \hbox (badness 10000) in paragraph at lines 3000--3002

 []


Underfull \hbox (badness 10000) in paragraph at lines 3005--3006

 []


Underfull \hbox (badness 10000) in paragraph at lines 3008--3009

 []

./Miscellaneous Facts.tex:3017: Undefined control sequence.
<argument> ...)\leq \norm {x}_\infty \cdot \bnorm 
                                                  { \frac {x}{\norm {x}_\inf...
l.3017 \end{align*}
                   
The control sequence at the end of the top line
of your error message was never \def'ed. If you have
misspelled it (e.g., `\hobx'), type `I' and the correct
spelling (e.g., `I\hbox'). Otherwise just continue,
and I'll forget about whatever was undefined.

./Miscellaneous Facts.tex:3017: Undefined control sequence.
<argument> ...)\leq \norm {x}_\infty \cdot \bnorm 
                                                  { \frac {x}{\norm {x}_\inf...
l.3017 \end{align*}
                   
The control sequence at the end of the top line
of your error message was never \def'ed. If you have
misspelled it (e.g., `\hobx'), type `I' and the correct
spelling (e.g., `I\hbox'). Otherwise just continue,
and I'll forget about whatever was undefined.

[93]
Package mdframed Info: mdframed detected package amsthm 
 changed the theorem header of amsthm
(mdframed)              on input line 3054.

Underfull \hbox (badness 10000) in paragraph at lines 3061--3062

 []


Overfull \hbox (3.3275pt too wide) in paragraph at lines 3063--3064
[]\T1/cmr/m/n/14.4 Naturally, our def-i-ni-tion of bound-ed-ness of lin-ear op-er-a-tor de-rive us a norm on $\OML/cmm/m/it/14.4 BL\OT1/cmr/m/n/14.4 (\OMS/cmsy/m/n/14.4 X\OML/cmm/m/it/14.4 ; \OMS/cmsy/m/n/14.4 Y\OT1/cmr/m/n/14.4 )$\T1/cmr/m/n/14.4 ,
 []

[94]
./Miscellaneous Facts.tex:3081: Undefined control sequence.
<argument> ... x\neq 0\in \mathcal {X}}\\ &=\bset 
                                                  {M\inr ^+ : M \geq \sup _{...
l.3081 \end{align*}
                   
The control sequence at the end of the top line
of your error message was never \def'ed. If you have
misspelled it (e.g., `\hobx'), type `I' and the correct
spelling (e.g., `I\hbox'). Otherwise just continue,
and I'll forget about whatever was undefined.

./Miscellaneous Facts.tex:3081: Undefined control sequence.
<argument> ... x\neq 0\in \mathcal {X}}\\ &=\bset 
                                                  {M\inr ^+ : M \geq \sup _{...
l.3081 \end{align*}
                   
The control sequence at the end of the top line
of your error message was never \def'ed. If you have
misspelled it (e.g., `\hobx'), type `I' and the correct
spelling (e.g., `I\hbox'). Otherwise just continue,
and I'll forget about whatever was undefined.

Package mdframed Info: mdframed detected package amsthm 
 changed the theorem header of amsthm
(mdframed)              on input line 3088.
Package mdframed Info: Box was splittet wrong
 starting loop to iterate the splitting point
(mdframed)              on input line 3111.
[95] [96]
<ahw5q1.png, id=937, 749.80125pt x 153.57375pt>
File: ahw5q1.png Graphic file (type png)
<use ahw5q1.png>
Package pdftex.def Info: ahw5q1.png  used on input line 3114.
(pdftex.def)             Requested size: 512.18063pt x 142.27376pt.

Overfull \hbox (1.45357pt too wide) in paragraph at lines 3114--3115
[][] 
 []

<ahw5q2.png, id=938, 759.83875pt x 245.91875pt>
File: ahw5q2.png Graphic file (type png)
<use ahw5q2.png>
Package pdftex.def Info: ahw5q2.png  used on input line 3157.
(pdftex.def)             Requested size: 512.16177pt x 284.53796pt.

Overfull \hbox (1.43471pt too wide) in paragraph at lines 3157--3158
[][] 
 []

[97

 <./ahw5q1.png>] [98 <./ahw5q2.png>]
<ahw5q3.png, id=955, 749.80125pt x 73.27374pt>
File: ahw5q3.png Graphic file (type png)
<use ahw5q3.png>
Package pdftex.def Info: ahw5q3.png  used on input line 3185.
(pdftex.def)             Requested size: 512.18063pt x 85.35759pt.

Overfull \hbox (1.45357pt too wide) in paragraph at lines 3185--3186
[][] 
 []

<ahw5q4.png, id=956, 773.89125pt x 193.72375pt>
File: ahw5q4.png Graphic file (type png)
<use ahw5q4.png>
Package pdftex.def Info: ahw5q4.png  used on input line 3216.
(pdftex.def)             Requested size: 512.15141pt x 170.7198pt.

Overfull \hbox (1.42435pt too wide) in paragraph at lines 3216--3217
[][] 
 []

[99 <./ahw5q3.png>]
Underfull \hbox (badness 10000) in paragraph at lines 3226--3228

 []


Underfull \hbox (badness 10000) in paragraph at lines 3240--3242

 []

[100 <./ahw5q4.png>]
Underfull \hbox (badness 10000) in paragraph at lines 3258--3260

 []


Underfull \hbox (badness 10000) in paragraph at lines 3268--3270

 []


Underfull \hbox (badness 10000) in paragraph at lines 3271--3272

 []


Underfull \hbox (badness 10000) in paragraph at lines 3273--3274

 []

<ahw5q5.png, id=969, 760.8425pt x 311.1625pt>
File: ahw5q5.png Graphic file (type png)
<use ahw5q5.png>
Package pdftex.def Info: ahw5q5.png  used on input line 3282.
(pdftex.def)             Requested size: 512.165pt x 199.1718pt.

Overfull \hbox (1.43793pt too wide) in paragraph at lines 3282--3283
[][] 
 []


Package tcolorbox Warning: Discard zero height first box part due to break problems (possible loss of zero height content) on input line 3283.

[101]
Underfull \hbox (badness 10000) in paragraph at lines 3285--3286

 []


Underfull \hbox (badness 10000) in paragraph at lines 3304--3306

 []

<ahw5q6.png, id=974, 766.865pt x 291.0875pt>
File: ahw5q6.png Graphic file (type png)
<use ahw5q6.png>
Package pdftex.def Info: ahw5q6.png  used on input line 3318.
(pdftex.def)             Requested size: 512.1821pt x 284.54869pt.

Overfull \hbox (1.45503pt too wide) in paragraph at lines 3318--3319
[][] 
 []

[102

pdfTeX warning: pdflatex: pop empty color page stack 0
 <./ahw5q5.png>]
Underfull \hbox (badness 10000) in paragraph at lines 3321--3322

 []


Underfull \hbox (badness 10000) in paragraph at lines 3346--3348

 []

[103 <./ahw5q6.png>] [104]
Chapter 6.
Package mdframed Info: mdframed detected package amsthm 
 changed the theorem header of amsthm
(mdframed)              on input line 3365.
[105

]
Package mdframed Info: mdframed detected package amsthm 
 changed the theorem header of amsthm
(mdframed)              on input line 3406.
 [106]
Chapter 7.
Package mdframed Info: mdframed detected package amsthm 
 changed the theorem header of amsthm
(mdframed)              on input line 3417.

Underfull \hbox (badness 10000) in paragraph at lines 3417--3418

 []

Package mdframed Info: mdframed detected package amsthm 
 changed the theorem header of amsthm
(mdframed)              on input line 3422.
Package mdframed Info: Box was splittet wrong
 starting loop to iterate the splitting point
(mdframed)              on input line 3450.
[107

]
Package mdframed Info: mdframed detected package amsthm 
 changed the theorem header of amsthm
(mdframed)              on input line 3453.

Underfull \hbox (badness 10000) in paragraph at lines 3460--3462

 []


Underfull \hbox (badness 10000) in paragraph at lines 3466--3468

 []


Underfull \hbox (badness 10000) in paragraph at lines 3497--3499

 []


Underfull \hbox (badness 10000) in paragraph at lines 3500--3501

 []

[108]
Package mdframed Info: Box was splittet wrong
 starting loop to iterate the splitting point
(mdframed)              on input line 3510.
 [109]
Package mdframed Info: mdframed detected package amsthm 
 changed the theorem header of amsthm
(mdframed)              on input line 3512.
Package mdframed Info: Box was splittet wrong
 starting loop to iterate the splitting point
(mdframed)              on input line 3556.
 [110] [111]
Package mdframed Info: mdframed detected package amsthm 
 changed the theorem header of amsthm
(mdframed)              on input line 3610.


Package mdframed Warning: You got a bad break
(mdframed)                because the last box will be empty
(mdframed)                you have to change it manually
(mdframed)                by changing the text, the space
(mdframed)                or something else on input line 3614.

Package mdframed Info: You first box width is to small
 mdframed fixed it
(mdframed)              on input line 3614.
[112]

Package mdframed Warning: You got a bad break
(mdframed)                because the last split box is empty
(mdframed)                You have to change the settings on input line 3614.

Package mdframed Info: mdframed detected package amsthm 
 changed the theorem header of amsthm
(mdframed)              on input line 3662.

Underfull \hbox (badness 10000) in paragraph at lines 3662--3663

 []


Underfull \hbox (badness 10000) in paragraph at lines 3667--3669

 []

Package mdframed Info: Not enough space on this page on input line 3680.
[113]
Package mdframed Info: Not enough space on this page on input line 3680.
Package mdframed Info: mdframed detected package amsthm 
 changed the theorem header of amsthm
(mdframed)              on input line 3682.

Underfull \hbox (badness 10000) in paragraph at lines 3682--3683

 []


Underfull \hbox (badness 10000) in paragraph at lines 3712--3714

 []

Package mdframed Info: Box was splittet wrong
 starting loop to iterate the splitting point
(mdframed)              on input line 3716.
[114] [115]
Package mdframed Info: mdframed detected package amsthm 
 changed the theorem header of amsthm
(mdframed)              on input line 3719.

Underfull \hbox (badness 10000) in paragraph at lines 3719--3720

 []

Package mdframed Info: mdframed detected package amsthm 
 changed the theorem header of amsthm
(mdframed)              on input line 3725.

Underfull \hbox (badness 10000) in paragraph at lines 3771--3773

 []


Underfull \hbox (badness 10000) in paragraph at lines 3794--3796

 []

[116

] [117]
Package mdframed Info: mdframed detected package amsthm 
 changed the theorem header of amsthm
(mdframed)              on input line 3803.
 [118] (./Miscellaneous Facts.aux)

LaTeX Font Warning: Size substitutions with differences
(Font)              up to 0.99791pt have occurred.


LaTeX Warning: There were undefined references.

 ) 
Here is how much of TeX's memory you used:
 35386 strings out of 476025
 715460 string characters out of 5790017
 1892388 words of memory out of 5000000
 54745 multiletter control sequences out of 15000+600000
 539963 words of font info for 101 fonts, out of 8000000 for 9000
 1141 hyphenation exceptions out of 8191
 91i,20n,99p,711b,1426s stack positions out of 10000i,1000n,20000p,200000b,200000s
</usr/local/texlive/2023/texmf-dist/fonts/type1/public/amsfonts/cm/cmex10.pfb></usr/local/texlive/2023/texmf-dist/fonts/type1/public/amsfonts/cm/cmmi10.pfb></usr/local/texlive/2023/texmf-dist/fonts/type1/public/amsfonts/cm/cmmi12.pfb></usr/local/texlive/2023/texmf-dist/fonts/type1/public/amsfonts/cm/cmmi7.pfb></usr/local/texlive/2023/texmf-dist/fonts/type1/public/amsfonts/cm/cmr10.pfb></usr/local/texlive/2023/texmf-dist/fonts/type1/public/amsfonts/cm/cmr12.pfb></usr/local/texlive/2023/texmf-dist/fonts/type1/public/amsfonts/cm/cmr7.pfb></usr/local/texlive/2023/texmf-dist/fonts/type1/public/amsfonts/cm/cmsy10.pfb></usr/local/texlive/2023/texmf-dist/fonts/type1/public/amsfonts/cm/cmsy7.pfb></usr/local/texlive/2023/texmf-dist/fonts/type1/public/amsfonts/symbols/msam10.pfb></usr/local/texlive/2023/texmf-dist/fonts/type1/public/amsfonts/symbols/msbm10.pfb></usr/local/texlive/2023/texmf-dist/fonts/type1/public/rsfs/rsfs10.pfb></usr/local/texlive/2023/texmf-dist/fonts/type1/public/cm-super/sfbx1440.pfb></usr/local/texlive/2023/texmf-dist/fonts/type1/public/cm-super/sfbx2074.pfb></usr/local/texlive/2023/texmf-dist/fonts/type1/public/cm-super/sfbx2986.pfb></usr/local/texlive/2023/texmf-dist/fonts/type1/public/cm-super/sfbx3583.pfb></usr/local/texlive/2023/texmf-dist/fonts/type1/public/cm-super/sfrm1000.pfb></usr/local/texlive/2023/texmf-dist/fonts/type1/public/cm-super/sfrm1200.pfb></usr/local/texlive/2023/texmf-dist/fonts/type1/public/cm-super/sfrm1440.pfb></usr/local/texlive/2023/texmf-dist/fonts/type1/public/cm-super/sfrm2986.pfb></usr/local/texlive/2023/texmf-dist/fonts/type1/public/cm-super/sfrm3583.pfb></usr/local/texlive/2023/texmf-dist/fonts/type1/public/cm-super/sfti1440.pfb></usr/local/texlive/2023/texmf-dist/fonts/type1/public/cm-super/sfxc1728.pfb></usr/local/texlive/2023/texmf-dist/fonts/type1/public/cm-super/sfxc2074.pfb></usr/local/texlive/2023/texmf-dist/fonts/type1/public/cm-super/sfxc3583.pfb>
Output written on "Miscellaneous Facts.pdf" (119 pages, 2678899 bytes).
PDF statistics:
 1388 PDF objects out of 1440 (max. 8388607)
 1063 compressed objects within 11 object streams
 420 named destinations out of 1000 (max. 500000)
 581 words of extra memory for PDF output out of 10000 (max. 10000000)

